2023-12-16 19:29:44,960 INFO - helpers.log_helper - Completed configuring logger.
2023-12-16 19:29:44,960 INFO - __main__ - Python version is 3.11.6
2023-12-16 19:29:44,961 INFO - __main__ - Current commit of code: ___
2023-12-16 19:29:45,009 INFO - __main__ - Original sl: 0.561383150838881, su: 0.8891994588967228, strue: 0.7167858618828377
2023-12-16 19:29:45,010 INFO - __main__ - Transfomed sl: 0.561383150838881, su: 0.8891994588967228, lambda2: 0.0001, true: 2.3702712040875116
2023-12-16 19:29:45,534 INFO - __main__ - [iter 1] reward_batch: -1.8819670290788715, max_reward: -1.161117813220633, max_reward_batch: -1.161117813220633
2023-12-16 19:29:45,534 INFO - __main__ - graph true: [[0 1 0 0 0 0 0 0 0 0 0 1]
 [0 0 0 0 0 0 0 0 0 0 0 0]
 [1 0 0 0 0 0 0 0 0 0 0 0]
 [1 0 0 0 0 0 0 0 0 0 0 0]
 [0 0 0 0 0 1 0 0 0 0 0 1]
 [0 0 0 0 0 0 0 1 0 0 0 0]
 [0 0 0 0 0 0 0 0 0 0 0 0]
 [0 0 0 0 0 0 0 0 0 0 0 0]
 [0 0 0 0 0 0 0 1 0 0 0 0]
 [0 0 0 0 0 0 0 0 0 0 1 0]
 [0 0 0 0 0 0 0 0 1 0 0 0]
 [0 0 0 0 0 0 0 0 1 0 1 0]]
2023-12-16 19:29:45,536 INFO - __main__ - =====================================
2023-12-16 19:30:07,588 INFO - __main__ - [iter 500] reward_batch: -2.4866056337710853, max_reward: -0.715331908622041, max_reward_batch: -1.695697505712377
2023-12-16 19:30:07,589 INFO - __main__ - graph true: [[0 1 0 0 0 0 0 0 0 0 0 1]
 [0 0 0 0 0 0 0 0 0 0 0 0]
 [1 0 0 0 0 0 0 0 0 0 0 0]
 [1 0 0 0 0 0 0 0 0 0 0 0]
 [0 0 0 0 0 1 0 0 0 0 0 1]
 [0 0 0 0 0 0 0 1 0 0 0 0]
 [0 0 0 0 0 0 0 0 0 0 0 0]
 [0 0 0 0 0 0 0 0 0 0 0 0]
 [0 0 0 0 0 0 0 1 0 0 0 0]
 [0 0 0 0 0 0 0 0 0 0 1 0]
 [0 0 0 0 0 0 0 0 1 0 0 0]
 [0 0 0 0 0 0 0 0 1 0 1 0]]
2023-12-16 19:30:07,590 INFO - __main__ - =====================================
2023-12-16 19:30:28,471 INFO - __main__ - before pruning: fdr 0.8795180722891566, tpr 0.8333333333333334, fpr 1.3518518518518519, shd 55, nnz 83
2023-12-16 19:30:28,471 INFO - __main__ - after  pruning: fdr 0.5454545454545454, tpr 0.4166666666666667, fpr 0.1111111111111111, shd 10, nnz 11
2023-12-16 19:30:28,507 INFO - __main__ - [iter 1000] reward_batch: -14.087080809898273, max_reward: -10.941312926688449, max_reward_batch: -12.012933870562204
2023-12-16 19:30:28,508 INFO - __main__ - graph true: [[0 1 0 0 0 0 0 0 0 0 0 1]
 [0 0 0 0 0 0 0 0 0 0 0 0]
 [1 0 0 0 0 0 0 0 0 0 0 0]
 [1 0 0 0 0 0 0 0 0 0 0 0]
 [0 0 0 0 0 1 0 0 0 0 0 1]
 [0 0 0 0 0 0 0 1 0 0 0 0]
 [0 0 0 0 0 0 0 0 0 0 0 0]
 [0 0 0 0 0 0 0 0 0 0 0 0]
 [0 0 0 0 0 0 0 1 0 0 0 0]
 [0 0 0 0 0 0 0 0 0 0 1 0]
 [0 0 0 0 0 0 0 0 1 0 0 0]
 [0 0 0 0 0 0 0 0 1 0 1 0]]
2023-12-16 19:30:28,509 INFO - __main__ - =====================================
2023-12-16 19:30:50,281 INFO - __main__ - [iter 1500] reward_batch: -12.961577810200557, max_reward: -8.171260204820276, max_reward_batch: -11.39076304783797
2023-12-16 19:30:50,282 INFO - __main__ - graph true: [[0 1 0 0 0 0 0 0 0 0 0 1]
 [0 0 0 0 0 0 0 0 0 0 0 0]
 [1 0 0 0 0 0 0 0 0 0 0 0]
 [1 0 0 0 0 0 0 0 0 0 0 0]
 [0 0 0 0 0 1 0 0 0 0 0 1]
 [0 0 0 0 0 0 0 1 0 0 0 0]
 [0 0 0 0 0 0 0 0 0 0 0 0]
 [0 0 0 0 0 0 0 0 0 0 0 0]
 [0 0 0 0 0 0 0 1 0 0 0 0]
 [0 0 0 0 0 0 0 0 0 0 1 0]
 [0 0 0 0 0 0 0 0 1 0 0 0]
 [0 0 0 0 0 0 0 0 1 0 1 0]]
2023-12-16 19:30:50,283 INFO - __main__ - =====================================
2023-12-16 19:31:11,873 INFO - __main__ - before pruning: fdr 0.9056603773584906, tpr 0.4166666666666667, fpr 0.8888888888888888, shd 47, nnz 53
2023-12-16 19:31:11,874 INFO - __main__ - after  pruning: fdr 0.7, tpr 0.25, fpr 0.12962962962962962, shd 13, nnz 10
2023-12-16 19:31:11,911 INFO - __main__ - [iter 2000] reward_batch: -20.081693631924573, max_reward: -14.838856358737996, max_reward_batch: -15.923700514644185
2023-12-16 19:31:11,912 INFO - __main__ - graph true: [[0 1 0 0 0 0 0 0 0 0 0 1]
 [0 0 0 0 0 0 0 0 0 0 0 0]
 [1 0 0 0 0 0 0 0 0 0 0 0]
 [1 0 0 0 0 0 0 0 0 0 0 0]
 [0 0 0 0 0 1 0 0 0 0 0 1]
 [0 0 0 0 0 0 0 1 0 0 0 0]
 [0 0 0 0 0 0 0 0 0 0 0 0]
 [0 0 0 0 0 0 0 0 0 0 0 0]
 [0 0 0 0 0 0 0 1 0 0 0 0]
 [0 0 0 0 0 0 0 0 0 0 1 0]
 [0 0 0 0 0 0 0 0 1 0 0 0]
 [0 0 0 0 0 0 0 0 1 0 1 0]]
2023-12-16 19:31:11,913 INFO - __main__ - =====================================
2023-12-16 19:31:31,097 INFO - __main__ - [iter 2500] reward_batch: -45.96000326379146, max_reward: -14.22474767186955, max_reward_batch: -20.249380125328933
2023-12-16 19:31:31,097 INFO - __main__ - graph true: [[0 1 0 0 0 0 0 0 0 0 0 1]
 [0 0 0 0 0 0 0 0 0 0 0 0]
 [1 0 0 0 0 0 0 0 0 0 0 0]
 [1 0 0 0 0 0 0 0 0 0 0 0]
 [0 0 0 0 0 1 0 0 0 0 0 1]
 [0 0 0 0 0 0 0 1 0 0 0 0]
 [0 0 0 0 0 0 0 0 0 0 0 0]
 [0 0 0 0 0 0 0 0 0 0 0 0]
 [0 0 0 0 0 0 0 1 0 0 0 0]
 [0 0 0 0 0 0 0 0 0 0 1 0]
 [0 0 0 0 0 0 0 0 1 0 0 0]
 [0 0 0 0 0 0 0 0 1 0 1 0]]
2023-12-16 19:31:31,098 INFO - __main__ - =====================================
2023-12-16 19:31:51,555 INFO - __main__ - before pruning: fdr 0.8958333333333334, tpr 0.4166666666666667, fpr 0.7962962962962963, shd 39, nnz 48
2023-12-16 19:31:51,556 INFO - __main__ - after  pruning: fdr 0.7142857142857143, tpr 0.16666666666666666, fpr 0.09259259259259259, shd 12, nnz 7
2023-12-16 19:31:51,594 INFO - __main__ - [iter 3000] reward_batch: -36.144867580495024, max_reward: -20.024747671869548, max_reward_batch: -26.98624622043927
2023-12-16 19:31:51,595 INFO - __main__ - graph true: [[0 1 0 0 0 0 0 0 0 0 0 1]
 [0 0 0 0 0 0 0 0 0 0 0 0]
 [1 0 0 0 0 0 0 0 0 0 0 0]
 [1 0 0 0 0 0 0 0 0 0 0 0]
 [0 0 0 0 0 1 0 0 0 0 0 1]
 [0 0 0 0 0 0 0 1 0 0 0 0]
 [0 0 0 0 0 0 0 0 0 0 0 0]
 [0 0 0 0 0 0 0 0 0 0 0 0]
 [0 0 0 0 0 0 0 1 0 0 0 0]
 [0 0 0 0 0 0 0 0 0 0 1 0]
 [0 0 0 0 0 0 0 0 1 0 0 0]
 [0 0 0 0 0 0 0 0 1 0 1 0]]
2023-12-16 19:31:51,595 INFO - __main__ - =====================================
2023-12-16 19:32:10,612 INFO - __main__ - [iter 3500] reward_batch: -48.66324293820553, max_reward: -20.024747671869548, max_reward_batch: -33.153494748783714
2023-12-16 19:32:10,613 INFO - __main__ - graph true: [[0 1 0 0 0 0 0 0 0 0 0 1]
 [0 0 0 0 0 0 0 0 0 0 0 0]
 [1 0 0 0 0 0 0 0 0 0 0 0]
 [1 0 0 0 0 0 0 0 0 0 0 0]
 [0 0 0 0 0 1 0 0 0 0 0 1]
 [0 0 0 0 0 0 0 1 0 0 0 0]
 [0 0 0 0 0 0 0 0 0 0 0 0]
 [0 0 0 0 0 0 0 0 0 0 0 0]
 [0 0 0 0 0 0 0 1 0 0 0 0]
 [0 0 0 0 0 0 0 0 0 0 1 0]
 [0 0 0 0 0 0 0 0 1 0 0 0]
 [0 0 0 0 0 0 0 0 1 0 1 0]]
2023-12-16 19:32:10,614 INFO - __main__ - =====================================
2023-12-16 19:32:30,338 INFO - __main__ - before pruning: fdr 0.8958333333333334, tpr 0.4166666666666667, fpr 0.7962962962962963, shd 39, nnz 48
2023-12-16 19:32:30,339 INFO - __main__ - after  pruning: fdr 0.7142857142857143, tpr 0.16666666666666666, fpr 0.09259259259259259, shd 12, nnz 7
2023-12-16 19:32:30,375 INFO - __main__ - [iter 4000] reward_batch: -71.14618406487673, max_reward: -25.824747671869552, max_reward_batch: -51.81644609374057
2023-12-16 19:32:30,376 INFO - __main__ - graph true: [[0 1 0 0 0 0 0 0 0 0 0 1]
 [0 0 0 0 0 0 0 0 0 0 0 0]
 [1 0 0 0 0 0 0 0 0 0 0 0]
 [1 0 0 0 0 0 0 0 0 0 0 0]
 [0 0 0 0 0 1 0 0 0 0 0 1]
 [0 0 0 0 0 0 0 1 0 0 0 0]
 [0 0 0 0 0 0 0 0 0 0 0 0]
 [0 0 0 0 0 0 0 0 0 0 0 0]
 [0 0 0 0 0 0 0 1 0 0 0 0]
 [0 0 0 0 0 0 0 0 0 0 1 0]
 [0 0 0 0 0 0 0 0 1 0 0 0]
 [0 0 0 0 0 0 0 0 1 0 1 0]]
2023-12-16 19:32:30,377 INFO - __main__ - =====================================
2023-12-16 19:32:49,685 INFO - __main__ - [iter 4500] reward_batch: -47.583476826333346, max_reward: -25.824747671869552, max_reward_batch: -32.23197842017336
2023-12-16 19:32:49,686 INFO - __main__ - graph true: [[0 1 0 0 0 0 0 0 0 0 0 1]
 [0 0 0 0 0 0 0 0 0 0 0 0]
 [1 0 0 0 0 0 0 0 0 0 0 0]
 [1 0 0 0 0 0 0 0 0 0 0 0]
 [0 0 0 0 0 1 0 0 0 0 0 1]
 [0 0 0 0 0 0 0 1 0 0 0 0]
 [0 0 0 0 0 0 0 0 0 0 0 0]
 [0 0 0 0 0 0 0 0 0 0 0 0]
 [0 0 0 0 0 0 0 1 0 0 0 0]
 [0 0 0 0 0 0 0 0 0 0 1 0]
 [0 0 0 0 0 0 0 0 1 0 0 0]
 [0 0 0 0 0 0 0 0 1 0 1 0]]
2023-12-16 19:32:49,687 INFO - __main__ - =====================================
2023-12-16 19:33:09,686 INFO - __main__ - before pruning: fdr 0.9130434782608695, tpr 0.3333333333333333, fpr 0.7777777777777778, shd 37, nnz 46
2023-12-16 19:33:09,686 INFO - __main__ - after  pruning: fdr 0.8, tpr 0.08333333333333333, fpr 0.07407407407407407, shd 12, nnz 5
2023-12-16 19:33:09,724 INFO - __main__ - [iter 5000] reward_batch: -56.66558902072438, max_reward: -31.303113464854917, max_reward_batch: -41.504599964817494
2023-12-16 19:33:09,725 INFO - __main__ - graph true: [[0 1 0 0 0 0 0 0 0 0 0 1]
 [0 0 0 0 0 0 0 0 0 0 0 0]
 [1 0 0 0 0 0 0 0 0 0 0 0]
 [1 0 0 0 0 0 0 0 0 0 0 0]
 [0 0 0 0 0 1 0 0 0 0 0 1]
 [0 0 0 0 0 0 0 1 0 0 0 0]
 [0 0 0 0 0 0 0 0 0 0 0 0]
 [0 0 0 0 0 0 0 0 0 0 0 0]
 [0 0 0 0 0 0 0 1 0 0 0 0]
 [0 0 0 0 0 0 0 0 0 0 1 0]
 [0 0 0 0 0 0 0 0 1 0 0 0]
 [0 0 0 0 0 0 0 0 1 0 1 0]]
2023-12-16 19:33:09,726 INFO - __main__ - =====================================
2023-12-16 19:33:28,489 INFO - __main__ - [iter 5500] reward_batch: -81.74709631085616, max_reward: -31.303113464854917, max_reward_batch: -69.04339129276832
2023-12-16 19:33:28,489 INFO - __main__ - graph true: [[0 1 0 0 0 0 0 0 0 0 0 1]
 [0 0 0 0 0 0 0 0 0 0 0 0]
 [1 0 0 0 0 0 0 0 0 0 0 0]
 [1 0 0 0 0 0 0 0 0 0 0 0]
 [0 0 0 0 0 1 0 0 0 0 0 1]
 [0 0 0 0 0 0 0 1 0 0 0 0]
 [0 0 0 0 0 0 0 0 0 0 0 0]
 [0 0 0 0 0 0 0 0 0 0 0 0]
 [0 0 0 0 0 0 0 1 0 0 0 0]
 [0 0 0 0 0 0 0 0 0 0 1 0]
 [0 0 0 0 0 0 0 0 1 0 0 0]
 [0 0 0 0 0 0 0 0 1 0 1 0]]
2023-12-16 19:33:28,490 INFO - __main__ - =====================================
2023-12-16 19:33:49,535 INFO - __main__ - before pruning: fdr 0.9130434782608695, tpr 0.3333333333333333, fpr 0.7777777777777778, shd 37, nnz 46
2023-12-16 19:33:49,535 INFO - __main__ - after  pruning: fdr 0.8, tpr 0.08333333333333333, fpr 0.07407407407407407, shd 12, nnz 5
2023-12-16 19:33:49,573 INFO - __main__ - [iter 6000] reward_batch: -63.18799179540863, max_reward: -35.90311346485491, max_reward_batch: -50.05327965663324
2023-12-16 19:33:49,574 INFO - __main__ - graph true: [[0 1 0 0 0 0 0 0 0 0 0 1]
 [0 0 0 0 0 0 0 0 0 0 0 0]
 [1 0 0 0 0 0 0 0 0 0 0 0]
 [1 0 0 0 0 0 0 0 0 0 0 0]
 [0 0 0 0 0 1 0 0 0 0 0 1]
 [0 0 0 0 0 0 0 1 0 0 0 0]
 [0 0 0 0 0 0 0 0 0 0 0 0]
 [0 0 0 0 0 0 0 0 0 0 0 0]
 [0 0 0 0 0 0 0 1 0 0 0 0]
 [0 0 0 0 0 0 0 0 0 0 1 0]
 [0 0 0 0 0 0 0 0 1 0 0 0]
 [0 0 0 0 0 0 0 0 1 0 1 0]]
2023-12-16 19:33:49,575 INFO - __main__ - =====================================
2023-12-16 19:34:08,441 INFO - __main__ - [iter 6500] reward_batch: -63.51631603459075, max_reward: -35.90311346485491, max_reward_batch: -52.92225433065539
2023-12-16 19:34:08,441 INFO - __main__ - graph true: [[0 1 0 0 0 0 0 0 0 0 0 1]
 [0 0 0 0 0 0 0 0 0 0 0 0]
 [1 0 0 0 0 0 0 0 0 0 0 0]
 [1 0 0 0 0 0 0 0 0 0 0 0]
 [0 0 0 0 0 1 0 0 0 0 0 1]
 [0 0 0 0 0 0 0 1 0 0 0 0]
 [0 0 0 0 0 0 0 0 0 0 0 0]
 [0 0 0 0 0 0 0 0 0 0 0 0]
 [0 0 0 0 0 0 0 1 0 0 0 0]
 [0 0 0 0 0 0 0 0 0 0 1 0]
 [0 0 0 0 0 0 0 0 1 0 0 0]
 [0 0 0 0 0 0 0 0 1 0 1 0]]
2023-12-16 19:34:08,442 INFO - __main__ - =====================================
2023-12-16 19:34:29,406 INFO - __main__ - before pruning: fdr 0.9333333333333333, tpr 0.25, fpr 0.7777777777777778, shd 39, nnz 45
2023-12-16 19:34:29,407 INFO - __main__ - after  pruning: fdr 0.6666666666666666, tpr 0.16666666666666666, fpr 0.07407407407407407, shd 12, nnz 6
2023-12-16 19:34:29,444 INFO - __main__ - [iter 7000] reward_batch: -59.17881972213663, max_reward: -39.84916083211333, max_reward_batch: -50.12447683964331
2023-12-16 19:34:29,444 INFO - __main__ - graph true: [[0 1 0 0 0 0 0 0 0 0 0 1]
 [0 0 0 0 0 0 0 0 0 0 0 0]
 [1 0 0 0 0 0 0 0 0 0 0 0]
 [1 0 0 0 0 0 0 0 0 0 0 0]
 [0 0 0 0 0 1 0 0 0 0 0 1]
 [0 0 0 0 0 0 0 1 0 0 0 0]
 [0 0 0 0 0 0 0 0 0 0 0 0]
 [0 0 0 0 0 0 0 0 0 0 0 0]
 [0 0 0 0 0 0 0 1 0 0 0 0]
 [0 0 0 0 0 0 0 0 0 0 1 0]
 [0 0 0 0 0 0 0 0 1 0 0 0]
 [0 0 0 0 0 0 0 0 1 0 1 0]]
2023-12-16 19:34:29,445 INFO - __main__ - =====================================
2023-12-16 19:34:49,022 INFO - __main__ - [iter 7500] reward_batch: -59.33992149213816, max_reward: -39.84916083211333, max_reward_batch: -52.92258290774144
2023-12-16 19:34:49,023 INFO - __main__ - graph true: [[0 1 0 0 0 0 0 0 0 0 0 1]
 [0 0 0 0 0 0 0 0 0 0 0 0]
 [1 0 0 0 0 0 0 0 0 0 0 0]
 [1 0 0 0 0 0 0 0 0 0 0 0]
 [0 0 0 0 0 1 0 0 0 0 0 1]
 [0 0 0 0 0 0 0 1 0 0 0 0]
 [0 0 0 0 0 0 0 0 0 0 0 0]
 [0 0 0 0 0 0 0 0 0 0 0 0]
 [0 0 0 0 0 0 0 1 0 0 0 0]
 [0 0 0 0 0 0 0 0 0 0 1 0]
 [0 0 0 0 0 0 0 0 1 0 0 0]
 [0 0 0 0 0 0 0 0 1 0 1 0]]
2023-12-16 19:34:49,024 INFO - __main__ - =====================================
2023-12-16 19:35:10,323 INFO - __main__ - before pruning: fdr 0.9333333333333333, tpr 0.25, fpr 0.7777777777777778, shd 39, nnz 45
2023-12-16 19:35:10,324 INFO - __main__ - after  pruning: fdr 0.6666666666666666, tpr 0.16666666666666666, fpr 0.07407407407407407, shd 12, nnz 6
2023-12-16 19:35:10,361 INFO - __main__ - [iter 8000] reward_batch: -104.60902565225854, max_reward: -44.34916083211333, max_reward_batch: -75.9760461254418
2023-12-16 19:35:10,361 INFO - __main__ - graph true: [[0 1 0 0 0 0 0 0 0 0 0 1]
 [0 0 0 0 0 0 0 0 0 0 0 0]
 [1 0 0 0 0 0 0 0 0 0 0 0]
 [1 0 0 0 0 0 0 0 0 0 0 0]
 [0 0 0 0 0 1 0 0 0 0 0 1]
 [0 0 0 0 0 0 0 1 0 0 0 0]
 [0 0 0 0 0 0 0 0 0 0 0 0]
 [0 0 0 0 0 0 0 0 0 0 0 0]
 [0 0 0 0 0 0 0 1 0 0 0 0]
 [0 0 0 0 0 0 0 0 0 0 1 0]
 [0 0 0 0 0 0 0 0 1 0 0 0]
 [0 0 0 0 0 0 0 0 1 0 1 0]]
2023-12-16 19:35:10,362 INFO - __main__ - =====================================
2023-12-16 19:35:29,252 INFO - __main__ - [iter 8500] reward_batch: -98.36667475633048, max_reward: -44.34916083211333, max_reward_batch: -79.86303203636939
2023-12-16 19:35:29,253 INFO - __main__ - graph true: [[0 1 0 0 0 0 0 0 0 0 0 1]
 [0 0 0 0 0 0 0 0 0 0 0 0]
 [1 0 0 0 0 0 0 0 0 0 0 0]
 [1 0 0 0 0 0 0 0 0 0 0 0]
 [0 0 0 0 0 1 0 0 0 0 0 1]
 [0 0 0 0 0 0 0 1 0 0 0 0]
 [0 0 0 0 0 0 0 0 0 0 0 0]
 [0 0 0 0 0 0 0 0 0 0 0 0]
 [0 0 0 0 0 0 0 1 0 0 0 0]
 [0 0 0 0 0 0 0 0 0 0 1 0]
 [0 0 0 0 0 0 0 0 1 0 0 0]
 [0 0 0 0 0 0 0 0 1 0 1 0]]
2023-12-16 19:35:29,254 INFO - __main__ - =====================================
2023-12-16 19:35:51,505 INFO - __main__ - before pruning: fdr 0.9333333333333333, tpr 0.25, fpr 0.7777777777777778, shd 39, nnz 45
2023-12-16 19:35:51,505 INFO - __main__ - after  pruning: fdr 0.6666666666666666, tpr 0.16666666666666666, fpr 0.07407407407407407, shd 12, nnz 6
2023-12-16 19:35:51,539 INFO - __main__ - [iter 9000] reward_batch: -79.01886462321829, max_reward: -48.84916083211332, max_reward_batch: -64.82387348672668
2023-12-16 19:35:51,540 INFO - __main__ - graph true: [[0 1 0 0 0 0 0 0 0 0 0 1]
 [0 0 0 0 0 0 0 0 0 0 0 0]
 [1 0 0 0 0 0 0 0 0 0 0 0]
 [1 0 0 0 0 0 0 0 0 0 0 0]
 [0 0 0 0 0 1 0 0 0 0 0 1]
 [0 0 0 0 0 0 0 1 0 0 0 0]
 [0 0 0 0 0 0 0 0 0 0 0 0]
 [0 0 0 0 0 0 0 0 0 0 0 0]
 [0 0 0 0 0 0 0 1 0 0 0 0]
 [0 0 0 0 0 0 0 0 0 0 1 0]
 [0 0 0 0 0 0 0 0 1 0 0 0]
 [0 0 0 0 0 0 0 0 1 0 1 0]]
2023-12-16 19:35:51,541 INFO - __main__ - =====================================
2023-12-16 19:36:12,012 INFO - __main__ - [iter 9500] reward_batch: -124.19868695992969, max_reward: -48.84916083211332, max_reward_batch: -71.8086263961043
2023-12-16 19:36:12,012 INFO - __main__ - graph true: [[0 1 0 0 0 0 0 0 0 0 0 1]
 [0 0 0 0 0 0 0 0 0 0 0 0]
 [1 0 0 0 0 0 0 0 0 0 0 0]
 [1 0 0 0 0 0 0 0 0 0 0 0]
 [0 0 0 0 0 1 0 0 0 0 0 1]
 [0 0 0 0 0 0 0 1 0 0 0 0]
 [0 0 0 0 0 0 0 0 0 0 0 0]
 [0 0 0 0 0 0 0 0 0 0 0 0]
 [0 0 0 0 0 0 0 1 0 0 0 0]
 [0 0 0 0 0 0 0 0 0 0 1 0]
 [0 0 0 0 0 0 0 0 1 0 0 0]
 [0 0 0 0 0 0 0 0 1 0 1 0]]
2023-12-16 19:36:12,014 INFO - __main__ - =====================================
2023-12-16 19:36:35,715 INFO - __main__ - before pruning: fdr 0.9333333333333333, tpr 0.25, fpr 0.7777777777777778, shd 39, nnz 45
2023-12-16 19:36:35,715 INFO - __main__ - after  pruning: fdr 0.6666666666666666, tpr 0.16666666666666666, fpr 0.07407407407407407, shd 12, nnz 6
2023-12-16 19:36:35,751 INFO - __main__ - [iter 10000] reward_batch: -76.28950017638196, max_reward: -53.34916083211332, max_reward_batch: -67.00600958357245
2023-12-16 19:36:35,752 INFO - __main__ - graph true: [[0 1 0 0 0 0 0 0 0 0 0 1]
 [0 0 0 0 0 0 0 0 0 0 0 0]
 [1 0 0 0 0 0 0 0 0 0 0 0]
 [1 0 0 0 0 0 0 0 0 0 0 0]
 [0 0 0 0 0 1 0 0 0 0 0 1]
 [0 0 0 0 0 0 0 1 0 0 0 0]
 [0 0 0 0 0 0 0 0 0 0 0 0]
 [0 0 0 0 0 0 0 0 0 0 0 0]
 [0 0 0 0 0 0 0 1 0 0 0 0]
 [0 0 0 0 0 0 0 0 0 0 1 0]
 [0 0 0 0 0 0 0 0 1 0 0 0]
 [0 0 0 0 0 0 0 0 1 0 1 0]]
2023-12-16 19:36:35,753 INFO - __main__ - =====================================
