2024-01-05 15:40:14,727 INFO - helpers.log_helper - Completed configuring logger.
2024-01-05 15:40:14,728 INFO - __main__ - Python version is 3.11.6
2024-01-05 15:40:14,728 INFO - __main__ - Current commit of code: ___
2024-01-05 15:40:15,189 INFO - __main__ - Original sl: 0.561383150838881, su: 0.8891994588967228, strue: 0.7167858618828377
2024-01-05 15:40:15,190 INFO - __main__ - Transfomed sl: 0.561383150838881, su: 0.8891994588967228, lambda2: 0.0001, true: 2.3702712040875116
2024-01-05 15:40:17,786 INFO - __main__ - [iter 1] reward_batch: -2.0145603174485904, max_reward: -1.0957861951090868, max_reward_batch: -1.0957861951090868
2024-01-05 15:40:17,787 INFO - __main__ - graph true:
 [[0 1 0 0 0 0 0 0 0 0 0 1]
 [0 0 0 0 0 0 0 0 0 0 0 0]
 [1 0 0 0 0 0 0 0 0 0 0 0]
 [1 0 0 0 0 0 0 0 0 0 0 0]
 [0 0 0 0 0 1 0 0 0 0 0 1]
 [0 0 0 0 0 0 0 1 0 0 0 0]
 [0 0 0 0 0 0 0 0 0 0 0 0]
 [0 0 0 0 0 0 0 0 0 0 0 0]
 [0 0 0 0 0 0 0 1 0 0 0 0]
 [0 0 0 0 0 0 0 0 0 0 1 0]
 [0 0 0 0 0 0 0 0 1 0 0 0]
 [0 0 0 0 0 0 0 0 1 0 1 0]]
2024-01-05 15:40:17,788 INFO - __main__ - =====================================
2024-01-05 15:40:49,587 INFO - __main__ - [iter 500] reward_batch: -2.0849848914593294, max_reward: -0.6935441220302281, max_reward_batch: -1.2618374322146397
2024-01-05 15:40:49,588 INFO - __main__ - graph true:
 [[0 1 0 0 0 0 0 0 0 0 0 1]
 [0 0 0 0 0 0 0 0 0 0 0 0]
 [1 0 0 0 0 0 0 0 0 0 0 0]
 [1 0 0 0 0 0 0 0 0 0 0 0]
 [0 0 0 0 0 1 0 0 0 0 0 1]
 [0 0 0 0 0 0 0 1 0 0 0 0]
 [0 0 0 0 0 0 0 0 0 0 0 0]
 [0 0 0 0 0 0 0 0 0 0 0 0]
 [0 0 0 0 0 0 0 1 0 0 0 0]
 [0 0 0 0 0 0 0 0 0 0 1 0]
 [0 0 0 0 0 0 0 0 1 0 0 0]
 [0 0 0 0 0 0 0 0 1 0 1 0]]
2024-01-05 15:40:49,590 INFO - __main__ - =====================================
2024-01-05 15:41:19,330 INFO - __main__ - before pruning: fdr 0.8620689655172413, tpr 1.0, fpr 1.3888888888888888, shd 55, nnz 87
2024-01-05 15:41:19,330 INFO - __main__ - after  pruning: fdr 0.5, tpr 0.4166666666666667, fpr 0.09259259259259259, shd 10, nnz 10
2024-01-05 15:41:19,375 INFO - __main__ - [iter 1000] reward_batch: -4.2761282014420665, max_reward: -3.0014870568719343, max_reward_batch: -3.5413423390642436
2024-01-05 15:41:19,376 INFO - __main__ - graph true:
 [[0 1 0 0 0 0 0 0 0 0 0 1]
 [0 0 0 0 0 0 0 0 0 0 0 0]
 [1 0 0 0 0 0 0 0 0 0 0 0]
 [1 0 0 0 0 0 0 0 0 0 0 0]
 [0 0 0 0 0 1 0 0 0 0 0 1]
 [0 0 0 0 0 0 0 1 0 0 0 0]
 [0 0 0 0 0 0 0 0 0 0 0 0]
 [0 0 0 0 0 0 0 0 0 0 0 0]
 [0 0 0 0 0 0 0 1 0 0 0 0]
 [0 0 0 0 0 0 0 0 0 0 1 0]
 [0 0 0 0 0 0 0 0 1 0 0 0]
 [0 0 0 0 0 0 0 0 1 0 1 0]]
2024-01-05 15:41:19,377 INFO - __main__ - =====================================
2024-01-05 15:41:43,403 INFO - __main__ - [iter 1500] reward_batch: -3.8091097429554552, max_reward: -2.2044910949052636, max_reward_batch: -3.052469270129307
2024-01-05 15:41:43,404 INFO - __main__ - graph true:
 [[0 1 0 0 0 0 0 0 0 0 0 1]
 [0 0 0 0 0 0 0 0 0 0 0 0]
 [1 0 0 0 0 0 0 0 0 0 0 0]
 [1 0 0 0 0 0 0 0 0 0 0 0]
 [0 0 0 0 0 1 0 0 0 0 0 1]
 [0 0 0 0 0 0 0 1 0 0 0 0]
 [0 0 0 0 0 0 0 0 0 0 0 0]
 [0 0 0 0 0 0 0 0 0 0 0 0]
 [0 0 0 0 0 0 0 1 0 0 0 0]
 [0 0 0 0 0 0 0 0 0 0 1 0]
 [0 0 0 0 0 0 0 0 1 0 0 0]
 [0 0 0 0 0 0 0 0 1 0 1 0]]
2024-01-05 15:41:43,405 INFO - __main__ - =====================================
2024-01-05 15:42:06,125 INFO - __main__ - before pruning: fdr 0.847457627118644, tpr 0.75, fpr 0.9259259259259259, shd 45, nnz 59
2024-01-05 15:42:06,125 INFO - __main__ - after  pruning: fdr 0.45454545454545453, tpr 0.5, fpr 0.09259259259259259, shd 10, nnz 11
2024-01-05 15:42:06,172 INFO - __main__ - [iter 2000] reward_batch: -32.79665475970315, max_reward: -5.130744604426749, max_reward_batch: -15.019152650744914
2024-01-05 15:42:06,173 INFO - __main__ - graph true:
 [[0 1 0 0 0 0 0 0 0 0 0 1]
 [0 0 0 0 0 0 0 0 0 0 0 0]
 [1 0 0 0 0 0 0 0 0 0 0 0]
 [1 0 0 0 0 0 0 0 0 0 0 0]
 [0 0 0 0 0 1 0 0 0 0 0 1]
 [0 0 0 0 0 0 0 1 0 0 0 0]
 [0 0 0 0 0 0 0 0 0 0 0 0]
 [0 0 0 0 0 0 0 0 0 0 0 0]
 [0 0 0 0 0 0 0 1 0 0 0 0]
 [0 0 0 0 0 0 0 0 0 0 1 0]
 [0 0 0 0 0 0 0 0 1 0 0 0]
 [0 0 0 0 0 0 0 0 1 0 1 0]]
2024-01-05 15:42:06,175 INFO - __main__ - =====================================
2024-01-05 15:42:29,172 INFO - __main__ - [iter 2500] reward_batch: -13.848957188480536, max_reward: -4.5692565331385335, max_reward_batch: -7.167758644512087
2024-01-05 15:42:29,173 INFO - __main__ - graph true:
 [[0 1 0 0 0 0 0 0 0 0 0 1]
 [0 0 0 0 0 0 0 0 0 0 0 0]
 [1 0 0 0 0 0 0 0 0 0 0 0]
 [1 0 0 0 0 0 0 0 0 0 0 0]
 [0 0 0 0 0 1 0 0 0 0 0 1]
 [0 0 0 0 0 0 0 1 0 0 0 0]
 [0 0 0 0 0 0 0 0 0 0 0 0]
 [0 0 0 0 0 0 0 0 0 0 0 0]
 [0 0 0 0 0 0 0 1 0 0 0 0]
 [0 0 0 0 0 0 0 0 0 0 1 0]
 [0 0 0 0 0 0 0 0 1 0 0 0]
 [0 0 0 0 0 0 0 0 1 0 1 0]]
2024-01-05 15:42:29,174 INFO - __main__ - =====================================
2024-01-05 15:42:49,624 INFO - __main__ - before pruning: fdr 0.86, tpr 0.5833333333333334, fpr 0.7962962962962963, shd 41, nnz 50
2024-01-05 15:42:49,624 INFO - __main__ - after  pruning: fdr 0.375, tpr 0.4166666666666667, fpr 0.05555555555555555, shd 8, nnz 8
2024-01-05 15:42:49,675 INFO - __main__ - [iter 3000] reward_batch: -33.14846540239431, max_reward: -5.091539992656652, max_reward_batch: -8.538657077448333
2024-01-05 15:42:49,675 INFO - __main__ - graph true:
 [[0 1 0 0 0 0 0 0 0 0 0 1]
 [0 0 0 0 0 0 0 0 0 0 0 0]
 [1 0 0 0 0 0 0 0 0 0 0 0]
 [1 0 0 0 0 0 0 0 0 0 0 0]
 [0 0 0 0 0 1 0 0 0 0 0 1]
 [0 0 0 0 0 0 0 1 0 0 0 0]
 [0 0 0 0 0 0 0 0 0 0 0 0]
 [0 0 0 0 0 0 0 0 0 0 0 0]
 [0 0 0 0 0 0 0 1 0 0 0 0]
 [0 0 0 0 0 0 0 0 0 0 1 0]
 [0 0 0 0 0 0 0 0 1 0 0 0]
 [0 0 0 0 0 0 0 0 1 0 1 0]]
2024-01-05 15:42:49,677 INFO - __main__ - =====================================
2024-01-05 15:43:08,928 INFO - __main__ - [iter 3500] reward_batch: -10.667271573980864, max_reward: -5.091539992656652, max_reward_batch: -8.317041723538788
2024-01-05 15:43:08,928 INFO - __main__ - graph true:
 [[0 1 0 0 0 0 0 0 0 0 0 1]
 [0 0 0 0 0 0 0 0 0 0 0 0]
 [1 0 0 0 0 0 0 0 0 0 0 0]
 [1 0 0 0 0 0 0 0 0 0 0 0]
 [0 0 0 0 0 1 0 0 0 0 0 1]
 [0 0 0 0 0 0 0 1 0 0 0 0]
 [0 0 0 0 0 0 0 0 0 0 0 0]
 [0 0 0 0 0 0 0 0 0 0 0 0]
 [0 0 0 0 0 0 0 1 0 0 0 0]
 [0 0 0 0 0 0 0 0 0 0 1 0]
 [0 0 0 0 0 0 0 0 1 0 0 0]
 [0 0 0 0 0 0 0 0 1 0 1 0]]
2024-01-05 15:43:08,930 INFO - __main__ - =====================================
2024-01-05 15:43:29,407 INFO - __main__ - before pruning: fdr 0.86, tpr 0.5833333333333334, fpr 0.7962962962962963, shd 41, nnz 50
2024-01-05 15:43:29,408 INFO - __main__ - after  pruning: fdr 0.375, tpr 0.4166666666666667, fpr 0.05555555555555555, shd 8, nnz 8
2024-01-05 15:43:29,452 INFO - __main__ - [iter 4000] reward_batch: -35.31305782895203, max_reward: -6.091539992656652, max_reward_batch: -19.243584972129938
2024-01-05 15:43:29,452 INFO - __main__ - graph true:
 [[0 1 0 0 0 0 0 0 0 0 0 1]
 [0 0 0 0 0 0 0 0 0 0 0 0]
 [1 0 0 0 0 0 0 0 0 0 0 0]
 [1 0 0 0 0 0 0 0 0 0 0 0]
 [0 0 0 0 0 1 0 0 0 0 0 1]
 [0 0 0 0 0 0 0 1 0 0 0 0]
 [0 0 0 0 0 0 0 0 0 0 0 0]
 [0 0 0 0 0 0 0 0 0 0 0 0]
 [0 0 0 0 0 0 0 1 0 0 0 0]
 [0 0 0 0 0 0 0 0 0 0 1 0]
 [0 0 0 0 0 0 0 0 1 0 0 0]
 [0 0 0 0 0 0 0 0 1 0 1 0]]
2024-01-05 15:43:29,453 INFO - __main__ - =====================================
2024-01-05 15:43:51,255 INFO - __main__ - [iter 4500] reward_batch: -14.620085335746637, max_reward: -6.091539992656652, max_reward_batch: -8.647583719253133
2024-01-05 15:43:51,255 INFO - __main__ - graph true:
 [[0 1 0 0 0 0 0 0 0 0 0 1]
 [0 0 0 0 0 0 0 0 0 0 0 0]
 [1 0 0 0 0 0 0 0 0 0 0 0]
 [1 0 0 0 0 0 0 0 0 0 0 0]
 [0 0 0 0 0 1 0 0 0 0 0 1]
 [0 0 0 0 0 0 0 1 0 0 0 0]
 [0 0 0 0 0 0 0 0 0 0 0 0]
 [0 0 0 0 0 0 0 0 0 0 0 0]
 [0 0 0 0 0 0 0 1 0 0 0 0]
 [0 0 0 0 0 0 0 0 0 0 1 0]
 [0 0 0 0 0 0 0 0 1 0 0 0]
 [0 0 0 0 0 0 0 0 1 0 1 0]]
2024-01-05 15:43:51,257 INFO - __main__ - =====================================
2024-01-05 15:44:11,758 INFO - __main__ - before pruning: fdr 0.86, tpr 0.5833333333333334, fpr 0.7962962962962963, shd 41, nnz 50
2024-01-05 15:44:11,758 INFO - __main__ - after  pruning: fdr 0.375, tpr 0.4166666666666667, fpr 0.05555555555555555, shd 8, nnz 8
2024-01-05 15:44:11,796 INFO - __main__ - [iter 5000] reward_batch: -11.644148636756514, max_reward: -7.091539992656652, max_reward_batch: -8.64917430258099
2024-01-05 15:44:11,807 INFO - __main__ - graph true:
 [[0 1 0 0 0 0 0 0 0 0 0 1]
 [0 0 0 0 0 0 0 0 0 0 0 0]
 [1 0 0 0 0 0 0 0 0 0 0 0]
 [1 0 0 0 0 0 0 0 0 0 0 0]
 [0 0 0 0 0 1 0 0 0 0 0 1]
 [0 0 0 0 0 0 0 1 0 0 0 0]
 [0 0 0 0 0 0 0 0 0 0 0 0]
 [0 0 0 0 0 0 0 0 0 0 0 0]
 [0 0 0 0 0 0 0 1 0 0 0 0]
 [0 0 0 0 0 0 0 0 0 0 1 0]
 [0 0 0 0 0 0 0 0 1 0 0 0]
 [0 0 0 0 0 0 0 0 1 0 1 0]]
2024-01-05 15:44:11,809 INFO - __main__ - =====================================
2024-01-05 15:44:32,975 INFO - __main__ - [iter 5500] reward_batch: -39.33666964416447, max_reward: -7.091539992656652, max_reward_batch: -10.45681258697074
2024-01-05 15:44:32,976 INFO - __main__ - graph true:
 [[0 1 0 0 0 0 0 0 0 0 0 1]
 [0 0 0 0 0 0 0 0 0 0 0 0]
 [1 0 0 0 0 0 0 0 0 0 0 0]
 [1 0 0 0 0 0 0 0 0 0 0 0]
 [0 0 0 0 0 1 0 0 0 0 0 1]
 [0 0 0 0 0 0 0 1 0 0 0 0]
 [0 0 0 0 0 0 0 0 0 0 0 0]
 [0 0 0 0 0 0 0 0 0 0 0 0]
 [0 0 0 0 0 0 0 1 0 0 0 0]
 [0 0 0 0 0 0 0 0 0 0 1 0]
 [0 0 0 0 0 0 0 0 1 0 0 0]
 [0 0 0 0 0 0 0 0 1 0 1 0]]
2024-01-05 15:44:32,977 INFO - __main__ - =====================================
2024-01-05 15:44:54,206 INFO - __main__ - before pruning: fdr 0.86, tpr 0.5833333333333334, fpr 0.7962962962962963, shd 41, nnz 50
2024-01-05 15:44:54,207 INFO - __main__ - after  pruning: fdr 0.375, tpr 0.4166666666666667, fpr 0.05555555555555555, shd 8, nnz 8
2024-01-05 15:44:54,244 INFO - __main__ - [iter 6000] reward_batch: -10.670782807676208, max_reward: -7.091539992656652, max_reward_batch: -8.533803963707914
2024-01-05 15:44:54,244 INFO - __main__ - graph true:
 [[0 1 0 0 0 0 0 0 0 0 0 1]
 [0 0 0 0 0 0 0 0 0 0 0 0]
 [1 0 0 0 0 0 0 0 0 0 0 0]
 [1 0 0 0 0 0 0 0 0 0 0 0]
 [0 0 0 0 0 1 0 0 0 0 0 1]
 [0 0 0 0 0 0 0 1 0 0 0 0]
 [0 0 0 0 0 0 0 0 0 0 0 0]
 [0 0 0 0 0 0 0 0 0 0 0 0]
 [0 0 0 0 0 0 0 1 0 0 0 0]
 [0 0 0 0 0 0 0 0 0 0 1 0]
 [0 0 0 0 0 0 0 0 1 0 0 0]
 [0 0 0 0 0 0 0 0 1 0 1 0]]
2024-01-05 15:44:54,245 INFO - __main__ - =====================================
2024-01-05 15:45:13,461 INFO - __main__ - [iter 6500] reward_batch: -26.906508503885686, max_reward: -7.091539992656652, max_reward_batch: -10.43854971880474
2024-01-05 15:45:13,461 INFO - __main__ - graph true:
 [[0 1 0 0 0 0 0 0 0 0 0 1]
 [0 0 0 0 0 0 0 0 0 0 0 0]
 [1 0 0 0 0 0 0 0 0 0 0 0]
 [1 0 0 0 0 0 0 0 0 0 0 0]
 [0 0 0 0 0 1 0 0 0 0 0 1]
 [0 0 0 0 0 0 0 1 0 0 0 0]
 [0 0 0 0 0 0 0 0 0 0 0 0]
 [0 0 0 0 0 0 0 0 0 0 0 0]
 [0 0 0 0 0 0 0 1 0 0 0 0]
 [0 0 0 0 0 0 0 0 0 0 1 0]
 [0 0 0 0 0 0 0 0 1 0 0 0]
 [0 0 0 0 0 0 0 0 1 0 1 0]]
2024-01-05 15:45:13,463 INFO - __main__ - =====================================
2024-01-05 15:45:36,467 INFO - __main__ - before pruning: fdr 0.86, tpr 0.5833333333333334, fpr 0.7962962962962963, shd 41, nnz 50
2024-01-05 15:45:36,467 INFO - __main__ - after  pruning: fdr 0.375, tpr 0.4166666666666667, fpr 0.05555555555555555, shd 8, nnz 8
2024-01-05 15:45:36,508 INFO - __main__ - [iter 7000] reward_batch: -38.64242106798828, max_reward: -7.091539992656652, max_reward_batch: -20.485616107203075
2024-01-05 15:45:36,509 INFO - __main__ - graph true:
 [[0 1 0 0 0 0 0 0 0 0 0 1]
 [0 0 0 0 0 0 0 0 0 0 0 0]
 [1 0 0 0 0 0 0 0 0 0 0 0]
 [1 0 0 0 0 0 0 0 0 0 0 0]
 [0 0 0 0 0 1 0 0 0 0 0 1]
 [0 0 0 0 0 0 0 1 0 0 0 0]
 [0 0 0 0 0 0 0 0 0 0 0 0]
 [0 0 0 0 0 0 0 0 0 0 0 0]
 [0 0 0 0 0 0 0 1 0 0 0 0]
 [0 0 0 0 0 0 0 0 0 0 1 0]
 [0 0 0 0 0 0 0 0 1 0 0 0]
 [0 0 0 0 0 0 0 0 1 0 1 0]]
2024-01-05 15:45:36,510 INFO - __main__ - =====================================
2024-01-05 15:45:56,548 INFO - __main__ - [iter 7500] reward_batch: -25.31770885033907, max_reward: -6.980859936544126, max_reward_batch: -13.82184156215638
2024-01-05 15:45:56,549 INFO - __main__ - graph true:
 [[0 1 0 0 0 0 0 0 0 0 0 1]
 [0 0 0 0 0 0 0 0 0 0 0 0]
 [1 0 0 0 0 0 0 0 0 0 0 0]
 [1 0 0 0 0 0 0 0 0 0 0 0]
 [0 0 0 0 0 1 0 0 0 0 0 1]
 [0 0 0 0 0 0 0 1 0 0 0 0]
 [0 0 0 0 0 0 0 0 0 0 0 0]
 [0 0 0 0 0 0 0 0 0 0 0 0]
 [0 0 0 0 0 0 0 1 0 0 0 0]
 [0 0 0 0 0 0 0 0 0 0 1 0]
 [0 0 0 0 0 0 0 0 1 0 0 0]
 [0 0 0 0 0 0 0 0 1 0 1 0]]
2024-01-05 15:45:56,550 INFO - __main__ - =====================================
2024-01-05 15:46:18,715 INFO - __main__ - before pruning: fdr 0.8775510204081632, tpr 0.5, fpr 0.7962962962962963, shd 42, nnz 49
2024-01-05 15:46:18,716 INFO - __main__ - after  pruning: fdr 0.6, tpr 0.3333333333333333, fpr 0.1111111111111111, shd 12, nnz 10
2024-01-05 15:46:18,749 INFO - __main__ - [iter 8000] reward_batch: -18.252947819902637, max_reward: -6.980859936544126, max_reward_batch: -12.243146977713344
2024-01-05 15:46:18,750 INFO - __main__ - graph true:
 [[0 1 0 0 0 0 0 0 0 0 0 1]
 [0 0 0 0 0 0 0 0 0 0 0 0]
 [1 0 0 0 0 0 0 0 0 0 0 0]
 [1 0 0 0 0 0 0 0 0 0 0 0]
 [0 0 0 0 0 1 0 0 0 0 0 1]
 [0 0 0 0 0 0 0 1 0 0 0 0]
 [0 0 0 0 0 0 0 0 0 0 0 0]
 [0 0 0 0 0 0 0 0 0 0 0 0]
 [0 0 0 0 0 0 0 1 0 0 0 0]
 [0 0 0 0 0 0 0 0 0 0 1 0]
 [0 0 0 0 0 0 0 0 1 0 0 0]
 [0 0 0 0 0 0 0 0 1 0 1 0]]
2024-01-05 15:46:18,752 INFO - __main__ - =====================================
2024-01-05 15:46:39,807 INFO - __main__ - [iter 8500] reward_batch: -10.332942726395924, max_reward: -6.980859936544126, max_reward_batch: -8.755658589344662
2024-01-05 15:46:39,808 INFO - __main__ - graph true:
 [[0 1 0 0 0 0 0 0 0 0 0 1]
 [0 0 0 0 0 0 0 0 0 0 0 0]
 [1 0 0 0 0 0 0 0 0 0 0 0]
 [1 0 0 0 0 0 0 0 0 0 0 0]
 [0 0 0 0 0 1 0 0 0 0 0 1]
 [0 0 0 0 0 0 0 1 0 0 0 0]
 [0 0 0 0 0 0 0 0 0 0 0 0]
 [0 0 0 0 0 0 0 0 0 0 0 0]
 [0 0 0 0 0 0 0 1 0 0 0 0]
 [0 0 0 0 0 0 0 0 0 0 1 0]
 [0 0 0 0 0 0 0 0 1 0 0 0]
 [0 0 0 0 0 0 0 0 1 0 1 0]]
2024-01-05 15:46:39,809 INFO - __main__ - =====================================
2024-01-05 15:47:02,667 INFO - __main__ - before pruning: fdr 0.8775510204081632, tpr 0.5, fpr 0.7962962962962963, shd 42, nnz 49
2024-01-05 15:47:02,667 INFO - __main__ - after  pruning: fdr 0.6, tpr 0.3333333333333333, fpr 0.1111111111111111, shd 12, nnz 10
2024-01-05 15:47:02,705 INFO - __main__ - [iter 9000] reward_batch: -18.99466459971286, max_reward: -6.980859936544126, max_reward_batch: -11.275142338714353
2024-01-05 15:47:02,706 INFO - __main__ - graph true:
 [[0 1 0 0 0 0 0 0 0 0 0 1]
 [0 0 0 0 0 0 0 0 0 0 0 0]
 [1 0 0 0 0 0 0 0 0 0 0 0]
 [1 0 0 0 0 0 0 0 0 0 0 0]
 [0 0 0 0 0 1 0 0 0 0 0 1]
 [0 0 0 0 0 0 0 1 0 0 0 0]
 [0 0 0 0 0 0 0 0 0 0 0 0]
 [0 0 0 0 0 0 0 0 0 0 0 0]
 [0 0 0 0 0 0 0 1 0 0 0 0]
 [0 0 0 0 0 0 0 0 0 0 1 0]
 [0 0 0 0 0 0 0 0 1 0 0 0]
 [0 0 0 0 0 0 0 0 1 0 1 0]]
2024-01-05 15:47:02,707 INFO - __main__ - =====================================
2024-01-05 15:47:35,671 INFO - __main__ - [iter 9500] reward_batch: -32.844653553460844, max_reward: -6.980859936544126, max_reward_batch: -9.966505942109391
2024-01-05 15:47:35,672 INFO - __main__ - graph true:
 [[0 1 0 0 0 0 0 0 0 0 0 1]
 [0 0 0 0 0 0 0 0 0 0 0 0]
 [1 0 0 0 0 0 0 0 0 0 0 0]
 [1 0 0 0 0 0 0 0 0 0 0 0]
 [0 0 0 0 0 1 0 0 0 0 0 1]
 [0 0 0 0 0 0 0 1 0 0 0 0]
 [0 0 0 0 0 0 0 0 0 0 0 0]
 [0 0 0 0 0 0 0 0 0 0 0 0]
 [0 0 0 0 0 0 0 1 0 0 0 0]
 [0 0 0 0 0 0 0 0 0 0 1 0]
 [0 0 0 0 0 0 0 0 1 0 0 0]
 [0 0 0 0 0 0 0 0 1 0 1 0]]
2024-01-05 15:47:35,674 INFO - __main__ - =====================================
2024-01-05 15:47:59,525 INFO - __main__ - before pruning: fdr 0.8775510204081632, tpr 0.5, fpr 0.7962962962962963, shd 42, nnz 49
2024-01-05 15:47:59,525 INFO - __main__ - after  pruning: fdr 0.6, tpr 0.3333333333333333, fpr 0.1111111111111111, shd 12, nnz 10
2024-01-05 15:47:59,676 INFO - __main__ - [iter 10000] reward_batch: -13.220761568926463, max_reward: -6.980859936544126, max_reward_batch: -9.423653329222805
2024-01-05 15:47:59,676 INFO - __main__ - graph true:
 [[0 1 0 0 0 0 0 0 0 0 0 1]
 [0 0 0 0 0 0 0 0 0 0 0 0]
 [1 0 0 0 0 0 0 0 0 0 0 0]
 [1 0 0 0 0 0 0 0 0 0 0 0]
 [0 0 0 0 0 1 0 0 0 0 0 1]
 [0 0 0 0 0 0 0 1 0 0 0 0]
 [0 0 0 0 0 0 0 0 0 0 0 0]
 [0 0 0 0 0 0 0 0 0 0 0 0]
 [0 0 0 0 0 0 0 1 0 0 0 0]
 [0 0 0 0 0 0 0 0 0 0 1 0]
 [0 0 0 0 0 0 0 0 1 0 0 0]
 [0 0 0 0 0 0 0 0 1 0 1 0]]
2024-01-05 15:47:59,677 INFO - __main__ - =====================================
