2023-12-16 12:15:36,599 INFO - helpers.log_helper - Completed configuring logger.
2023-12-16 12:15:36,599 INFO - __main__ - Python version is 3.11.6
2023-12-16 12:15:36,599 INFO - __main__ - Current commit of code: ___
2023-12-16 12:15:37,134 INFO - __main__ - Original sl: 0.561383150838881, su: 0.8891994588967228, strue: 0.7167858618828377
2023-12-16 12:15:37,134 INFO - __main__ - Transfomed sl: 0.561383150838881, su: 0.8891994588967228, lambda2: 0.0001, true: 2.3702712040875116
2023-12-16 12:16:02,905 INFO - __main__ - [iter 1] reward_batch: -3.3948760852182063, max_reward: -2.111975905948303, max_reward_batch: -2.111975905948303
2023-12-16 12:16:02,905 INFO - __main__ - graph true: [[0 1 0 0 0 0 0 0 0 0 0 1]
 [0 0 0 0 0 0 0 0 0 0 0 0]
 [1 0 0 0 0 0 0 0 0 0 0 0]
 [1 0 0 0 0 0 0 0 0 0 0 0]
 [0 0 0 0 0 1 0 0 0 0 0 1]
 [0 0 0 0 0 0 0 1 0 0 0 0]
 [0 0 0 0 0 0 0 0 0 0 0 0]
 [0 0 0 0 0 0 0 0 0 0 0 0]
 [0 0 0 0 0 0 0 1 0 0 0 0]
 [0 0 0 0 0 0 0 0 0 0 1 0]
 [0 0 0 0 0 0 0 0 1 0 0 0]
 [0 0 0 0 0 0 0 0 1 0 1 0]]
2023-12-16 12:16:02,907 INFO - __main__ - =====================================
2023-12-16 12:16:46,732 INFO - __main__ - [iter 500] reward_batch: -2.1675604048441133, max_reward: -0.8533294803895085, max_reward_batch: -0.9229003533585873
2023-12-16 12:16:46,733 INFO - __main__ - graph true: [[0 1 0 0 0 0 0 0 0 0 0 1]
 [0 0 0 0 0 0 0 0 0 0 0 0]
 [1 0 0 0 0 0 0 0 0 0 0 0]
 [1 0 0 0 0 0 0 0 0 0 0 0]
 [0 0 0 0 0 1 0 0 0 0 0 1]
 [0 0 0 0 0 0 0 1 0 0 0 0]
 [0 0 0 0 0 0 0 0 0 0 0 0]
 [0 0 0 0 0 0 0 0 0 0 0 0]
 [0 0 0 0 0 0 0 1 0 0 0 0]
 [0 0 0 0 0 0 0 0 0 0 1 0]
 [0 0 0 0 0 0 0 0 1 0 0 0]
 [0 0 0 0 0 0 0 0 1 0 1 0]]
2023-12-16 12:16:46,734 INFO - __main__ - =====================================
2023-12-16 12:17:08,282 INFO - __main__ - before pruning: fdr 0.896551724137931, tpr 0.75, fpr 1.4444444444444444, shd 59, nnz 87
2023-12-16 12:17:08,282 INFO - __main__ - after  pruning: fdr 0.5, tpr 0.5, fpr 0.1111111111111111, shd 9, nnz 12
2023-12-16 12:17:08,331 INFO - __main__ - [iter 1000] reward_batch: -14.637960621741843, max_reward: -7.350917777160797, max_reward_batch: -7.350917777160797
2023-12-16 12:17:08,332 INFO - __main__ - graph true: [[0 1 0 0 0 0 0 0 0 0 0 1]
 [0 0 0 0 0 0 0 0 0 0 0 0]
 [1 0 0 0 0 0 0 0 0 0 0 0]
 [1 0 0 0 0 0 0 0 0 0 0 0]
 [0 0 0 0 0 1 0 0 0 0 0 1]
 [0 0 0 0 0 0 0 1 0 0 0 0]
 [0 0 0 0 0 0 0 0 0 0 0 0]
 [0 0 0 0 0 0 0 0 0 0 0 0]
 [0 0 0 0 0 0 0 1 0 0 0 0]
 [0 0 0 0 0 0 0 0 0 0 1 0]
 [0 0 0 0 0 0 0 0 1 0 0 0]
 [0 0 0 0 0 0 0 0 1 0 1 0]]
2023-12-16 12:17:08,333 INFO - __main__ - =====================================
2023-12-16 12:17:27,923 INFO - __main__ - [iter 1500] reward_batch: -6.575136330456343, max_reward: -4.26128782331764, max_reward_batch: -4.796479278512827
2023-12-16 12:17:27,924 INFO - __main__ - graph true: [[0 1 0 0 0 0 0 0 0 0 0 1]
 [0 0 0 0 0 0 0 0 0 0 0 0]
 [1 0 0 0 0 0 0 0 0 0 0 0]
 [1 0 0 0 0 0 0 0 0 0 0 0]
 [0 0 0 0 0 1 0 0 0 0 0 1]
 [0 0 0 0 0 0 0 1 0 0 0 0]
 [0 0 0 0 0 0 0 0 0 0 0 0]
 [0 0 0 0 0 0 0 0 0 0 0 0]
 [0 0 0 0 0 0 0 1 0 0 0 0]
 [0 0 0 0 0 0 0 0 0 0 1 0]
 [0 0 0 0 0 0 0 0 1 0 0 0]
 [0 0 0 0 0 0 0 0 1 0 1 0]]
2023-12-16 12:17:27,925 INFO - __main__ - =====================================
2023-12-16 12:17:50,022 INFO - __main__ - before pruning: fdr 1.0, tpr 0.0, fpr 0.037037037037037035, shd 12, nnz 2
2023-12-16 12:17:50,022 INFO - __main__ - after  pruning: fdr 1.0, tpr 0.0, fpr 0.037037037037037035, shd 12, nnz 2
2023-12-16 12:17:50,605 INFO - __main__ - [iter 2000] reward_batch: -198.97435603019696, max_reward: -4.46128782331764, max_reward_batch: -14.353430156706866
2023-12-16 12:17:50,606 INFO - __main__ - graph true: [[0 1 0 0 0 0 0 0 0 0 0 1]
 [0 0 0 0 0 0 0 0 0 0 0 0]
 [1 0 0 0 0 0 0 0 0 0 0 0]
 [1 0 0 0 0 0 0 0 0 0 0 0]
 [0 0 0 0 0 1 0 0 0 0 0 1]
 [0 0 0 0 0 0 0 1 0 0 0 0]
 [0 0 0 0 0 0 0 0 0 0 0 0]
 [0 0 0 0 0 0 0 0 0 0 0 0]
 [0 0 0 0 0 0 0 1 0 0 0 0]
 [0 0 0 0 0 0 0 0 0 0 1 0]
 [0 0 0 0 0 0 0 0 1 0 0 0]
 [0 0 0 0 0 0 0 0 1 0 1 0]]
2023-12-16 12:17:50,607 INFO - __main__ - =====================================
2023-12-16 12:18:10,519 INFO - __main__ - [iter 2500] reward_batch: -311.6074622787345, max_reward: -4.46128782331764, max_reward_batch: -52.27725794317461
2023-12-16 12:18:10,519 INFO - __main__ - graph true: [[0 1 0 0 0 0 0 0 0 0 0 1]
 [0 0 0 0 0 0 0 0 0 0 0 0]
 [1 0 0 0 0 0 0 0 0 0 0 0]
 [1 0 0 0 0 0 0 0 0 0 0 0]
 [0 0 0 0 0 1 0 0 0 0 0 1]
 [0 0 0 0 0 0 0 1 0 0 0 0]
 [0 0 0 0 0 0 0 0 0 0 0 0]
 [0 0 0 0 0 0 0 0 0 0 0 0]
 [0 0 0 0 0 0 0 1 0 0 0 0]
 [0 0 0 0 0 0 0 0 0 0 1 0]
 [0 0 0 0 0 0 0 0 1 0 0 0]
 [0 0 0 0 0 0 0 0 1 0 1 0]]
2023-12-16 12:18:10,520 INFO - __main__ - =====================================
2023-12-16 12:18:28,989 INFO - __main__ - before pruning: fdr 1.0, tpr 0.0, fpr 0.037037037037037035, shd 12, nnz 2
2023-12-16 12:18:28,989 INFO - __main__ - after  pruning: fdr 1.0, tpr 0.0, fpr 0.037037037037037035, shd 12, nnz 2
2023-12-16 12:18:29,079 INFO - __main__ - [iter 3000] reward_batch: -41.43792500088663, max_reward: -4.66128782331764, max_reward_batch: -8.484603576851004
2023-12-16 12:18:29,080 INFO - __main__ - graph true: [[0 1 0 0 0 0 0 0 0 0 0 1]
 [0 0 0 0 0 0 0 0 0 0 0 0]
 [1 0 0 0 0 0 0 0 0 0 0 0]
 [1 0 0 0 0 0 0 0 0 0 0 0]
 [0 0 0 0 0 1 0 0 0 0 0 1]
 [0 0 0 0 0 0 0 1 0 0 0 0]
 [0 0 0 0 0 0 0 0 0 0 0 0]
 [0 0 0 0 0 0 0 0 0 0 0 0]
 [0 0 0 0 0 0 0 1 0 0 0 0]
 [0 0 0 0 0 0 0 0 0 0 1 0]
 [0 0 0 0 0 0 0 0 1 0 0 0]
 [0 0 0 0 0 0 0 0 1 0 1 0]]
2023-12-16 12:18:29,081 INFO - __main__ - =====================================
2023-12-16 12:18:45,548 INFO - __main__ - [iter 3500] reward_batch: -10.35759625711625, max_reward: -4.66128782331764, max_reward_batch: -7.507869203369587
2023-12-16 12:18:45,548 INFO - __main__ - graph true: [[0 1 0 0 0 0 0 0 0 0 0 1]
 [0 0 0 0 0 0 0 0 0 0 0 0]
 [1 0 0 0 0 0 0 0 0 0 0 0]
 [1 0 0 0 0 0 0 0 0 0 0 0]
 [0 0 0 0 0 1 0 0 0 0 0 1]
 [0 0 0 0 0 0 0 1 0 0 0 0]
 [0 0 0 0 0 0 0 0 0 0 0 0]
 [0 0 0 0 0 0 0 0 0 0 0 0]
 [0 0 0 0 0 0 0 1 0 0 0 0]
 [0 0 0 0 0 0 0 0 0 0 1 0]
 [0 0 0 0 0 0 0 0 1 0 0 0]
 [0 0 0 0 0 0 0 0 1 0 1 0]]
2023-12-16 12:18:45,549 INFO - __main__ - =====================================
2023-12-16 12:19:03,075 INFO - __main__ - before pruning: fdr 1.0, tpr 0.0, fpr 0.037037037037037035, shd 12, nnz 2
2023-12-16 12:19:03,075 INFO - __main__ - after  pruning: fdr 1.0, tpr 0.0, fpr 0.037037037037037035, shd 12, nnz 2
2023-12-16 12:19:03,118 INFO - __main__ - [iter 4000] reward_batch: -149.9218645779763, max_reward: -4.74956050929825, max_reward_batch: -32.1760890550183
2023-12-16 12:19:03,119 INFO - __main__ - graph true: [[0 1 0 0 0 0 0 0 0 0 0 1]
 [0 0 0 0 0 0 0 0 0 0 0 0]
 [1 0 0 0 0 0 0 0 0 0 0 0]
 [1 0 0 0 0 0 0 0 0 0 0 0]
 [0 0 0 0 0 1 0 0 0 0 0 1]
 [0 0 0 0 0 0 0 1 0 0 0 0]
 [0 0 0 0 0 0 0 0 0 0 0 0]
 [0 0 0 0 0 0 0 0 0 0 0 0]
 [0 0 0 0 0 0 0 1 0 0 0 0]
 [0 0 0 0 0 0 0 0 0 0 1 0]
 [0 0 0 0 0 0 0 0 1 0 0 0]
 [0 0 0 0 0 0 0 0 1 0 1 0]]
2023-12-16 12:19:03,120 INFO - __main__ - =====================================
2023-12-16 12:19:19,451 INFO - __main__ - [iter 4500] reward_batch: -466.9656802418018, max_reward: -4.74956050929825, max_reward_batch: -125.44808186433244
2023-12-16 12:19:19,452 INFO - __main__ - graph true: [[0 1 0 0 0 0 0 0 0 0 0 1]
 [0 0 0 0 0 0 0 0 0 0 0 0]
 [1 0 0 0 0 0 0 0 0 0 0 0]
 [1 0 0 0 0 0 0 0 0 0 0 0]
 [0 0 0 0 0 1 0 0 0 0 0 1]
 [0 0 0 0 0 0 0 1 0 0 0 0]
 [0 0 0 0 0 0 0 0 0 0 0 0]
 [0 0 0 0 0 0 0 0 0 0 0 0]
 [0 0 0 0 0 0 0 1 0 0 0 0]
 [0 0 0 0 0 0 0 0 0 0 1 0]
 [0 0 0 0 0 0 0 0 1 0 0 0]
 [0 0 0 0 0 0 0 0 1 0 1 0]]
2023-12-16 12:19:19,453 INFO - __main__ - =====================================
2023-12-16 12:19:39,189 INFO - __main__ - before pruning: fdr 1.0, tpr 0.0, fpr 0.018518518518518517, shd 12, nnz 1
2023-12-16 12:19:39,189 INFO - __main__ - after  pruning: fdr 1.0, tpr 0.0, fpr 0.018518518518518517, shd 12, nnz 1
2023-12-16 12:19:39,224 INFO - __main__ - [iter 5000] reward_batch: -363.14348729351843, max_reward: -4.787506145364658, max_reward_batch: -122.13884837817146
2023-12-16 12:19:39,225 INFO - __main__ - graph true: [[0 1 0 0 0 0 0 0 0 0 0 1]
 [0 0 0 0 0 0 0 0 0 0 0 0]
 [1 0 0 0 0 0 0 0 0 0 0 0]
 [1 0 0 0 0 0 0 0 0 0 0 0]
 [0 0 0 0 0 1 0 0 0 0 0 1]
 [0 0 0 0 0 0 0 1 0 0 0 0]
 [0 0 0 0 0 0 0 0 0 0 0 0]
 [0 0 0 0 0 0 0 0 0 0 0 0]
 [0 0 0 0 0 0 0 1 0 0 0 0]
 [0 0 0 0 0 0 0 0 0 0 1 0]
 [0 0 0 0 0 0 0 0 1 0 0 0]
 [0 0 0 0 0 0 0 0 1 0 1 0]]
2023-12-16 12:19:39,226 INFO - __main__ - =====================================
2023-12-16 12:19:57,347 INFO - __main__ - [iter 5500] reward_batch: -154.22800618309788, max_reward: -4.787506145364658, max_reward_batch: -27.97018625491905
2023-12-16 12:19:57,348 INFO - __main__ - graph true: [[0 1 0 0 0 0 0 0 0 0 0 1]
 [0 0 0 0 0 0 0 0 0 0 0 0]
 [1 0 0 0 0 0 0 0 0 0 0 0]
 [1 0 0 0 0 0 0 0 0 0 0 0]
 [0 0 0 0 0 1 0 0 0 0 0 1]
 [0 0 0 0 0 0 0 1 0 0 0 0]
 [0 0 0 0 0 0 0 0 0 0 0 0]
 [0 0 0 0 0 0 0 0 0 0 0 0]
 [0 0 0 0 0 0 0 1 0 0 0 0]
 [0 0 0 0 0 0 0 0 0 0 1 0]
 [0 0 0 0 0 0 0 0 1 0 0 0]
 [0 0 0 0 0 0 0 0 1 0 1 0]]
2023-12-16 12:19:57,349 INFO - __main__ - =====================================
2023-12-16 12:20:15,712 INFO - __main__ - before pruning: fdr 1.0, tpr 0.0, fpr 0.018518518518518517, shd 12, nnz 1
2023-12-16 12:20:15,713 INFO - __main__ - after  pruning: fdr 1.0, tpr 0.0, fpr 0.018518518518518517, shd 12, nnz 1
2023-12-16 12:20:15,748 INFO - __main__ - [iter 6000] reward_batch: -33.43074341169105, max_reward: -4.887506145364657, max_reward_batch: -8.309057597618185
2023-12-16 12:20:15,749 INFO - __main__ - graph true: [[0 1 0 0 0 0 0 0 0 0 0 1]
 [0 0 0 0 0 0 0 0 0 0 0 0]
 [1 0 0 0 0 0 0 0 0 0 0 0]
 [1 0 0 0 0 0 0 0 0 0 0 0]
 [0 0 0 0 0 1 0 0 0 0 0 1]
 [0 0 0 0 0 0 0 1 0 0 0 0]
 [0 0 0 0 0 0 0 0 0 0 0 0]
 [0 0 0 0 0 0 0 0 0 0 0 0]
 [0 0 0 0 0 0 0 1 0 0 0 0]
 [0 0 0 0 0 0 0 0 0 0 1 0]
 [0 0 0 0 0 0 0 0 1 0 0 0]
 [0 0 0 0 0 0 0 0 1 0 1 0]]
2023-12-16 12:20:15,750 INFO - __main__ - =====================================
2023-12-16 12:20:32,832 INFO - __main__ - [iter 6500] reward_batch: -5.494080304751601, max_reward: -4.887506145364657, max_reward_batch: -5.0
2023-12-16 12:20:32,833 INFO - __main__ - graph true: [[0 1 0 0 0 0 0 0 0 0 0 1]
 [0 0 0 0 0 0 0 0 0 0 0 0]
 [1 0 0 0 0 0 0 0 0 0 0 0]
 [1 0 0 0 0 0 0 0 0 0 0 0]
 [0 0 0 0 0 1 0 0 0 0 0 1]
 [0 0 0 0 0 0 0 1 0 0 0 0]
 [0 0 0 0 0 0 0 0 0 0 0 0]
 [0 0 0 0 0 0 0 0 0 0 0 0]
 [0 0 0 0 0 0 0 1 0 0 0 0]
 [0 0 0 0 0 0 0 0 0 0 1 0]
 [0 0 0 0 0 0 0 0 1 0 0 0]
 [0 0 0 0 0 0 0 0 1 0 1 0]]
2023-12-16 12:20:32,834 INFO - __main__ - =====================================
2023-12-16 12:20:51,648 INFO - __main__ - before pruning: fdr 1.0, tpr 0.0, fpr 0.018518518518518517, shd 12, nnz 1
2023-12-16 12:20:51,649 INFO - __main__ - after  pruning: fdr 1.0, tpr 0.0, fpr 0.018518518518518517, shd 12, nnz 1
2023-12-16 12:20:51,685 INFO - __main__ - [iter 7000] reward_batch: -25.74325255090694, max_reward: -4.987506145364658, max_reward_batch: -6.12848846772823
2023-12-16 12:20:51,685 INFO - __main__ - graph true: [[0 1 0 0 0 0 0 0 0 0 0 1]
 [0 0 0 0 0 0 0 0 0 0 0 0]
 [1 0 0 0 0 0 0 0 0 0 0 0]
 [1 0 0 0 0 0 0 0 0 0 0 0]
 [0 0 0 0 0 1 0 0 0 0 0 1]
 [0 0 0 0 0 0 0 1 0 0 0 0]
 [0 0 0 0 0 0 0 0 0 0 0 0]
 [0 0 0 0 0 0 0 0 0 0 0 0]
 [0 0 0 0 0 0 0 1 0 0 0 0]
 [0 0 0 0 0 0 0 0 0 0 1 0]
 [0 0 0 0 0 0 0 0 1 0 0 0]
 [0 0 0 0 0 0 0 0 1 0 1 0]]
2023-12-16 12:20:51,687 INFO - __main__ - =====================================
2023-12-16 12:21:08,139 INFO - __main__ - [iter 7500] reward_batch: -305.6187413210308, max_reward: -4.987506145364658, max_reward_batch: -62.54743868872852
2023-12-16 12:21:08,139 INFO - __main__ - graph true: [[0 1 0 0 0 0 0 0 0 0 0 1]
 [0 0 0 0 0 0 0 0 0 0 0 0]
 [1 0 0 0 0 0 0 0 0 0 0 0]
 [1 0 0 0 0 0 0 0 0 0 0 0]
 [0 0 0 0 0 1 0 0 0 0 0 1]
 [0 0 0 0 0 0 0 1 0 0 0 0]
 [0 0 0 0 0 0 0 0 0 0 0 0]
 [0 0 0 0 0 0 0 0 0 0 0 0]
 [0 0 0 0 0 0 0 1 0 0 0 0]
 [0 0 0 0 0 0 0 0 0 0 1 0]
 [0 0 0 0 0 0 0 0 1 0 0 0]
 [0 0 0 0 0 0 0 0 1 0 1 0]]
2023-12-16 12:21:08,140 INFO - __main__ - =====================================
2023-12-16 12:21:26,853 INFO - __main__ - before pruning: fdr 1.0, tpr 0.0, fpr 0.018518518518518517, shd 12, nnz 1
2023-12-16 12:21:26,854 INFO - __main__ - after  pruning: fdr 1.0, tpr 0.0, fpr 0.018518518518518517, shd 12, nnz 1
2023-12-16 12:21:26,888 INFO - __main__ - [iter 8000] reward_batch: -119.78166165734918, max_reward: -5.0875061453646575, max_reward_batch: -22.338947410071594
2023-12-16 12:21:26,889 INFO - __main__ - graph true: [[0 1 0 0 0 0 0 0 0 0 0 1]
 [0 0 0 0 0 0 0 0 0 0 0 0]
 [1 0 0 0 0 0 0 0 0 0 0 0]
 [1 0 0 0 0 0 0 0 0 0 0 0]
 [0 0 0 0 0 1 0 0 0 0 0 1]
 [0 0 0 0 0 0 0 1 0 0 0 0]
 [0 0 0 0 0 0 0 0 0 0 0 0]
 [0 0 0 0 0 0 0 0 0 0 0 0]
 [0 0 0 0 0 0 0 1 0 0 0 0]
 [0 0 0 0 0 0 0 0 0 0 1 0]
 [0 0 0 0 0 0 0 0 1 0 0 0]
 [0 0 0 0 0 0 0 0 1 0 1 0]]
2023-12-16 12:21:26,890 INFO - __main__ - =====================================
2023-12-16 12:21:44,329 INFO - __main__ - [iter 8500] reward_batch: -9.581794425933742, max_reward: -5.0, max_reward_batch: -5.0
2023-12-16 12:21:44,329 INFO - __main__ - graph true: [[0 1 0 0 0 0 0 0 0 0 0 1]
 [0 0 0 0 0 0 0 0 0 0 0 0]
 [1 0 0 0 0 0 0 0 0 0 0 0]
 [1 0 0 0 0 0 0 0 0 0 0 0]
 [0 0 0 0 0 1 0 0 0 0 0 1]
 [0 0 0 0 0 0 0 1 0 0 0 0]
 [0 0 0 0 0 0 0 0 0 0 0 0]
 [0 0 0 0 0 0 0 0 0 0 0 0]
 [0 0 0 0 0 0 0 1 0 0 0 0]
 [0 0 0 0 0 0 0 0 0 0 1 0]
 [0 0 0 0 0 0 0 0 1 0 0 0]
 [0 0 0 0 0 0 0 0 1 0 1 0]]
2023-12-16 12:21:44,330 INFO - __main__ - =====================================
2023-12-16 12:22:03,545 INFO - __main__ - before pruning: fdr 0.0, tpr 0.0, fpr 0.0, shd 12, nnz 0
2023-12-16 12:22:03,546 INFO - __main__ - after  pruning: fdr 0.0, tpr 0.0, fpr 0.0, shd 12, nnz 0
2023-12-16 12:22:03,584 INFO - __main__ - [iter 9000] reward_batch: -70.99124540184653, max_reward: -5.0, max_reward_batch: -27.532554153486743
2023-12-16 12:22:03,585 INFO - __main__ - graph true: [[0 1 0 0 0 0 0 0 0 0 0 1]
 [0 0 0 0 0 0 0 0 0 0 0 0]
 [1 0 0 0 0 0 0 0 0 0 0 0]
 [1 0 0 0 0 0 0 0 0 0 0 0]
 [0 0 0 0 0 1 0 0 0 0 0 1]
 [0 0 0 0 0 0 0 1 0 0 0 0]
 [0 0 0 0 0 0 0 0 0 0 0 0]
 [0 0 0 0 0 0 0 0 0 0 0 0]
 [0 0 0 0 0 0 0 1 0 0 0 0]
 [0 0 0 0 0 0 0 0 0 0 1 0]
 [0 0 0 0 0 0 0 0 1 0 0 0]
 [0 0 0 0 0 0 0 0 1 0 1 0]]
2023-12-16 12:22:03,586 INFO - __main__ - =====================================
2023-12-16 12:22:20,095 INFO - __main__ - [iter 9500] reward_batch: -5.0, max_reward: -5.0, max_reward_batch: -5.0
2023-12-16 12:22:20,095 INFO - __main__ - graph true: [[0 1 0 0 0 0 0 0 0 0 0 1]
 [0 0 0 0 0 0 0 0 0 0 0 0]
 [1 0 0 0 0 0 0 0 0 0 0 0]
 [1 0 0 0 0 0 0 0 0 0 0 0]
 [0 0 0 0 0 1 0 0 0 0 0 1]
 [0 0 0 0 0 0 0 1 0 0 0 0]
 [0 0 0 0 0 0 0 0 0 0 0 0]
 [0 0 0 0 0 0 0 0 0 0 0 0]
 [0 0 0 0 0 0 0 1 0 0 0 0]
 [0 0 0 0 0 0 0 0 0 0 1 0]
 [0 0 0 0 0 0 0 0 1 0 0 0]
 [0 0 0 0 0 0 0 0 1 0 1 0]]
2023-12-16 12:22:20,096 INFO - __main__ - =====================================
2023-12-16 12:22:40,232 INFO - __main__ - before pruning: fdr 0.0, tpr 0.0, fpr 0.0, shd 12, nnz 0
2023-12-16 12:22:40,232 INFO - __main__ - after  pruning: fdr 0.0, tpr 0.0, fpr 0.0, shd 12, nnz 0
2023-12-16 12:22:40,266 INFO - __main__ - [iter 10000] reward_batch: -13.270624029883162, max_reward: -5.0, max_reward_batch: -5.0
2023-12-16 12:22:40,267 INFO - __main__ - graph true: [[0 1 0 0 0 0 0 0 0 0 0 1]
 [0 0 0 0 0 0 0 0 0 0 0 0]
 [1 0 0 0 0 0 0 0 0 0 0 0]
 [1 0 0 0 0 0 0 0 0 0 0 0]
 [0 0 0 0 0 1 0 0 0 0 0 1]
 [0 0 0 0 0 0 0 1 0 0 0 0]
 [0 0 0 0 0 0 0 0 0 0 0 0]
 [0 0 0 0 0 0 0 0 0 0 0 0]
 [0 0 0 0 0 0 0 1 0 0 0 0]
 [0 0 0 0 0 0 0 0 0 0 1 0]
 [0 0 0 0 0 0 0 0 1 0 0 0]
 [0 0 0 0 0 0 0 0 1 0 1 0]]
2023-12-16 12:22:40,268 INFO - __main__ - =====================================
