2023-12-18 17:12:28,369 INFO - helpers.log_helper - Completed configuring logger.
2023-12-18 17:12:28,369 INFO - __main__ - Python version is 3.11.6
2023-12-18 17:12:28,369 INFO - __main__ - Current commit of code: ___
2023-12-18 17:12:28,416 INFO - __main__ - Original sl: 0.561383150838881, su: 0.8891994588967228, strue: 0.7167858618828377
2023-12-18 17:12:28,416 INFO - __main__ - Transfomed sl: 0.561383150838881, su: 0.8891994588967228, lambda2: 0.0001, true: 2.3702712040875116
2023-12-18 17:12:29,070 INFO - __main__ - [iter 1] reward_batch: -2.3851062012555455, max_reward: -1.105877066976447, max_reward_batch: -1.105877066976447
2023-12-18 17:12:29,071 INFO - __main__ - graph true:
 [[0 1 0 0 0 0 0 0 0 0 0 1]
 [0 0 0 0 0 0 0 0 0 0 0 0]
 [1 0 0 0 0 0 0 0 0 0 0 0]
 [1 0 0 0 0 0 0 0 0 0 0 0]
 [0 0 0 0 0 1 0 0 0 0 0 1]
 [0 0 0 0 0 0 0 1 0 0 0 0]
 [0 0 0 0 0 0 0 0 0 0 0 0]
 [0 0 0 0 0 0 0 0 0 0 0 0]
 [0 0 0 0 0 0 0 1 0 0 0 0]
 [0 0 0 0 0 0 0 0 0 0 1 0]
 [0 0 0 0 0 0 0 0 1 0 0 0]
 [0 0 0 0 0 0 0 0 1 0 1 0]]
2023-12-18 17:12:29,072 INFO - __main__ - =====================================
2023-12-18 17:12:51,531 INFO - __main__ - [iter 500] reward_batch: -2.5663328044897193, max_reward: -0.68069432402578, max_reward_batch: -1.669001809143769
2023-12-18 17:12:51,531 INFO - __main__ - graph true:
 [[0 1 0 0 0 0 0 0 0 0 0 1]
 [0 0 0 0 0 0 0 0 0 0 0 0]
 [1 0 0 0 0 0 0 0 0 0 0 0]
 [1 0 0 0 0 0 0 0 0 0 0 0]
 [0 0 0 0 0 1 0 0 0 0 0 1]
 [0 0 0 0 0 0 0 1 0 0 0 0]
 [0 0 0 0 0 0 0 0 0 0 0 0]
 [0 0 0 0 0 0 0 0 0 0 0 0]
 [0 0 0 0 0 0 0 1 0 0 0 0]
 [0 0 0 0 0 0 0 0 0 0 1 0]
 [0 0 0 0 0 0 0 0 1 0 0 0]
 [0 0 0 0 0 0 0 0 1 0 1 0]]
2023-12-18 17:12:51,533 INFO - __main__ - =====================================
2023-12-18 17:13:10,679 INFO - __main__ - before pruning: fdr 0.8484848484848485, tpr 0.8333333333333334, fpr 1.037037037037037, shd 48, nnz 66
2023-12-18 17:13:10,680 INFO - __main__ - after  pruning: fdr 0.45454545454545453, tpr 0.5, fpr 0.09259259259259259, shd 9, nnz 11
2023-12-18 17:13:10,717 INFO - __main__ - [iter 1000] reward_batch: -4.333077693845192, max_reward: -1.8623426165672838, max_reward_batch: -3.4890914472163312
2023-12-18 17:13:10,717 INFO - __main__ - graph true:
 [[0 1 0 0 0 0 0 0 0 0 0 1]
 [0 0 0 0 0 0 0 0 0 0 0 0]
 [1 0 0 0 0 0 0 0 0 0 0 0]
 [1 0 0 0 0 0 0 0 0 0 0 0]
 [0 0 0 0 0 1 0 0 0 0 0 1]
 [0 0 0 0 0 0 0 1 0 0 0 0]
 [0 0 0 0 0 0 0 0 0 0 0 0]
 [0 0 0 0 0 0 0 0 0 0 0 0]
 [0 0 0 0 0 0 0 1 0 0 0 0]
 [0 0 0 0 0 0 0 0 0 0 1 0]
 [0 0 0 0 0 0 0 0 1 0 0 0]
 [0 0 0 0 0 0 0 0 1 0 1 0]]
2023-12-18 17:13:10,718 INFO - __main__ - =====================================
2023-12-18 17:13:29,731 INFO - __main__ - [iter 1500] reward_batch: -3.820965609626704, max_reward: -1.8623426165672838, max_reward_batch: -2.9530692085700907
2023-12-18 17:13:29,732 INFO - __main__ - graph true:
 [[0 1 0 0 0 0 0 0 0 0 0 1]
 [0 0 0 0 0 0 0 0 0 0 0 0]
 [1 0 0 0 0 0 0 0 0 0 0 0]
 [1 0 0 0 0 0 0 0 0 0 0 0]
 [0 0 0 0 0 1 0 0 0 0 0 1]
 [0 0 0 0 0 0 0 1 0 0 0 0]
 [0 0 0 0 0 0 0 0 0 0 0 0]
 [0 0 0 0 0 0 0 0 0 0 0 0]
 [0 0 0 0 0 0 0 1 0 0 0 0]
 [0 0 0 0 0 0 0 0 0 0 1 0]
 [0 0 0 0 0 0 0 0 1 0 0 0]
 [0 0 0 0 0 0 0 0 1 0 1 0]]
2023-12-18 17:13:29,733 INFO - __main__ - =====================================
2023-12-18 17:13:49,466 INFO - __main__ - before pruning: fdr 0.8484848484848485, tpr 0.8333333333333334, fpr 1.037037037037037, shd 48, nnz 66
2023-12-18 17:13:49,467 INFO - __main__ - after  pruning: fdr 0.45454545454545453, tpr 0.5, fpr 0.09259259259259259, shd 9, nnz 11
2023-12-18 17:13:49,504 INFO - __main__ - [iter 2000] reward_batch: -15.11616799321077, max_reward: -4.678825541982323, max_reward_batch: -7.085813662599717
2023-12-18 17:13:49,505 INFO - __main__ - graph true:
 [[0 1 0 0 0 0 0 0 0 0 0 1]
 [0 0 0 0 0 0 0 0 0 0 0 0]
 [1 0 0 0 0 0 0 0 0 0 0 0]
 [1 0 0 0 0 0 0 0 0 0 0 0]
 [0 0 0 0 0 1 0 0 0 0 0 1]
 [0 0 0 0 0 0 0 1 0 0 0 0]
 [0 0 0 0 0 0 0 0 0 0 0 0]
 [0 0 0 0 0 0 0 0 0 0 0 0]
 [0 0 0 0 0 0 0 1 0 0 0 0]
 [0 0 0 0 0 0 0 0 0 0 1 0]
 [0 0 0 0 0 0 0 0 1 0 0 0]
 [0 0 0 0 0 0 0 0 1 0 1 0]]
2023-12-18 17:13:49,506 INFO - __main__ - =====================================
2023-12-18 17:14:07,679 INFO - __main__ - [iter 2500] reward_batch: -6.94376484806949, max_reward: -4.437731889115334, max_reward_batch: -5.505710778446547
2023-12-18 17:14:07,679 INFO - __main__ - graph true:
 [[0 1 0 0 0 0 0 0 0 0 0 1]
 [0 0 0 0 0 0 0 0 0 0 0 0]
 [1 0 0 0 0 0 0 0 0 0 0 0]
 [1 0 0 0 0 0 0 0 0 0 0 0]
 [0 0 0 0 0 1 0 0 0 0 0 1]
 [0 0 0 0 0 0 0 1 0 0 0 0]
 [0 0 0 0 0 0 0 0 0 0 0 0]
 [0 0 0 0 0 0 0 0 0 0 0 0]
 [0 0 0 0 0 0 0 1 0 0 0 0]
 [0 0 0 0 0 0 0 0 0 0 1 0]
 [0 0 0 0 0 0 0 0 1 0 0 0]
 [0 0 0 0 0 0 0 0 1 0 1 0]]
2023-12-18 17:14:07,680 INFO - __main__ - =====================================
2023-12-18 17:14:26,580 INFO - __main__ - before pruning: fdr 0.847457627118644, tpr 0.75, fpr 0.9259259259259259, shd 46, nnz 59
2023-12-18 17:14:26,581 INFO - __main__ - after  pruning: fdr 0.5454545454545454, tpr 0.4166666666666667, fpr 0.1111111111111111, shd 12, nnz 11
2023-12-18 17:14:26,615 INFO - __main__ - [iter 3000] reward_batch: -30.142692622365207, max_reward: -5.316344126326917, max_reward_batch: -9.748611757489142
2023-12-18 17:14:26,615 INFO - __main__ - graph true:
 [[0 1 0 0 0 0 0 0 0 0 0 1]
 [0 0 0 0 0 0 0 0 0 0 0 0]
 [1 0 0 0 0 0 0 0 0 0 0 0]
 [1 0 0 0 0 0 0 0 0 0 0 0]
 [0 0 0 0 0 1 0 0 0 0 0 1]
 [0 0 0 0 0 0 0 1 0 0 0 0]
 [0 0 0 0 0 0 0 0 0 0 0 0]
 [0 0 0 0 0 0 0 0 0 0 0 0]
 [0 0 0 0 0 0 0 1 0 0 0 0]
 [0 0 0 0 0 0 0 0 0 0 1 0]
 [0 0 0 0 0 0 0 0 1 0 0 0]
 [0 0 0 0 0 0 0 0 1 0 1 0]]
2023-12-18 17:14:26,616 INFO - __main__ - =====================================
2023-12-18 17:14:47,913 INFO - __main__ - [iter 3500] reward_batch: -9.369387372246463, max_reward: -5.316344126326917, max_reward_batch: -6.881784283388537
2023-12-18 17:14:47,913 INFO - __main__ - graph true:
 [[0 1 0 0 0 0 0 0 0 0 0 1]
 [0 0 0 0 0 0 0 0 0 0 0 0]
 [1 0 0 0 0 0 0 0 0 0 0 0]
 [1 0 0 0 0 0 0 0 0 0 0 0]
 [0 0 0 0 0 1 0 0 0 0 0 1]
 [0 0 0 0 0 0 0 1 0 0 0 0]
 [0 0 0 0 0 0 0 0 0 0 0 0]
 [0 0 0 0 0 0 0 0 0 0 0 0]
 [0 0 0 0 0 0 0 1 0 0 0 0]
 [0 0 0 0 0 0 0 0 0 0 1 0]
 [0 0 0 0 0 0 0 0 1 0 0 0]
 [0 0 0 0 0 0 0 0 1 0 1 0]]
2023-12-18 17:14:47,915 INFO - __main__ - =====================================
2023-12-18 17:15:10,864 INFO - __main__ - before pruning: fdr 0.847457627118644, tpr 0.75, fpr 0.9259259259259259, shd 46, nnz 59
2023-12-18 17:15:10,864 INFO - __main__ - after  pruning: fdr 0.5454545454545454, tpr 0.4166666666666667, fpr 0.1111111111111111, shd 12, nnz 11
2023-12-18 17:15:10,903 INFO - __main__ - [iter 4000] reward_batch: -10.023596402915095, max_reward: -6.316344126326918, max_reward_batch: -8.63280959603148
2023-12-18 17:15:10,904 INFO - __main__ - graph true:
 [[0 1 0 0 0 0 0 0 0 0 0 1]
 [0 0 0 0 0 0 0 0 0 0 0 0]
 [1 0 0 0 0 0 0 0 0 0 0 0]
 [1 0 0 0 0 0 0 0 0 0 0 0]
 [0 0 0 0 0 1 0 0 0 0 0 1]
 [0 0 0 0 0 0 0 1 0 0 0 0]
 [0 0 0 0 0 0 0 0 0 0 0 0]
 [0 0 0 0 0 0 0 0 0 0 0 0]
 [0 0 0 0 0 0 0 1 0 0 0 0]
 [0 0 0 0 0 0 0 0 0 0 1 0]
 [0 0 0 0 0 0 0 0 1 0 0 0]
 [0 0 0 0 0 0 0 0 1 0 1 0]]
2023-12-18 17:15:10,905 INFO - __main__ - =====================================
2023-12-18 17:15:30,042 INFO - __main__ - [iter 4500] reward_batch: -11.244663768260395, max_reward: -6.316344126326918, max_reward_batch: -8.623651964434668
2023-12-18 17:15:30,043 INFO - __main__ - graph true:
 [[0 1 0 0 0 0 0 0 0 0 0 1]
 [0 0 0 0 0 0 0 0 0 0 0 0]
 [1 0 0 0 0 0 0 0 0 0 0 0]
 [1 0 0 0 0 0 0 0 0 0 0 0]
 [0 0 0 0 0 1 0 0 0 0 0 1]
 [0 0 0 0 0 0 0 1 0 0 0 0]
 [0 0 0 0 0 0 0 0 0 0 0 0]
 [0 0 0 0 0 0 0 0 0 0 0 0]
 [0 0 0 0 0 0 0 1 0 0 0 0]
 [0 0 0 0 0 0 0 0 0 0 1 0]
 [0 0 0 0 0 0 0 0 1 0 0 0]
 [0 0 0 0 0 0 0 0 1 0 1 0]]
2023-12-18 17:15:30,044 INFO - __main__ - =====================================
2023-12-18 17:15:50,398 INFO - __main__ - before pruning: fdr 0.847457627118644, tpr 0.75, fpr 0.9259259259259259, shd 46, nnz 59
2023-12-18 17:15:50,398 INFO - __main__ - after  pruning: fdr 0.5454545454545454, tpr 0.4166666666666667, fpr 0.1111111111111111, shd 12, nnz 11
2023-12-18 17:15:50,434 INFO - __main__ - [iter 5000] reward_batch: -19.407177595697725, max_reward: -7.209302891718709, max_reward_batch: -11.140704545003583
2023-12-18 17:15:50,435 INFO - __main__ - graph true:
 [[0 1 0 0 0 0 0 0 0 0 0 1]
 [0 0 0 0 0 0 0 0 0 0 0 0]
 [1 0 0 0 0 0 0 0 0 0 0 0]
 [1 0 0 0 0 0 0 0 0 0 0 0]
 [0 0 0 0 0 1 0 0 0 0 0 1]
 [0 0 0 0 0 0 0 1 0 0 0 0]
 [0 0 0 0 0 0 0 0 0 0 0 0]
 [0 0 0 0 0 0 0 0 0 0 0 0]
 [0 0 0 0 0 0 0 1 0 0 0 0]
 [0 0 0 0 0 0 0 0 0 0 1 0]
 [0 0 0 0 0 0 0 0 1 0 0 0]
 [0 0 0 0 0 0 0 0 1 0 1 0]]
2023-12-18 17:15:50,436 INFO - __main__ - =====================================
2023-12-18 17:16:08,762 INFO - __main__ - [iter 5500] reward_batch: -10.773118814101641, max_reward: -7.209302891718709, max_reward_batch: -9.093671568202472
2023-12-18 17:16:08,763 INFO - __main__ - graph true:
 [[0 1 0 0 0 0 0 0 0 0 0 1]
 [0 0 0 0 0 0 0 0 0 0 0 0]
 [1 0 0 0 0 0 0 0 0 0 0 0]
 [1 0 0 0 0 0 0 0 0 0 0 0]
 [0 0 0 0 0 1 0 0 0 0 0 1]
 [0 0 0 0 0 0 0 1 0 0 0 0]
 [0 0 0 0 0 0 0 0 0 0 0 0]
 [0 0 0 0 0 0 0 0 0 0 0 0]
 [0 0 0 0 0 0 0 1 0 0 0 0]
 [0 0 0 0 0 0 0 0 0 0 1 0]
 [0 0 0 0 0 0 0 0 1 0 0 0]
 [0 0 0 0 0 0 0 0 1 0 1 0]]
2023-12-18 17:16:08,764 INFO - __main__ - =====================================
2023-12-18 17:16:29,978 INFO - __main__ - before pruning: fdr 0.847457627118644, tpr 0.75, fpr 0.9259259259259259, shd 46, nnz 59
2023-12-18 17:16:29,978 INFO - __main__ - after  pruning: fdr 0.5454545454545454, tpr 0.4166666666666667, fpr 0.1111111111111111, shd 12, nnz 11
2023-12-18 17:16:30,044 INFO - __main__ - [iter 6000] reward_batch: -14.057357332477569, max_reward: -7.15635279989902, max_reward_batch: -9.5791191394472
2023-12-18 17:16:30,045 INFO - __main__ - graph true:
 [[0 1 0 0 0 0 0 0 0 0 0 1]
 [0 0 0 0 0 0 0 0 0 0 0 0]
 [1 0 0 0 0 0 0 0 0 0 0 0]
 [1 0 0 0 0 0 0 0 0 0 0 0]
 [0 0 0 0 0 1 0 0 0 0 0 1]
 [0 0 0 0 0 0 0 1 0 0 0 0]
 [0 0 0 0 0 0 0 0 0 0 0 0]
 [0 0 0 0 0 0 0 0 0 0 0 0]
 [0 0 0 0 0 0 0 1 0 0 0 0]
 [0 0 0 0 0 0 0 0 0 0 1 0]
 [0 0 0 0 0 0 0 0 1 0 0 0]
 [0 0 0 0 0 0 0 0 1 0 1 0]]
2023-12-18 17:16:30,046 INFO - __main__ - =====================================
2023-12-18 17:16:49,042 INFO - __main__ - [iter 6500] reward_batch: -39.431295986720166, max_reward: -7.15635279989902, max_reward_batch: -21.462685664873664
2023-12-18 17:16:49,043 INFO - __main__ - graph true:
 [[0 1 0 0 0 0 0 0 0 0 0 1]
 [0 0 0 0 0 0 0 0 0 0 0 0]
 [1 0 0 0 0 0 0 0 0 0 0 0]
 [1 0 0 0 0 0 0 0 0 0 0 0]
 [0 0 0 0 0 1 0 0 0 0 0 1]
 [0 0 0 0 0 0 0 1 0 0 0 0]
 [0 0 0 0 0 0 0 0 0 0 0 0]
 [0 0 0 0 0 0 0 0 0 0 0 0]
 [0 0 0 0 0 0 0 1 0 0 0 0]
 [0 0 0 0 0 0 0 0 0 0 1 0]
 [0 0 0 0 0 0 0 0 1 0 0 0]
 [0 0 0 0 0 0 0 0 1 0 1 0]]
2023-12-18 17:16:49,044 INFO - __main__ - =====================================
2023-12-18 17:17:09,896 INFO - __main__ - before pruning: fdr 0.847457627118644, tpr 0.75, fpr 0.9259259259259259, shd 46, nnz 59
2023-12-18 17:17:09,896 INFO - __main__ - after  pruning: fdr 0.5454545454545454, tpr 0.4166666666666667, fpr 0.1111111111111111, shd 12, nnz 11
2023-12-18 17:17:09,932 INFO - __main__ - [iter 7000] reward_batch: -42.87204388735452, max_reward: -7.15635279989902, max_reward_batch: -25.124832420802548
2023-12-18 17:17:09,933 INFO - __main__ - graph true:
 [[0 1 0 0 0 0 0 0 0 0 0 1]
 [0 0 0 0 0 0 0 0 0 0 0 0]
 [1 0 0 0 0 0 0 0 0 0 0 0]
 [1 0 0 0 0 0 0 0 0 0 0 0]
 [0 0 0 0 0 1 0 0 0 0 0 1]
 [0 0 0 0 0 0 0 1 0 0 0 0]
 [0 0 0 0 0 0 0 0 0 0 0 0]
 [0 0 0 0 0 0 0 0 0 0 0 0]
 [0 0 0 0 0 0 0 1 0 0 0 0]
 [0 0 0 0 0 0 0 0 0 0 1 0]
 [0 0 0 0 0 0 0 0 1 0 0 0]
 [0 0 0 0 0 0 0 0 1 0 1 0]]
2023-12-18 17:17:09,934 INFO - __main__ - =====================================
2023-12-18 17:17:28,488 INFO - __main__ - [iter 7500] reward_batch: -9.36318726679096, max_reward: -6.8947106869757775, max_reward_batch: -8.289688031849531
2023-12-18 17:17:28,488 INFO - __main__ - graph true:
 [[0 1 0 0 0 0 0 0 0 0 0 1]
 [0 0 0 0 0 0 0 0 0 0 0 0]
 [1 0 0 0 0 0 0 0 0 0 0 0]
 [1 0 0 0 0 0 0 0 0 0 0 0]
 [0 0 0 0 0 1 0 0 0 0 0 1]
 [0 0 0 0 0 0 0 1 0 0 0 0]
 [0 0 0 0 0 0 0 0 0 0 0 0]
 [0 0 0 0 0 0 0 0 0 0 0 0]
 [0 0 0 0 0 0 0 1 0 0 0 0]
 [0 0 0 0 0 0 0 0 0 0 1 0]
 [0 0 0 0 0 0 0 0 1 0 0 0]
 [0 0 0 0 0 0 0 0 1 0 1 0]]
2023-12-18 17:17:28,489 INFO - __main__ - =====================================
2023-12-18 17:17:49,996 INFO - __main__ - before pruning: fdr 0.8490566037735849, tpr 0.6666666666666666, fpr 0.8333333333333334, shd 41, nnz 53
2023-12-18 17:17:49,997 INFO - __main__ - after  pruning: fdr 0.5454545454545454, tpr 0.4166666666666667, fpr 0.1111111111111111, shd 10, nnz 11
2023-12-18 17:17:50,032 INFO - __main__ - [iter 8000] reward_batch: -9.721564448054846, max_reward: -6.8947106869757775, max_reward_batch: -7.570660956150668
2023-12-18 17:17:50,033 INFO - __main__ - graph true:
 [[0 1 0 0 0 0 0 0 0 0 0 1]
 [0 0 0 0 0 0 0 0 0 0 0 0]
 [1 0 0 0 0 0 0 0 0 0 0 0]
 [1 0 0 0 0 0 0 0 0 0 0 0]
 [0 0 0 0 0 1 0 0 0 0 0 1]
 [0 0 0 0 0 0 0 1 0 0 0 0]
 [0 0 0 0 0 0 0 0 0 0 0 0]
 [0 0 0 0 0 0 0 0 0 0 0 0]
 [0 0 0 0 0 0 0 1 0 0 0 0]
 [0 0 0 0 0 0 0 0 0 0 1 0]
 [0 0 0 0 0 0 0 0 1 0 0 0]
 [0 0 0 0 0 0 0 0 1 0 1 0]]
2023-12-18 17:17:50,034 INFO - __main__ - =====================================
2023-12-18 17:18:08,747 INFO - __main__ - [iter 8500] reward_batch: -38.18240975540387, max_reward: -6.8947106869757775, max_reward_batch: -28.281392759683524
2023-12-18 17:18:08,747 INFO - __main__ - graph true:
 [[0 1 0 0 0 0 0 0 0 0 0 1]
 [0 0 0 0 0 0 0 0 0 0 0 0]
 [1 0 0 0 0 0 0 0 0 0 0 0]
 [1 0 0 0 0 0 0 0 0 0 0 0]
 [0 0 0 0 0 1 0 0 0 0 0 1]
 [0 0 0 0 0 0 0 1 0 0 0 0]
 [0 0 0 0 0 0 0 0 0 0 0 0]
 [0 0 0 0 0 0 0 0 0 0 0 0]
 [0 0 0 0 0 0 0 1 0 0 0 0]
 [0 0 0 0 0 0 0 0 0 0 1 0]
 [0 0 0 0 0 0 0 0 1 0 0 0]
 [0 0 0 0 0 0 0 0 1 0 1 0]]
2023-12-18 17:18:08,748 INFO - __main__ - =====================================
2023-12-18 17:18:30,291 INFO - __main__ - before pruning: fdr 0.8490566037735849, tpr 0.6666666666666666, fpr 0.8333333333333334, shd 41, nnz 53
2023-12-18 17:18:30,291 INFO - __main__ - after  pruning: fdr 0.5454545454545454, tpr 0.4166666666666667, fpr 0.1111111111111111, shd 10, nnz 11
2023-12-18 17:18:30,333 INFO - __main__ - [iter 9000] reward_batch: -16.632806631403078, max_reward: -6.8947106869757775, max_reward_batch: -12.352118560831823
2023-12-18 17:18:30,334 INFO - __main__ - graph true:
 [[0 1 0 0 0 0 0 0 0 0 0 1]
 [0 0 0 0 0 0 0 0 0 0 0 0]
 [1 0 0 0 0 0 0 0 0 0 0 0]
 [1 0 0 0 0 0 0 0 0 0 0 0]
 [0 0 0 0 0 1 0 0 0 0 0 1]
 [0 0 0 0 0 0 0 1 0 0 0 0]
 [0 0 0 0 0 0 0 0 0 0 0 0]
 [0 0 0 0 0 0 0 0 0 0 0 0]
 [0 0 0 0 0 0 0 1 0 0 0 0]
 [0 0 0 0 0 0 0 0 0 0 1 0]
 [0 0 0 0 0 0 0 0 1 0 0 0]
 [0 0 0 0 0 0 0 0 1 0 1 0]]
2023-12-18 17:18:30,335 INFO - __main__ - =====================================
2023-12-18 17:18:49,255 INFO - __main__ - [iter 9500] reward_batch: -22.217978519181507, max_reward: -6.822852403982555, max_reward_batch: -11.55071238999603
2023-12-18 17:18:49,255 INFO - __main__ - graph true:
 [[0 1 0 0 0 0 0 0 0 0 0 1]
 [0 0 0 0 0 0 0 0 0 0 0 0]
 [1 0 0 0 0 0 0 0 0 0 0 0]
 [1 0 0 0 0 0 0 0 0 0 0 0]
 [0 0 0 0 0 1 0 0 0 0 0 1]
 [0 0 0 0 0 0 0 1 0 0 0 0]
 [0 0 0 0 0 0 0 0 0 0 0 0]
 [0 0 0 0 0 0 0 0 0 0 0 0]
 [0 0 0 0 0 0 0 1 0 0 0 0]
 [0 0 0 0 0 0 0 0 0 0 1 0]
 [0 0 0 0 0 0 0 0 1 0 0 0]
 [0 0 0 0 0 0 0 0 1 0 1 0]]
2023-12-18 17:18:49,256 INFO - __main__ - =====================================
2023-12-18 17:19:11,208 INFO - __main__ - before pruning: fdr 0.88, tpr 0.5, fpr 0.8148148148148148, shd 44, nnz 50
2023-12-18 17:19:11,209 INFO - __main__ - after  pruning: fdr 0.6, tpr 0.3333333333333333, fpr 0.1111111111111111, shd 11, nnz 10
2023-12-18 17:19:11,246 INFO - __main__ - [iter 10000] reward_batch: -38.34457660941065, max_reward: -6.822852403982555, max_reward_batch: -16.809931045922344
2023-12-18 17:19:11,247 INFO - __main__ - graph true:
 [[0 1 0 0 0 0 0 0 0 0 0 1]
 [0 0 0 0 0 0 0 0 0 0 0 0]
 [1 0 0 0 0 0 0 0 0 0 0 0]
 [1 0 0 0 0 0 0 0 0 0 0 0]
 [0 0 0 0 0 1 0 0 0 0 0 1]
 [0 0 0 0 0 0 0 1 0 0 0 0]
 [0 0 0 0 0 0 0 0 0 0 0 0]
 [0 0 0 0 0 0 0 0 0 0 0 0]
 [0 0 0 0 0 0 0 1 0 0 0 0]
 [0 0 0 0 0 0 0 0 0 0 1 0]
 [0 0 0 0 0 0 0 0 1 0 0 0]
 [0 0 0 0 0 0 0 0 1 0 1 0]]
2023-12-18 17:19:11,248 INFO - __main__ - =====================================
