2023-12-18 16:58:45,725 INFO - helpers.log_helper - Completed configuring logger.
2023-12-18 16:58:45,725 INFO - __main__ - Python version is 3.11.6
2023-12-18 16:58:45,726 INFO - __main__ - Current commit of code: ___
2023-12-18 16:58:45,767 INFO - __main__ - Original sl: 0.561383150838881, su: 0.8891994588967228, strue: 0.7167858618828377
2023-12-18 16:58:45,768 INFO - __main__ - Transfomed sl: 0.561383150838881, su: 0.8891994588967228, lambda2: 0.0001, true: 2.3702712040875116
2023-12-18 16:58:46,305 INFO - __main__ - [iter 1] reward_batch: -1.9030775860655418, max_reward: -0.9864620747221197, max_reward_batch: -0.9864620747221197
2023-12-18 16:58:46,306 INFO - __main__ - graph true: [[0 1 0 0 0 0 0 0 0 0 0 1]
 [0 0 0 0 0 0 0 0 0 0 0 0]
 [1 0 0 0 0 0 0 0 0 0 0 0]
 [1 0 0 0 0 0 0 0 0 0 0 0]
 [0 0 0 0 0 1 0 0 0 0 0 1]
 [0 0 0 0 0 0 0 1 0 0 0 0]
 [0 0 0 0 0 0 0 0 0 0 0 0]
 [0 0 0 0 0 0 0 0 0 0 0 0]
 [0 0 0 0 0 0 0 1 0 0 0 0]
 [0 0 0 0 0 0 0 0 0 0 1 0]
 [0 0 0 0 0 0 0 0 1 0 0 0]
 [0 0 0 0 0 0 0 0 1 0 1 0]]
2023-12-18 16:58:46,307 INFO - __main__ - =====================================
2023-12-18 16:59:04,382 INFO - __main__ - [iter 500] reward_batch: -2.539410012825025, max_reward: -0.7932419821226758, max_reward_batch: -1.4380022449728338
2023-12-18 16:59:04,383 INFO - __main__ - graph true: [[0 1 0 0 0 0 0 0 0 0 0 1]
 [0 0 0 0 0 0 0 0 0 0 0 0]
 [1 0 0 0 0 0 0 0 0 0 0 0]
 [1 0 0 0 0 0 0 0 0 0 0 0]
 [0 0 0 0 0 1 0 0 0 0 0 1]
 [0 0 0 0 0 0 0 1 0 0 0 0]
 [0 0 0 0 0 0 0 0 0 0 0 0]
 [0 0 0 0 0 0 0 0 0 0 0 0]
 [0 0 0 0 0 0 0 1 0 0 0 0]
 [0 0 0 0 0 0 0 0 0 0 1 0]
 [0 0 0 0 0 0 0 0 1 0 0 0]
 [0 0 0 0 0 0 0 0 1 0 1 0]]
2023-12-18 16:59:04,384 INFO - __main__ - =====================================
2023-12-18 16:59:20,578 INFO - __main__ - before pruning: fdr 0.8735632183908046, tpr 0.9166666666666666, fpr 1.4074074074074074, shd 58, nnz 87
2023-12-18 16:59:20,579 INFO - __main__ - after  pruning: fdr 0.5454545454545454, tpr 0.4166666666666667, fpr 0.1111111111111111, shd 10, nnz 11
2023-12-18 16:59:20,614 INFO - __main__ - [iter 1000] reward_batch: -4.674037158910282, max_reward: -2.9903001474721487, max_reward_batch: -3.6400177241275276
2023-12-18 16:59:20,615 INFO - __main__ - graph true: [[0 1 0 0 0 0 0 0 0 0 0 1]
 [0 0 0 0 0 0 0 0 0 0 0 0]
 [1 0 0 0 0 0 0 0 0 0 0 0]
 [1 0 0 0 0 0 0 0 0 0 0 0]
 [0 0 0 0 0 1 0 0 0 0 0 1]
 [0 0 0 0 0 0 0 1 0 0 0 0]
 [0 0 0 0 0 0 0 0 0 0 0 0]
 [0 0 0 0 0 0 0 0 0 0 0 0]
 [0 0 0 0 0 0 0 1 0 0 0 0]
 [0 0 0 0 0 0 0 0 0 0 1 0]
 [0 0 0 0 0 0 0 0 1 0 0 0]
 [0 0 0 0 0 0 0 0 1 0 1 0]]
2023-12-18 16:59:20,616 INFO - __main__ - =====================================
2023-12-18 16:59:36,340 INFO - __main__ - [iter 1500] reward_batch: -3.701115530798834, max_reward: -2.146018836496432, max_reward_batch: -3.1180424796937785
2023-12-18 16:59:36,341 INFO - __main__ - graph true: [[0 1 0 0 0 0 0 0 0 0 0 1]
 [0 0 0 0 0 0 0 0 0 0 0 0]
 [1 0 0 0 0 0 0 0 0 0 0 0]
 [1 0 0 0 0 0 0 0 0 0 0 0]
 [0 0 0 0 0 1 0 0 0 0 0 1]
 [0 0 0 0 0 0 0 1 0 0 0 0]
 [0 0 0 0 0 0 0 0 0 0 0 0]
 [0 0 0 0 0 0 0 0 0 0 0 0]
 [0 0 0 0 0 0 0 1 0 0 0 0]
 [0 0 0 0 0 0 0 0 0 0 1 0]
 [0 0 0 0 0 0 0 0 1 0 0 0]
 [0 0 0 0 0 0 0 0 1 0 1 0]]
2023-12-18 16:59:36,342 INFO - __main__ - =====================================
2023-12-18 16:59:53,000 INFO - __main__ - before pruning: fdr 0.875, tpr 0.6666666666666666, fpr 1.037037037037037, shd 48, nnz 64
2023-12-18 16:59:53,000 INFO - __main__ - after  pruning: fdr 0.4166666666666667, tpr 0.5833333333333334, fpr 0.09259259259259259, shd 9, nnz 12
2023-12-18 16:59:53,039 INFO - __main__ - [iter 2000] reward_batch: -8.950564970617858, max_reward: -4.51263524579819, max_reward_batch: -6.272616040832062
2023-12-18 16:59:53,040 INFO - __main__ - graph true: [[0 1 0 0 0 0 0 0 0 0 0 1]
 [0 0 0 0 0 0 0 0 0 0 0 0]
 [1 0 0 0 0 0 0 0 0 0 0 0]
 [1 0 0 0 0 0 0 0 0 0 0 0]
 [0 0 0 0 0 1 0 0 0 0 0 1]
 [0 0 0 0 0 0 0 1 0 0 0 0]
 [0 0 0 0 0 0 0 0 0 0 0 0]
 [0 0 0 0 0 0 0 0 0 0 0 0]
 [0 0 0 0 0 0 0 1 0 0 0 0]
 [0 0 0 0 0 0 0 0 0 0 1 0]
 [0 0 0 0 0 0 0 0 1 0 0 0]
 [0 0 0 0 0 0 0 0 1 0 1 0]]
2023-12-18 16:59:53,041 INFO - __main__ - =====================================
2023-12-18 17:00:08,472 INFO - __main__ - [iter 2500] reward_batch: -17.286569371216775, max_reward: -4.405700446166687, max_reward_batch: -6.995400388082334
2023-12-18 17:00:08,473 INFO - __main__ - graph true: [[0 1 0 0 0 0 0 0 0 0 0 1]
 [0 0 0 0 0 0 0 0 0 0 0 0]
 [1 0 0 0 0 0 0 0 0 0 0 0]
 [1 0 0 0 0 0 0 0 0 0 0 0]
 [0 0 0 0 0 1 0 0 0 0 0 1]
 [0 0 0 0 0 0 0 1 0 0 0 0]
 [0 0 0 0 0 0 0 0 0 0 0 0]
 [0 0 0 0 0 0 0 0 0 0 0 0]
 [0 0 0 0 0 0 0 1 0 0 0 0]
 [0 0 0 0 0 0 0 0 0 0 1 0]
 [0 0 0 0 0 0 0 0 1 0 0 0]
 [0 0 0 0 0 0 0 0 1 0 1 0]]
2023-12-18 17:00:08,474 INFO - __main__ - =====================================
2023-12-18 17:00:24,626 INFO - __main__ - before pruning: fdr 0.864406779661017, tpr 0.6666666666666666, fpr 0.9444444444444444, shd 47, nnz 59
2023-12-18 17:00:24,626 INFO - __main__ - after  pruning: fdr 0.4, tpr 0.5, fpr 0.07407407407407407, shd 9, nnz 10
2023-12-18 17:00:24,661 INFO - __main__ - [iter 3000] reward_batch: -17.91767741835603, max_reward: -5.254010508571098, max_reward_batch: -7.916215103369034
2023-12-18 17:00:24,662 INFO - __main__ - graph true: [[0 1 0 0 0 0 0 0 0 0 0 1]
 [0 0 0 0 0 0 0 0 0 0 0 0]
 [1 0 0 0 0 0 0 0 0 0 0 0]
 [1 0 0 0 0 0 0 0 0 0 0 0]
 [0 0 0 0 0 1 0 0 0 0 0 1]
 [0 0 0 0 0 0 0 1 0 0 0 0]
 [0 0 0 0 0 0 0 0 0 0 0 0]
 [0 0 0 0 0 0 0 0 0 0 0 0]
 [0 0 0 0 0 0 0 1 0 0 0 0]
 [0 0 0 0 0 0 0 0 0 0 1 0]
 [0 0 0 0 0 0 0 0 1 0 0 0]
 [0 0 0 0 0 0 0 0 1 0 1 0]]
2023-12-18 17:00:24,663 INFO - __main__ - =====================================
2023-12-18 17:00:40,433 INFO - __main__ - [iter 3500] reward_batch: -11.564597247045747, max_reward: -5.254010508571098, max_reward_batch: -8.36778509565614
2023-12-18 17:00:40,433 INFO - __main__ - graph true: [[0 1 0 0 0 0 0 0 0 0 0 1]
 [0 0 0 0 0 0 0 0 0 0 0 0]
 [1 0 0 0 0 0 0 0 0 0 0 0]
 [1 0 0 0 0 0 0 0 0 0 0 0]
 [0 0 0 0 0 1 0 0 0 0 0 1]
 [0 0 0 0 0 0 0 1 0 0 0 0]
 [0 0 0 0 0 0 0 0 0 0 0 0]
 [0 0 0 0 0 0 0 0 0 0 0 0]
 [0 0 0 0 0 0 0 1 0 0 0 0]
 [0 0 0 0 0 0 0 0 0 0 1 0]
 [0 0 0 0 0 0 0 0 1 0 0 0]
 [0 0 0 0 0 0 0 0 1 0 1 0]]
2023-12-18 17:00:40,434 INFO - __main__ - =====================================
2023-12-18 17:00:56,931 INFO - __main__ - before pruning: fdr 0.864406779661017, tpr 0.6666666666666666, fpr 0.9444444444444444, shd 47, nnz 59
2023-12-18 17:00:56,931 INFO - __main__ - after  pruning: fdr 0.4, tpr 0.5, fpr 0.07407407407407407, shd 9, nnz 10
2023-12-18 17:00:56,968 INFO - __main__ - [iter 4000] reward_batch: -28.474277858018162, max_reward: -6.254010508571098, max_reward_batch: -10.436016554672388
2023-12-18 17:00:56,968 INFO - __main__ - graph true: [[0 1 0 0 0 0 0 0 0 0 0 1]
 [0 0 0 0 0 0 0 0 0 0 0 0]
 [1 0 0 0 0 0 0 0 0 0 0 0]
 [1 0 0 0 0 0 0 0 0 0 0 0]
 [0 0 0 0 0 1 0 0 0 0 0 1]
 [0 0 0 0 0 0 0 1 0 0 0 0]
 [0 0 0 0 0 0 0 0 0 0 0 0]
 [0 0 0 0 0 0 0 0 0 0 0 0]
 [0 0 0 0 0 0 0 1 0 0 0 0]
 [0 0 0 0 0 0 0 0 0 0 1 0]
 [0 0 0 0 0 0 0 0 1 0 0 0]
 [0 0 0 0 0 0 0 0 1 0 1 0]]
2023-12-18 17:00:56,969 INFO - __main__ - =====================================
2023-12-18 17:01:12,411 INFO - __main__ - [iter 4500] reward_batch: -21.732994909646948, max_reward: -6.254010508571098, max_reward_batch: -14.086843823396435
2023-12-18 17:01:12,411 INFO - __main__ - graph true: [[0 1 0 0 0 0 0 0 0 0 0 1]
 [0 0 0 0 0 0 0 0 0 0 0 0]
 [1 0 0 0 0 0 0 0 0 0 0 0]
 [1 0 0 0 0 0 0 0 0 0 0 0]
 [0 0 0 0 0 1 0 0 0 0 0 1]
 [0 0 0 0 0 0 0 1 0 0 0 0]
 [0 0 0 0 0 0 0 0 0 0 0 0]
 [0 0 0 0 0 0 0 0 0 0 0 0]
 [0 0 0 0 0 0 0 1 0 0 0 0]
 [0 0 0 0 0 0 0 0 0 0 1 0]
 [0 0 0 0 0 0 0 0 1 0 0 0]
 [0 0 0 0 0 0 0 0 1 0 1 0]]
2023-12-18 17:01:12,412 INFO - __main__ - =====================================
2023-12-18 17:01:30,553 INFO - __main__ - before pruning: fdr 0.864406779661017, tpr 0.6666666666666666, fpr 0.9444444444444444, shd 47, nnz 59
2023-12-18 17:01:30,554 INFO - __main__ - after  pruning: fdr 0.4, tpr 0.5, fpr 0.07407407407407407, shd 9, nnz 10
2023-12-18 17:01:30,628 INFO - __main__ - [iter 5000] reward_batch: -17.50615703079189, max_reward: -7.254010508571098, max_reward_batch: -9.785349678987805
2023-12-18 17:01:30,629 INFO - __main__ - graph true: [[0 1 0 0 0 0 0 0 0 0 0 1]
 [0 0 0 0 0 0 0 0 0 0 0 0]
 [1 0 0 0 0 0 0 0 0 0 0 0]
 [1 0 0 0 0 0 0 0 0 0 0 0]
 [0 0 0 0 0 1 0 0 0 0 0 1]
 [0 0 0 0 0 0 0 1 0 0 0 0]
 [0 0 0 0 0 0 0 0 0 0 0 0]
 [0 0 0 0 0 0 0 0 0 0 0 0]
 [0 0 0 0 0 0 0 1 0 0 0 0]
 [0 0 0 0 0 0 0 0 0 0 1 0]
 [0 0 0 0 0 0 0 0 1 0 0 0]
 [0 0 0 0 0 0 0 0 1 0 1 0]]
2023-12-18 17:01:30,630 INFO - __main__ - =====================================
2023-12-18 17:01:50,105 INFO - __main__ - [iter 5500] reward_batch: -13.33448865563443, max_reward: -7.226272794611243, max_reward_batch: -9.86843916592276
2023-12-18 17:01:50,105 INFO - __main__ - graph true: [[0 1 0 0 0 0 0 0 0 0 0 1]
 [0 0 0 0 0 0 0 0 0 0 0 0]
 [1 0 0 0 0 0 0 0 0 0 0 0]
 [1 0 0 0 0 0 0 0 0 0 0 0]
 [0 0 0 0 0 1 0 0 0 0 0 1]
 [0 0 0 0 0 0 0 1 0 0 0 0]
 [0 0 0 0 0 0 0 0 0 0 0 0]
 [0 0 0 0 0 0 0 0 0 0 0 0]
 [0 0 0 0 0 0 0 1 0 0 0 0]
 [0 0 0 0 0 0 0 0 0 0 1 0]
 [0 0 0 0 0 0 0 0 1 0 0 0]
 [0 0 0 0 0 0 0 0 1 0 1 0]]
2023-12-18 17:01:50,106 INFO - __main__ - =====================================
2023-12-18 17:02:10,408 INFO - __main__ - before pruning: fdr 0.864406779661017, tpr 0.6666666666666666, fpr 0.9444444444444444, shd 47, nnz 59
2023-12-18 17:02:10,408 INFO - __main__ - after  pruning: fdr 0.4, tpr 0.5, fpr 0.07407407407407407, shd 9, nnz 10
2023-12-18 17:02:10,480 INFO - __main__ - [iter 6000] reward_batch: -18.172922687817028, max_reward: -7.226272794611243, max_reward_batch: -10.163959167437145
2023-12-18 17:02:10,480 INFO - __main__ - graph true: [[0 1 0 0 0 0 0 0 0 0 0 1]
 [0 0 0 0 0 0 0 0 0 0 0 0]
 [1 0 0 0 0 0 0 0 0 0 0 0]
 [1 0 0 0 0 0 0 0 0 0 0 0]
 [0 0 0 0 0 1 0 0 0 0 0 1]
 [0 0 0 0 0 0 0 1 0 0 0 0]
 [0 0 0 0 0 0 0 0 0 0 0 0]
 [0 0 0 0 0 0 0 0 0 0 0 0]
 [0 0 0 0 0 0 0 1 0 0 0 0]
 [0 0 0 0 0 0 0 0 0 0 1 0]
 [0 0 0 0 0 0 0 0 1 0 0 0]
 [0 0 0 0 0 0 0 0 1 0 1 0]]
2023-12-18 17:02:10,481 INFO - __main__ - =====================================
2023-12-18 17:02:27,802 INFO - __main__ - [iter 6500] reward_batch: -40.05220739823771, max_reward: -7.226272794611243, max_reward_batch: -20.6744351325471
2023-12-18 17:02:27,803 INFO - __main__ - graph true: [[0 1 0 0 0 0 0 0 0 0 0 1]
 [0 0 0 0 0 0 0 0 0 0 0 0]
 [1 0 0 0 0 0 0 0 0 0 0 0]
 [1 0 0 0 0 0 0 0 0 0 0 0]
 [0 0 0 0 0 1 0 0 0 0 0 1]
 [0 0 0 0 0 0 0 1 0 0 0 0]
 [0 0 0 0 0 0 0 0 0 0 0 0]
 [0 0 0 0 0 0 0 0 0 0 0 0]
 [0 0 0 0 0 0 0 1 0 0 0 0]
 [0 0 0 0 0 0 0 0 0 0 1 0]
 [0 0 0 0 0 0 0 0 1 0 0 0]
 [0 0 0 0 0 0 0 0 1 0 1 0]]
2023-12-18 17:02:27,804 INFO - __main__ - =====================================
2023-12-18 17:02:46,782 INFO - __main__ - before pruning: fdr 0.864406779661017, tpr 0.6666666666666666, fpr 0.9444444444444444, shd 47, nnz 59
2023-12-18 17:02:46,782 INFO - __main__ - after  pruning: fdr 0.4, tpr 0.5, fpr 0.07407407407407407, shd 9, nnz 10
2023-12-18 17:02:46,820 INFO - __main__ - [iter 7000] reward_batch: -33.749592888401864, max_reward: -7.226272794611243, max_reward_batch: -20.164491849736052
2023-12-18 17:02:46,821 INFO - __main__ - graph true: [[0 1 0 0 0 0 0 0 0 0 0 1]
 [0 0 0 0 0 0 0 0 0 0 0 0]
 [1 0 0 0 0 0 0 0 0 0 0 0]
 [1 0 0 0 0 0 0 0 0 0 0 0]
 [0 0 0 0 0 1 0 0 0 0 0 1]
 [0 0 0 0 0 0 0 1 0 0 0 0]
 [0 0 0 0 0 0 0 0 0 0 0 0]
 [0 0 0 0 0 0 0 0 0 0 0 0]
 [0 0 0 0 0 0 0 1 0 0 0 0]
 [0 0 0 0 0 0 0 0 0 0 1 0]
 [0 0 0 0 0 0 0 0 1 0 0 0]
 [0 0 0 0 0 0 0 0 1 0 1 0]]
2023-12-18 17:02:46,822 INFO - __main__ - =====================================
2023-12-18 17:03:02,935 INFO - __main__ - [iter 7500] reward_batch: -39.21811814026593, max_reward: -7.226272794611243, max_reward_batch: -25.680772656191294
2023-12-18 17:03:02,935 INFO - __main__ - graph true: [[0 1 0 0 0 0 0 0 0 0 0 1]
 [0 0 0 0 0 0 0 0 0 0 0 0]
 [1 0 0 0 0 0 0 0 0 0 0 0]
 [1 0 0 0 0 0 0 0 0 0 0 0]
 [0 0 0 0 0 1 0 0 0 0 0 1]
 [0 0 0 0 0 0 0 1 0 0 0 0]
 [0 0 0 0 0 0 0 0 0 0 0 0]
 [0 0 0 0 0 0 0 0 0 0 0 0]
 [0 0 0 0 0 0 0 1 0 0 0 0]
 [0 0 0 0 0 0 0 0 0 0 1 0]
 [0 0 0 0 0 0 0 0 1 0 0 0]
 [0 0 0 0 0 0 0 0 1 0 1 0]]
2023-12-18 17:03:02,936 INFO - __main__ - =====================================
2023-12-18 17:03:21,971 INFO - __main__ - before pruning: fdr 0.864406779661017, tpr 0.6666666666666666, fpr 0.9444444444444444, shd 47, nnz 59
2023-12-18 17:03:21,972 INFO - __main__ - after  pruning: fdr 0.4, tpr 0.5, fpr 0.07407407407407407, shd 9, nnz 10
2023-12-18 17:03:22,008 INFO - __main__ - [iter 8000] reward_batch: -11.58518336463585, max_reward: -7.199100323412, max_reward_batch: -9.258742118132528
2023-12-18 17:03:22,008 INFO - __main__ - graph true: [[0 1 0 0 0 0 0 0 0 0 0 1]
 [0 0 0 0 0 0 0 0 0 0 0 0]
 [1 0 0 0 0 0 0 0 0 0 0 0]
 [1 0 0 0 0 0 0 0 0 0 0 0]
 [0 0 0 0 0 1 0 0 0 0 0 1]
 [0 0 0 0 0 0 0 1 0 0 0 0]
 [0 0 0 0 0 0 0 0 0 0 0 0]
 [0 0 0 0 0 0 0 0 0 0 0 0]
 [0 0 0 0 0 0 0 1 0 0 0 0]
 [0 0 0 0 0 0 0 0 0 0 1 0]
 [0 0 0 0 0 0 0 0 1 0 0 0]
 [0 0 0 0 0 0 0 0 1 0 1 0]]
2023-12-18 17:03:22,009 INFO - __main__ - =====================================
2023-12-18 17:03:39,736 INFO - __main__ - [iter 8500] reward_batch: -11.306851400498898, max_reward: -7.199100323412, max_reward_batch: -8.960784287059813
2023-12-18 17:03:39,736 INFO - __main__ - graph true: [[0 1 0 0 0 0 0 0 0 0 0 1]
 [0 0 0 0 0 0 0 0 0 0 0 0]
 [1 0 0 0 0 0 0 0 0 0 0 0]
 [1 0 0 0 0 0 0 0 0 0 0 0]
 [0 0 0 0 0 1 0 0 0 0 0 1]
 [0 0 0 0 0 0 0 1 0 0 0 0]
 [0 0 0 0 0 0 0 0 0 0 0 0]
 [0 0 0 0 0 0 0 0 0 0 0 0]
 [0 0 0 0 0 0 0 1 0 0 0 0]
 [0 0 0 0 0 0 0 0 0 0 1 0]
 [0 0 0 0 0 0 0 0 1 0 0 0]
 [0 0 0 0 0 0 0 0 1 0 1 0]]
2023-12-18 17:03:39,736 INFO - __main__ - =====================================
2023-12-18 17:03:58,337 INFO - __main__ - before pruning: fdr 0.864406779661017, tpr 0.6666666666666666, fpr 0.9444444444444444, shd 47, nnz 59
2023-12-18 17:03:58,337 INFO - __main__ - after  pruning: fdr 0.4, tpr 0.5, fpr 0.07407407407407407, shd 9, nnz 10
2023-12-18 17:03:58,373 INFO - __main__ - [iter 9000] reward_batch: -31.66931827288736, max_reward: -7.199100323412, max_reward_batch: -17.721260806810548
2023-12-18 17:03:58,374 INFO - __main__ - graph true: [[0 1 0 0 0 0 0 0 0 0 0 1]
 [0 0 0 0 0 0 0 0 0 0 0 0]
 [1 0 0 0 0 0 0 0 0 0 0 0]
 [1 0 0 0 0 0 0 0 0 0 0 0]
 [0 0 0 0 0 1 0 0 0 0 0 1]
 [0 0 0 0 0 0 0 1 0 0 0 0]
 [0 0 0 0 0 0 0 0 0 0 0 0]
 [0 0 0 0 0 0 0 0 0 0 0 0]
 [0 0 0 0 0 0 0 1 0 0 0 0]
 [0 0 0 0 0 0 0 0 0 0 1 0]
 [0 0 0 0 0 0 0 0 1 0 0 0]
 [0 0 0 0 0 0 0 0 1 0 1 0]]
2023-12-18 17:03:58,375 INFO - __main__ - =====================================
2023-12-18 17:04:14,241 INFO - __main__ - [iter 9500] reward_batch: -9.942235541064386, max_reward: -7.125153400443822, max_reward_batch: -7.9543841368281125
2023-12-18 17:04:14,241 INFO - __main__ - graph true: [[0 1 0 0 0 0 0 0 0 0 0 1]
 [0 0 0 0 0 0 0 0 0 0 0 0]
 [1 0 0 0 0 0 0 0 0 0 0 0]
 [1 0 0 0 0 0 0 0 0 0 0 0]
 [0 0 0 0 0 1 0 0 0 0 0 1]
 [0 0 0 0 0 0 0 1 0 0 0 0]
 [0 0 0 0 0 0 0 0 0 0 0 0]
 [0 0 0 0 0 0 0 0 0 0 0 0]
 [0 0 0 0 0 0 0 1 0 0 0 0]
 [0 0 0 0 0 0 0 0 0 0 1 0]
 [0 0 0 0 0 0 0 0 1 0 0 0]
 [0 0 0 0 0 0 0 0 1 0 1 0]]
2023-12-18 17:04:14,242 INFO - __main__ - =====================================
2023-12-18 17:04:32,776 INFO - __main__ - before pruning: fdr 0.9019607843137255, tpr 0.4166666666666667, fpr 0.8518518518518519, shd 41, nnz 51
2023-12-18 17:04:32,776 INFO - __main__ - after  pruning: fdr 0.5, tpr 0.4166666666666667, fpr 0.09259259259259259, shd 11, nnz 10
2023-12-18 17:04:32,863 INFO - __main__ - [iter 10000] reward_batch: -10.498168393805503, max_reward: -7.125153400443822, max_reward_batch: -8.10572052232093
2023-12-18 17:04:32,863 INFO - __main__ - graph true: [[0 1 0 0 0 0 0 0 0 0 0 1]
 [0 0 0 0 0 0 0 0 0 0 0 0]
 [1 0 0 0 0 0 0 0 0 0 0 0]
 [1 0 0 0 0 0 0 0 0 0 0 0]
 [0 0 0 0 0 1 0 0 0 0 0 1]
 [0 0 0 0 0 0 0 1 0 0 0 0]
 [0 0 0 0 0 0 0 0 0 0 0 0]
 [0 0 0 0 0 0 0 0 0 0 0 0]
 [0 0 0 0 0 0 0 1 0 0 0 0]
 [0 0 0 0 0 0 0 0 0 0 1 0]
 [0 0 0 0 0 0 0 0 1 0 0 0]
 [0 0 0 0 0 0 0 0 1 0 1 0]]
2023-12-18 17:04:32,864 INFO - __main__ - =====================================
