2023-12-16 14:29:00,992 INFO - helpers.log_helper - Completed configuring logger.
2023-12-16 14:29:00,993 INFO - __main__ - Python version is 3.11.6
2023-12-16 14:29:00,993 INFO - __main__ - Current commit of code: ___
2023-12-16 14:29:01,051 INFO - __main__ - Original sl: 0.561383150838881, su: 0.8891994588967228, strue: 0.7167858618828377
2023-12-16 14:29:01,051 INFO - __main__ - Transfomed sl: 0.561383150838881, su: 0.8891994588967228, lambda2: 0.0001, true: 2.3702712040875116
2023-12-16 14:29:16,800 INFO - __main__ - [iter 1] reward_batch: -4.998157516174269, max_reward: -4.977311515345159, max_reward_batch: -4.977311515345159
2023-12-16 14:29:16,801 INFO - __main__ - graph true: [[0 1 0 0 0 0 0 0 0 0 0 1]
 [0 0 0 0 0 0 0 0 0 0 0 0]
 [1 0 0 0 0 0 0 0 0 0 0 0]
 [1 0 0 0 0 0 0 0 0 0 0 0]
 [0 0 0 0 0 1 0 0 0 0 0 1]
 [0 0 0 0 0 0 0 1 0 0 0 0]
 [0 0 0 0 0 0 0 0 0 0 0 0]
 [0 0 0 0 0 0 0 0 0 0 0 0]
 [0 0 0 0 0 0 0 1 0 0 0 0]
 [0 0 0 0 0 0 0 0 0 0 1 0]
 [0 0 0 0 0 0 0 0 1 0 0 0]
 [0 0 0 0 0 0 0 0 1 0 1 0]]
2023-12-16 14:29:16,802 INFO - __main__ - =====================================
2023-12-16 14:29:35,605 INFO - __main__ - [iter 500] reward_batch: -3.5640549705096007, max_reward: -0.8164610864607723, max_reward_batch: -1.4499520534325099
2023-12-16 14:29:35,605 INFO - __main__ - graph true: [[0 1 0 0 0 0 0 0 0 0 0 1]
 [0 0 0 0 0 0 0 0 0 0 0 0]
 [1 0 0 0 0 0 0 0 0 0 0 0]
 [1 0 0 0 0 0 0 0 0 0 0 0]
 [0 0 0 0 0 1 0 0 0 0 0 1]
 [0 0 0 0 0 0 0 1 0 0 0 0]
 [0 0 0 0 0 0 0 0 0 0 0 0]
 [0 0 0 0 0 0 0 0 0 0 0 0]
 [0 0 0 0 0 0 0 1 0 0 0 0]
 [0 0 0 0 0 0 0 0 0 0 1 0]
 [0 0 0 0 0 0 0 0 1 0 0 0]
 [0 0 0 0 0 0 0 0 1 0 1 0]]
2023-12-16 14:29:35,606 INFO - __main__ - =====================================
2023-12-16 14:29:53,515 INFO - __main__ - before pruning: fdr 0.8901098901098901, tpr 0.8333333333333334, fpr 1.5, shd 62, nnz 91
2023-12-16 14:29:53,516 INFO - __main__ - after  pruning: fdr 0.5454545454545454, tpr 0.4166666666666667, fpr 0.1111111111111111, shd 10, nnz 11
2023-12-16 14:29:53,573 INFO - __main__ - [iter 1000] reward_batch: -61.372408664712886, max_reward: -12.16302727635253, max_reward_batch: -16.424274476888947
2023-12-16 14:29:53,573 INFO - __main__ - graph true: [[0 1 0 0 0 0 0 0 0 0 0 1]
 [0 0 0 0 0 0 0 0 0 0 0 0]
 [1 0 0 0 0 0 0 0 0 0 0 0]
 [1 0 0 0 0 0 0 0 0 0 0 0]
 [0 0 0 0 0 1 0 0 0 0 0 1]
 [0 0 0 0 0 0 0 1 0 0 0 0]
 [0 0 0 0 0 0 0 0 0 0 0 0]
 [0 0 0 0 0 0 0 0 0 0 0 0]
 [0 0 0 0 0 0 0 1 0 0 0 0]
 [0 0 0 0 0 0 0 0 0 0 1 0]
 [0 0 0 0 0 0 0 0 1 0 0 0]
 [0 0 0 0 0 0 0 0 1 0 1 0]]
2023-12-16 14:29:53,574 INFO - __main__ - =====================================
2023-12-16 14:30:10,929 INFO - __main__ - [iter 1500] reward_batch: -7.340854502939325, max_reward: -4.233767039235142, max_reward_batch: -5.0
2023-12-16 14:30:10,929 INFO - __main__ - graph true: [[0 1 0 0 0 0 0 0 0 0 0 1]
 [0 0 0 0 0 0 0 0 0 0 0 0]
 [1 0 0 0 0 0 0 0 0 0 0 0]
 [1 0 0 0 0 0 0 0 0 0 0 0]
 [0 0 0 0 0 1 0 0 0 0 0 1]
 [0 0 0 0 0 0 0 1 0 0 0 0]
 [0 0 0 0 0 0 0 0 0 0 0 0]
 [0 0 0 0 0 0 0 0 0 0 0 0]
 [0 0 0 0 0 0 0 1 0 0 0 0]
 [0 0 0 0 0 0 0 0 0 0 1 0]
 [0 0 0 0 0 0 0 0 1 0 0 0]
 [0 0 0 0 0 0 0 0 1 0 1 0]]
2023-12-16 14:30:10,930 INFO - __main__ - =====================================
2023-12-16 14:30:28,439 INFO - __main__ - before pruning: fdr 1.0, tpr 0.0, fpr 0.16666666666666666, shd 17, nnz 9
2023-12-16 14:30:28,440 INFO - __main__ - after  pruning: fdr 1.0, tpr 0.0, fpr 0.07407407407407407, shd 12, nnz 4
2023-12-16 14:30:29,053 INFO - __main__ - [iter 2000] reward_batch: -189.72095260630064, max_reward: -4.833767039235141, max_reward_batch: -14.138169576910617
2023-12-16 14:30:29,054 INFO - __main__ - graph true: [[0 1 0 0 0 0 0 0 0 0 0 1]
 [0 0 0 0 0 0 0 0 0 0 0 0]
 [1 0 0 0 0 0 0 0 0 0 0 0]
 [1 0 0 0 0 0 0 0 0 0 0 0]
 [0 0 0 0 0 1 0 0 0 0 0 1]
 [0 0 0 0 0 0 0 1 0 0 0 0]
 [0 0 0 0 0 0 0 0 0 0 0 0]
 [0 0 0 0 0 0 0 0 0 0 0 0]
 [0 0 0 0 0 0 0 1 0 0 0 0]
 [0 0 0 0 0 0 0 0 0 0 1 0]
 [0 0 0 0 0 0 0 0 1 0 0 0]
 [0 0 0 0 0 0 0 0 1 0 1 0]]
2023-12-16 14:30:29,055 INFO - __main__ - =====================================
2023-12-16 14:30:45,832 INFO - __main__ - [iter 2500] reward_batch: -76.90488104247413, max_reward: -4.319804231147743, max_reward_batch: -18.77438176968084
2023-12-16 14:30:45,833 INFO - __main__ - graph true: [[0 1 0 0 0 0 0 0 0 0 0 1]
 [0 0 0 0 0 0 0 0 0 0 0 0]
 [1 0 0 0 0 0 0 0 0 0 0 0]
 [1 0 0 0 0 0 0 0 0 0 0 0]
 [0 0 0 0 0 1 0 0 0 0 0 1]
 [0 0 0 0 0 0 0 1 0 0 0 0]
 [0 0 0 0 0 0 0 0 0 0 0 0]
 [0 0 0 0 0 0 0 0 0 0 0 0]
 [0 0 0 0 0 0 0 1 0 0 0 0]
 [0 0 0 0 0 0 0 0 0 0 1 0]
 [0 0 0 0 0 0 0 0 1 0 0 0]
 [0 0 0 0 0 0 0 0 1 0 1 0]]
2023-12-16 14:30:45,834 INFO - __main__ - =====================================
2023-12-16 14:31:03,863 INFO - __main__ - before pruning: fdr 0.5, tpr 0.08333333333333333, fpr 0.018518518518518517, shd 11, nnz 2
2023-12-16 14:31:03,864 INFO - __main__ - after  pruning: fdr 0.5, tpr 0.08333333333333333, fpr 0.018518518518518517, shd 11, nnz 2
2023-12-16 14:31:03,903 INFO - __main__ - [iter 3000] reward_batch: -45.2435966867229, max_reward: -4.519804231147743, max_reward_batch: -14.675818803974977
2023-12-16 14:31:03,903 INFO - __main__ - graph true: [[0 1 0 0 0 0 0 0 0 0 0 1]
 [0 0 0 0 0 0 0 0 0 0 0 0]
 [1 0 0 0 0 0 0 0 0 0 0 0]
 [1 0 0 0 0 0 0 0 0 0 0 0]
 [0 0 0 0 0 1 0 0 0 0 0 1]
 [0 0 0 0 0 0 0 1 0 0 0 0]
 [0 0 0 0 0 0 0 0 0 0 0 0]
 [0 0 0 0 0 0 0 0 0 0 0 0]
 [0 0 0 0 0 0 0 1 0 0 0 0]
 [0 0 0 0 0 0 0 0 0 0 1 0]
 [0 0 0 0 0 0 0 0 1 0 0 0]
 [0 0 0 0 0 0 0 0 1 0 1 0]]
2023-12-16 14:31:03,904 INFO - __main__ - =====================================
2023-12-16 14:31:21,045 INFO - __main__ - [iter 3500] reward_batch: -12.026252271968442, max_reward: -4.519804231147743, max_reward_batch: -6.420919338857023
2023-12-16 14:31:21,046 INFO - __main__ - graph true: [[0 1 0 0 0 0 0 0 0 0 0 1]
 [0 0 0 0 0 0 0 0 0 0 0 0]
 [1 0 0 0 0 0 0 0 0 0 0 0]
 [1 0 0 0 0 0 0 0 0 0 0 0]
 [0 0 0 0 0 1 0 0 0 0 0 1]
 [0 0 0 0 0 0 0 1 0 0 0 0]
 [0 0 0 0 0 0 0 0 0 0 0 0]
 [0 0 0 0 0 0 0 0 0 0 0 0]
 [0 0 0 0 0 0 0 1 0 0 0 0]
 [0 0 0 0 0 0 0 0 0 0 1 0]
 [0 0 0 0 0 0 0 0 1 0 0 0]
 [0 0 0 0 0 0 0 0 1 0 1 0]]
2023-12-16 14:31:21,046 INFO - __main__ - =====================================
2023-12-16 14:31:40,393 INFO - __main__ - before pruning: fdr 0.5, tpr 0.08333333333333333, fpr 0.018518518518518517, shd 11, nnz 2
2023-12-16 14:31:40,394 INFO - __main__ - after  pruning: fdr 0.5, tpr 0.08333333333333333, fpr 0.018518518518518517, shd 11, nnz 2
2023-12-16 14:31:40,433 INFO - __main__ - [iter 4000] reward_batch: -56.14963426275585, max_reward: -4.719804231147743, max_reward_batch: -21.715672992380078
2023-12-16 14:31:40,433 INFO - __main__ - graph true: [[0 1 0 0 0 0 0 0 0 0 0 1]
 [0 0 0 0 0 0 0 0 0 0 0 0]
 [1 0 0 0 0 0 0 0 0 0 0 0]
 [1 0 0 0 0 0 0 0 0 0 0 0]
 [0 0 0 0 0 1 0 0 0 0 0 1]
 [0 0 0 0 0 0 0 1 0 0 0 0]
 [0 0 0 0 0 0 0 0 0 0 0 0]
 [0 0 0 0 0 0 0 0 0 0 0 0]
 [0 0 0 0 0 0 0 1 0 0 0 0]
 [0 0 0 0 0 0 0 0 0 0 1 0]
 [0 0 0 0 0 0 0 0 1 0 0 0]
 [0 0 0 0 0 0 0 0 1 0 1 0]]
2023-12-16 14:31:40,434 INFO - __main__ - =====================================
2023-12-16 14:31:56,981 INFO - __main__ - [iter 4500] reward_batch: -289.50614966415526, max_reward: -4.687506145364658, max_reward_batch: -121.33089394518726
2023-12-16 14:31:56,981 INFO - __main__ - graph true: [[0 1 0 0 0 0 0 0 0 0 0 1]
 [0 0 0 0 0 0 0 0 0 0 0 0]
 [1 0 0 0 0 0 0 0 0 0 0 0]
 [1 0 0 0 0 0 0 0 0 0 0 0]
 [0 0 0 0 0 1 0 0 0 0 0 1]
 [0 0 0 0 0 0 0 1 0 0 0 0]
 [0 0 0 0 0 0 0 0 0 0 0 0]
 [0 0 0 0 0 0 0 0 0 0 0 0]
 [0 0 0 0 0 0 0 1 0 0 0 0]
 [0 0 0 0 0 0 0 0 0 0 1 0]
 [0 0 0 0 0 0 0 0 1 0 0 0]
 [0 0 0 0 0 0 0 0 1 0 1 0]]
2023-12-16 14:31:56,982 INFO - __main__ - =====================================
2023-12-16 14:32:15,403 INFO - __main__ - before pruning: fdr 1.0, tpr 0.0, fpr 0.018518518518518517, shd 12, nnz 1
2023-12-16 14:32:15,403 INFO - __main__ - after  pruning: fdr 1.0, tpr 0.0, fpr 0.018518518518518517, shd 12, nnz 1
2023-12-16 14:32:15,456 INFO - __main__ - [iter 5000] reward_batch: -15.58654215086138, max_reward: -4.787506145364658, max_reward_batch: -8.029338743858034
2023-12-16 14:32:15,457 INFO - __main__ - graph true: [[0 1 0 0 0 0 0 0 0 0 0 1]
 [0 0 0 0 0 0 0 0 0 0 0 0]
 [1 0 0 0 0 0 0 0 0 0 0 0]
 [1 0 0 0 0 0 0 0 0 0 0 0]
 [0 0 0 0 0 1 0 0 0 0 0 1]
 [0 0 0 0 0 0 0 1 0 0 0 0]
 [0 0 0 0 0 0 0 0 0 0 0 0]
 [0 0 0 0 0 0 0 0 0 0 0 0]
 [0 0 0 0 0 0 0 1 0 0 0 0]
 [0 0 0 0 0 0 0 0 0 0 1 0]
 [0 0 0 0 0 0 0 0 1 0 0 0]
 [0 0 0 0 0 0 0 0 1 0 1 0]]
2023-12-16 14:32:15,457 INFO - __main__ - =====================================
2023-12-16 14:32:31,998 INFO - __main__ - [iter 5500] reward_batch: -393.16848434433416, max_reward: -4.787506145364658, max_reward_batch: -51.049167762460286
2023-12-16 14:32:31,998 INFO - __main__ - graph true: [[0 1 0 0 0 0 0 0 0 0 0 1]
 [0 0 0 0 0 0 0 0 0 0 0 0]
 [1 0 0 0 0 0 0 0 0 0 0 0]
 [1 0 0 0 0 0 0 0 0 0 0 0]
 [0 0 0 0 0 1 0 0 0 0 0 1]
 [0 0 0 0 0 0 0 1 0 0 0 0]
 [0 0 0 0 0 0 0 0 0 0 0 0]
 [0 0 0 0 0 0 0 0 0 0 0 0]
 [0 0 0 0 0 0 0 1 0 0 0 0]
 [0 0 0 0 0 0 0 0 0 0 1 0]
 [0 0 0 0 0 0 0 0 1 0 0 0]
 [0 0 0 0 0 0 0 0 1 0 1 0]]
2023-12-16 14:32:31,999 INFO - __main__ - =====================================
2023-12-16 14:32:52,580 INFO - __main__ - before pruning: fdr 1.0, tpr 0.0, fpr 0.018518518518518517, shd 12, nnz 1
2023-12-16 14:32:52,580 INFO - __main__ - after  pruning: fdr 1.0, tpr 0.0, fpr 0.018518518518518517, shd 12, nnz 1
2023-12-16 14:32:52,626 INFO - __main__ - [iter 6000] reward_batch: -13.847241553105032, max_reward: -4.887506145364657, max_reward_batch: -5.82084136313304
2023-12-16 14:32:52,626 INFO - __main__ - graph true: [[0 1 0 0 0 0 0 0 0 0 0 1]
 [0 0 0 0 0 0 0 0 0 0 0 0]
 [1 0 0 0 0 0 0 0 0 0 0 0]
 [1 0 0 0 0 0 0 0 0 0 0 0]
 [0 0 0 0 0 1 0 0 0 0 0 1]
 [0 0 0 0 0 0 0 1 0 0 0 0]
 [0 0 0 0 0 0 0 0 0 0 0 0]
 [0 0 0 0 0 0 0 0 0 0 0 0]
 [0 0 0 0 0 0 0 1 0 0 0 0]
 [0 0 0 0 0 0 0 0 0 0 1 0]
 [0 0 0 0 0 0 0 0 1 0 0 0]
 [0 0 0 0 0 0 0 0 1 0 1 0]]
2023-12-16 14:32:52,627 INFO - __main__ - =====================================
2023-12-16 14:33:11,039 INFO - __main__ - [iter 6500] reward_batch: -10.160212231452556, max_reward: -4.887506145364657, max_reward_batch: -5.0
2023-12-16 14:33:11,040 INFO - __main__ - graph true: [[0 1 0 0 0 0 0 0 0 0 0 1]
 [0 0 0 0 0 0 0 0 0 0 0 0]
 [1 0 0 0 0 0 0 0 0 0 0 0]
 [1 0 0 0 0 0 0 0 0 0 0 0]
 [0 0 0 0 0 1 0 0 0 0 0 1]
 [0 0 0 0 0 0 0 1 0 0 0 0]
 [0 0 0 0 0 0 0 0 0 0 0 0]
 [0 0 0 0 0 0 0 0 0 0 0 0]
 [0 0 0 0 0 0 0 1 0 0 0 0]
 [0 0 0 0 0 0 0 0 0 0 1 0]
 [0 0 0 0 0 0 0 0 1 0 0 0]
 [0 0 0 0 0 0 0 0 1 0 1 0]]
2023-12-16 14:33:11,040 INFO - __main__ - =====================================
2023-12-16 14:33:29,851 INFO - __main__ - before pruning: fdr 1.0, tpr 0.0, fpr 0.018518518518518517, shd 12, nnz 1
2023-12-16 14:33:29,852 INFO - __main__ - after  pruning: fdr 1.0, tpr 0.0, fpr 0.018518518518518517, shd 12, nnz 1
2023-12-16 14:33:29,885 INFO - __main__ - [iter 7000] reward_batch: -342.2148306746701, max_reward: -4.987506145364658, max_reward_batch: -79.57434701048905
2023-12-16 14:33:29,886 INFO - __main__ - graph true: [[0 1 0 0 0 0 0 0 0 0 0 1]
 [0 0 0 0 0 0 0 0 0 0 0 0]
 [1 0 0 0 0 0 0 0 0 0 0 0]
 [1 0 0 0 0 0 0 0 0 0 0 0]
 [0 0 0 0 0 1 0 0 0 0 0 1]
 [0 0 0 0 0 0 0 1 0 0 0 0]
 [0 0 0 0 0 0 0 0 0 0 0 0]
 [0 0 0 0 0 0 0 0 0 0 0 0]
 [0 0 0 0 0 0 0 1 0 0 0 0]
 [0 0 0 0 0 0 0 0 0 0 1 0]
 [0 0 0 0 0 0 0 0 1 0 0 0]
 [0 0 0 0 0 0 0 0 1 0 1 0]]
2023-12-16 14:33:29,887 INFO - __main__ - =====================================
2023-12-16 14:33:47,076 INFO - __main__ - [iter 7500] reward_batch: -351.54193423009934, max_reward: -4.987506145364658, max_reward_batch: -7.112078959058762
2023-12-16 14:33:47,077 INFO - __main__ - graph true: [[0 1 0 0 0 0 0 0 0 0 0 1]
 [0 0 0 0 0 0 0 0 0 0 0 0]
 [1 0 0 0 0 0 0 0 0 0 0 0]
 [1 0 0 0 0 0 0 0 0 0 0 0]
 [0 0 0 0 0 1 0 0 0 0 0 1]
 [0 0 0 0 0 0 0 1 0 0 0 0]
 [0 0 0 0 0 0 0 0 0 0 0 0]
 [0 0 0 0 0 0 0 0 0 0 0 0]
 [0 0 0 0 0 0 0 1 0 0 0 0]
 [0 0 0 0 0 0 0 0 0 0 1 0]
 [0 0 0 0 0 0 0 0 1 0 0 0]
 [0 0 0 0 0 0 0 0 1 0 1 0]]
2023-12-16 14:33:47,078 INFO - __main__ - =====================================
2023-12-16 14:34:06,665 INFO - __main__ - before pruning: fdr 1.0, tpr 0.0, fpr 0.018518518518518517, shd 12, nnz 1
2023-12-16 14:34:06,665 INFO - __main__ - after  pruning: fdr 1.0, tpr 0.0, fpr 0.018518518518518517, shd 12, nnz 1
2023-12-16 14:34:06,701 INFO - __main__ - [iter 8000] reward_batch: -75.64758772993464, max_reward: -5.0875061453646575, max_reward_batch: -51.04213009100163
2023-12-16 14:34:06,702 INFO - __main__ - graph true: [[0 1 0 0 0 0 0 0 0 0 0 1]
 [0 0 0 0 0 0 0 0 0 0 0 0]
 [1 0 0 0 0 0 0 0 0 0 0 0]
 [1 0 0 0 0 0 0 0 0 0 0 0]
 [0 0 0 0 0 1 0 0 0 0 0 1]
 [0 0 0 0 0 0 0 1 0 0 0 0]
 [0 0 0 0 0 0 0 0 0 0 0 0]
 [0 0 0 0 0 0 0 0 0 0 0 0]
 [0 0 0 0 0 0 0 1 0 0 0 0]
 [0 0 0 0 0 0 0 0 0 0 1 0]
 [0 0 0 0 0 0 0 0 1 0 0 0]
 [0 0 0 0 0 0 0 0 1 0 1 0]]
2023-12-16 14:34:06,703 INFO - __main__ - =====================================
2023-12-16 14:34:23,887 INFO - __main__ - [iter 8500] reward_batch: -699.3969871318698, max_reward: -5.0, max_reward_batch: -660.1857633624962
2023-12-16 14:34:23,888 INFO - __main__ - graph true: [[0 1 0 0 0 0 0 0 0 0 0 1]
 [0 0 0 0 0 0 0 0 0 0 0 0]
 [1 0 0 0 0 0 0 0 0 0 0 0]
 [1 0 0 0 0 0 0 0 0 0 0 0]
 [0 0 0 0 0 1 0 0 0 0 0 1]
 [0 0 0 0 0 0 0 1 0 0 0 0]
 [0 0 0 0 0 0 0 0 0 0 0 0]
 [0 0 0 0 0 0 0 0 0 0 0 0]
 [0 0 0 0 0 0 0 1 0 0 0 0]
 [0 0 0 0 0 0 0 0 0 0 1 0]
 [0 0 0 0 0 0 0 0 1 0 0 0]
 [0 0 0 0 0 0 0 0 1 0 1 0]]
2023-12-16 14:34:23,889 INFO - __main__ - =====================================
2023-12-16 14:34:43,351 INFO - __main__ - before pruning: fdr 0.0, tpr 0.0, fpr 0.0, shd 12, nnz 0
2023-12-16 14:34:43,351 INFO - __main__ - after  pruning: fdr 0.0, tpr 0.0, fpr 0.0, shd 12, nnz 0
2023-12-16 14:34:43,385 INFO - __main__ - [iter 9000] reward_batch: -513.1624430955749, max_reward: -5.0, max_reward_batch: -135.16568184528253
2023-12-16 14:34:43,386 INFO - __main__ - graph true: [[0 1 0 0 0 0 0 0 0 0 0 1]
 [0 0 0 0 0 0 0 0 0 0 0 0]
 [1 0 0 0 0 0 0 0 0 0 0 0]
 [1 0 0 0 0 0 0 0 0 0 0 0]
 [0 0 0 0 0 1 0 0 0 0 0 1]
 [0 0 0 0 0 0 0 1 0 0 0 0]
 [0 0 0 0 0 0 0 0 0 0 0 0]
 [0 0 0 0 0 0 0 0 0 0 0 0]
 [0 0 0 0 0 0 0 1 0 0 0 0]
 [0 0 0 0 0 0 0 0 0 0 1 0]
 [0 0 0 0 0 0 0 0 1 0 0 0]
 [0 0 0 0 0 0 0 0 1 0 1 0]]
2023-12-16 14:34:43,386 INFO - __main__ - =====================================
2023-12-16 14:35:00,196 INFO - __main__ - [iter 9500] reward_batch: -27.44525351624676, max_reward: -5.0, max_reward_batch: -9.517337647465103
2023-12-16 14:35:00,197 INFO - __main__ - graph true: [[0 1 0 0 0 0 0 0 0 0 0 1]
 [0 0 0 0 0 0 0 0 0 0 0 0]
 [1 0 0 0 0 0 0 0 0 0 0 0]
 [1 0 0 0 0 0 0 0 0 0 0 0]
 [0 0 0 0 0 1 0 0 0 0 0 1]
 [0 0 0 0 0 0 0 1 0 0 0 0]
 [0 0 0 0 0 0 0 0 0 0 0 0]
 [0 0 0 0 0 0 0 0 0 0 0 0]
 [0 0 0 0 0 0 0 1 0 0 0 0]
 [0 0 0 0 0 0 0 0 0 0 1 0]
 [0 0 0 0 0 0 0 0 1 0 0 0]
 [0 0 0 0 0 0 0 0 1 0 1 0]]
2023-12-16 14:35:00,198 INFO - __main__ - =====================================
2023-12-16 14:35:20,141 INFO - __main__ - before pruning: fdr 0.0, tpr 0.0, fpr 0.0, shd 12, nnz 0
2023-12-16 14:35:20,141 INFO - __main__ - after  pruning: fdr 0.0, tpr 0.0, fpr 0.0, shd 12, nnz 0
2023-12-16 14:35:20,176 INFO - __main__ - [iter 10000] reward_batch: -15.405435424118513, max_reward: -5.0, max_reward_batch: -5.0
2023-12-16 14:35:20,177 INFO - __main__ - graph true: [[0 1 0 0 0 0 0 0 0 0 0 1]
 [0 0 0 0 0 0 0 0 0 0 0 0]
 [1 0 0 0 0 0 0 0 0 0 0 0]
 [1 0 0 0 0 0 0 0 0 0 0 0]
 [0 0 0 0 0 1 0 0 0 0 0 1]
 [0 0 0 0 0 0 0 1 0 0 0 0]
 [0 0 0 0 0 0 0 0 0 0 0 0]
 [0 0 0 0 0 0 0 0 0 0 0 0]
 [0 0 0 0 0 0 0 1 0 0 0 0]
 [0 0 0 0 0 0 0 0 0 0 1 0]
 [0 0 0 0 0 0 0 0 1 0 0 0]
 [0 0 0 0 0 0 0 0 1 0 1 0]]
2023-12-16 14:35:20,178 INFO - __main__ - =====================================
