2023-12-18 23:22:27,032 INFO - helpers.log_helper - Completed configuring logger.
2023-12-18 23:22:27,032 INFO - __main__ - Python version is 3.11.6
2023-12-18 23:22:27,032 INFO - __main__ - Current commit of code: ___
2023-12-18 23:22:27,083 INFO - __main__ - Original sl: 0.561383150838881, su: 0.8891994588967228, strue: 0.7167858618828377
2023-12-18 23:22:27,083 INFO - __main__ - Transfomed sl: 0.561383150838881, su: 0.8891994588967228, lambda2: 0.0001, true: 2.3702712040875116
2023-12-18 23:22:27,682 INFO - __main__ - [iter 1] reward_batch: -1.8493127249479933, max_reward: -1.202576346839436, max_reward_batch: -1.202576346839436
2023-12-18 23:22:27,683 INFO - __main__ - graph true:
 [[0 1 0 0 0 0 0 0 0 0 0 1]
 [0 0 0 0 0 0 0 0 0 0 0 0]
 [1 0 0 0 0 0 0 0 0 0 0 0]
 [1 0 0 0 0 0 0 0 0 0 0 0]
 [0 0 0 0 0 1 0 0 0 0 0 1]
 [0 0 0 0 0 0 0 1 0 0 0 0]
 [0 0 0 0 0 0 0 0 0 0 0 0]
 [0 0 0 0 0 0 0 0 0 0 0 0]
 [0 0 0 0 0 0 0 1 0 0 0 0]
 [0 0 0 0 0 0 0 0 0 0 1 0]
 [0 0 0 0 0 0 0 0 1 0 0 0]
 [0 0 0 0 0 0 0 0 1 0 1 0]]
2023-12-18 23:22:27,685 INFO - __main__ - =====================================
2023-12-18 23:22:49,071 INFO - __main__ - [iter 500] reward_batch: -2.0754894468098337, max_reward: -0.8095518902899307, max_reward_batch: -1.4675037334994407
2023-12-18 23:22:49,072 INFO - __main__ - graph true:
 [[0 1 0 0 0 0 0 0 0 0 0 1]
 [0 0 0 0 0 0 0 0 0 0 0 0]
 [1 0 0 0 0 0 0 0 0 0 0 0]
 [1 0 0 0 0 0 0 0 0 0 0 0]
 [0 0 0 0 0 1 0 0 0 0 0 1]
 [0 0 0 0 0 0 0 1 0 0 0 0]
 [0 0 0 0 0 0 0 0 0 0 0 0]
 [0 0 0 0 0 0 0 0 0 0 0 0]
 [0 0 0 0 0 0 0 1 0 0 0 0]
 [0 0 0 0 0 0 0 0 0 0 1 0]
 [0 0 0 0 0 0 0 0 1 0 0 0]
 [0 0 0 0 0 0 0 0 1 0 1 0]]
2023-12-18 23:22:49,073 INFO - __main__ - =====================================
2023-12-18 23:23:08,495 INFO - __main__ - before pruning: fdr 0.8676470588235294, tpr 0.75, fpr 1.0925925925925926, shd 49, nnz 68
2023-12-18 23:23:08,496 INFO - __main__ - after  pruning: fdr 0.45454545454545453, tpr 0.5, fpr 0.09259259259259259, shd 9, nnz 11
2023-12-18 23:23:08,535 INFO - __main__ - [iter 1000] reward_batch: -5.086461648979146, max_reward: -2.037525048645635, max_reward_batch: -3.7078628518644234
2023-12-18 23:23:08,536 INFO - __main__ - graph true:
 [[0 1 0 0 0 0 0 0 0 0 0 1]
 [0 0 0 0 0 0 0 0 0 0 0 0]
 [1 0 0 0 0 0 0 0 0 0 0 0]
 [1 0 0 0 0 0 0 0 0 0 0 0]
 [0 0 0 0 0 1 0 0 0 0 0 1]
 [0 0 0 0 0 0 0 1 0 0 0 0]
 [0 0 0 0 0 0 0 0 0 0 0 0]
 [0 0 0 0 0 0 0 0 0 0 0 0]
 [0 0 0 0 0 0 0 1 0 0 0 0]
 [0 0 0 0 0 0 0 0 0 0 1 0]
 [0 0 0 0 0 0 0 0 1 0 0 0]
 [0 0 0 0 0 0 0 0 1 0 1 0]]
2023-12-18 23:23:08,537 INFO - __main__ - =====================================
2023-12-18 23:23:27,376 INFO - __main__ - [iter 1500] reward_batch: -3.6474005470042075, max_reward: -2.037525048645635, max_reward_batch: -2.972630871337958
2023-12-18 23:23:27,377 INFO - __main__ - graph true:
 [[0 1 0 0 0 0 0 0 0 0 0 1]
 [0 0 0 0 0 0 0 0 0 0 0 0]
 [1 0 0 0 0 0 0 0 0 0 0 0]
 [1 0 0 0 0 0 0 0 0 0 0 0]
 [0 0 0 0 0 1 0 0 0 0 0 1]
 [0 0 0 0 0 0 0 1 0 0 0 0]
 [0 0 0 0 0 0 0 0 0 0 0 0]
 [0 0 0 0 0 0 0 0 0 0 0 0]
 [0 0 0 0 0 0 0 1 0 0 0 0]
 [0 0 0 0 0 0 0 0 0 0 1 0]
 [0 0 0 0 0 0 0 0 1 0 0 0]
 [0 0 0 0 0 0 0 0 1 0 1 0]]
2023-12-18 23:23:27,378 INFO - __main__ - =====================================
2023-12-18 23:23:52,293 INFO - __main__ - before pruning: fdr 0.8676470588235294, tpr 0.75, fpr 1.0925925925925926, shd 49, nnz 68
2023-12-18 23:23:52,293 INFO - __main__ - after  pruning: fdr 0.45454545454545453, tpr 0.5, fpr 0.09259259259259259, shd 9, nnz 11
2023-12-18 23:23:52,328 INFO - __main__ - [iter 2000] reward_batch: -20.58702706810187, max_reward: -5.798636773499151, max_reward_batch: -8.371012172154032
2023-12-18 23:23:52,329 INFO - __main__ - graph true:
 [[0 1 0 0 0 0 0 0 0 0 0 1]
 [0 0 0 0 0 0 0 0 0 0 0 0]
 [1 0 0 0 0 0 0 0 0 0 0 0]
 [1 0 0 0 0 0 0 0 0 0 0 0]
 [0 0 0 0 0 1 0 0 0 0 0 1]
 [0 0 0 0 0 0 0 1 0 0 0 0]
 [0 0 0 0 0 0 0 0 0 0 0 0]
 [0 0 0 0 0 0 0 0 0 0 0 0]
 [0 0 0 0 0 0 0 1 0 0 0 0]
 [0 0 0 0 0 0 0 0 0 0 1 0]
 [0 0 0 0 0 0 0 0 1 0 0 0]
 [0 0 0 0 0 0 0 0 1 0 1 0]]
2023-12-18 23:23:52,330 INFO - __main__ - =====================================
2023-12-18 23:24:11,000 INFO - __main__ - [iter 2500] reward_batch: -21.52655543826311, max_reward: -4.170059304573135, max_reward_batch: -7.88477037528911
2023-12-18 23:24:11,000 INFO - __main__ - graph true:
 [[0 1 0 0 0 0 0 0 0 0 0 1]
 [0 0 0 0 0 0 0 0 0 0 0 0]
 [1 0 0 0 0 0 0 0 0 0 0 0]
 [1 0 0 0 0 0 0 0 0 0 0 0]
 [0 0 0 0 0 1 0 0 0 0 0 1]
 [0 0 0 0 0 0 0 1 0 0 0 0]
 [0 0 0 0 0 0 0 0 0 0 0 0]
 [0 0 0 0 0 0 0 0 0 0 0 0]
 [0 0 0 0 0 0 0 1 0 0 0 0]
 [0 0 0 0 0 0 0 0 0 0 1 0]
 [0 0 0 0 0 0 0 0 1 0 0 0]
 [0 0 0 0 0 0 0 0 1 0 1 0]]
2023-12-18 23:24:11,002 INFO - __main__ - =====================================
2023-12-18 23:24:32,287 INFO - __main__ - before pruning: fdr 0.9215686274509803, tpr 0.3333333333333333, fpr 0.8703703703703703, shd 45, nnz 51
2023-12-18 23:24:32,287 INFO - __main__ - after  pruning: fdr 0.625, tpr 0.25, fpr 0.09259259259259259, shd 11, nnz 8
2023-12-18 23:24:32,334 INFO - __main__ - [iter 3000] reward_batch: -11.74169566558793, max_reward: -5.170059304573135, max_reward_batch: -6.808842408678236
2023-12-18 23:24:32,335 INFO - __main__ - graph true:
 [[0 1 0 0 0 0 0 0 0 0 0 1]
 [0 0 0 0 0 0 0 0 0 0 0 0]
 [1 0 0 0 0 0 0 0 0 0 0 0]
 [1 0 0 0 0 0 0 0 0 0 0 0]
 [0 0 0 0 0 1 0 0 0 0 0 1]
 [0 0 0 0 0 0 0 1 0 0 0 0]
 [0 0 0 0 0 0 0 0 0 0 0 0]
 [0 0 0 0 0 0 0 0 0 0 0 0]
 [0 0 0 0 0 0 0 1 0 0 0 0]
 [0 0 0 0 0 0 0 0 0 0 1 0]
 [0 0 0 0 0 0 0 0 1 0 0 0]
 [0 0 0 0 0 0 0 0 1 0 1 0]]
2023-12-18 23:24:32,336 INFO - __main__ - =====================================
2023-12-18 23:24:50,737 INFO - __main__ - [iter 3500] reward_batch: -8.305573138119872, max_reward: -5.170059304573135, max_reward_batch: -6.291199972526122
2023-12-18 23:24:50,737 INFO - __main__ - graph true:
 [[0 1 0 0 0 0 0 0 0 0 0 1]
 [0 0 0 0 0 0 0 0 0 0 0 0]
 [1 0 0 0 0 0 0 0 0 0 0 0]
 [1 0 0 0 0 0 0 0 0 0 0 0]
 [0 0 0 0 0 1 0 0 0 0 0 1]
 [0 0 0 0 0 0 0 1 0 0 0 0]
 [0 0 0 0 0 0 0 0 0 0 0 0]
 [0 0 0 0 0 0 0 0 0 0 0 0]
 [0 0 0 0 0 0 0 1 0 0 0 0]
 [0 0 0 0 0 0 0 0 0 0 1 0]
 [0 0 0 0 0 0 0 0 1 0 0 0]
 [0 0 0 0 0 0 0 0 1 0 1 0]]
2023-12-18 23:24:50,738 INFO - __main__ - =====================================
2023-12-18 23:25:10,177 INFO - __main__ - before pruning: fdr 0.9215686274509803, tpr 0.3333333333333333, fpr 0.8703703703703703, shd 45, nnz 51
2023-12-18 23:25:10,177 INFO - __main__ - after  pruning: fdr 0.625, tpr 0.25, fpr 0.09259259259259259, shd 11, nnz 8
2023-12-18 23:25:10,214 INFO - __main__ - [iter 4000] reward_batch: -19.342106906814603, max_reward: -6.170059304573135, max_reward_batch: -15.777784013734976
2023-12-18 23:25:10,215 INFO - __main__ - graph true:
 [[0 1 0 0 0 0 0 0 0 0 0 1]
 [0 0 0 0 0 0 0 0 0 0 0 0]
 [1 0 0 0 0 0 0 0 0 0 0 0]
 [1 0 0 0 0 0 0 0 0 0 0 0]
 [0 0 0 0 0 1 0 0 0 0 0 1]
 [0 0 0 0 0 0 0 1 0 0 0 0]
 [0 0 0 0 0 0 0 0 0 0 0 0]
 [0 0 0 0 0 0 0 0 0 0 0 0]
 [0 0 0 0 0 0 0 1 0 0 0 0]
 [0 0 0 0 0 0 0 0 0 0 1 0]
 [0 0 0 0 0 0 0 0 1 0 0 0]
 [0 0 0 0 0 0 0 0 1 0 1 0]]
2023-12-18 23:25:10,216 INFO - __main__ - =====================================
2023-12-18 23:25:28,743 INFO - __main__ - [iter 4500] reward_batch: -40.30648185755892, max_reward: -6.170059304573135, max_reward_batch: -15.272778952250622
2023-12-18 23:25:28,744 INFO - __main__ - graph true:
 [[0 1 0 0 0 0 0 0 0 0 0 1]
 [0 0 0 0 0 0 0 0 0 0 0 0]
 [1 0 0 0 0 0 0 0 0 0 0 0]
 [1 0 0 0 0 0 0 0 0 0 0 0]
 [0 0 0 0 0 1 0 0 0 0 0 1]
 [0 0 0 0 0 0 0 1 0 0 0 0]
 [0 0 0 0 0 0 0 0 0 0 0 0]
 [0 0 0 0 0 0 0 0 0 0 0 0]
 [0 0 0 0 0 0 0 1 0 0 0 0]
 [0 0 0 0 0 0 0 0 0 0 1 0]
 [0 0 0 0 0 0 0 0 1 0 0 0]
 [0 0 0 0 0 0 0 0 1 0 1 0]]
2023-12-18 23:25:28,745 INFO - __main__ - =====================================
2023-12-18 23:25:49,038 INFO - __main__ - before pruning: fdr 0.9215686274509803, tpr 0.3333333333333333, fpr 0.8703703703703703, shd 45, nnz 51
2023-12-18 23:25:49,038 INFO - __main__ - after  pruning: fdr 0.625, tpr 0.25, fpr 0.09259259259259259, shd 11, nnz 8
2023-12-18 23:25:49,073 INFO - __main__ - [iter 5000] reward_batch: -23.110419753861283, max_reward: -7.170059304573135, max_reward_batch: -13.804263994820097
2023-12-18 23:25:49,074 INFO - __main__ - graph true:
 [[0 1 0 0 0 0 0 0 0 0 0 1]
 [0 0 0 0 0 0 0 0 0 0 0 0]
 [1 0 0 0 0 0 0 0 0 0 0 0]
 [1 0 0 0 0 0 0 0 0 0 0 0]
 [0 0 0 0 0 1 0 0 0 0 0 1]
 [0 0 0 0 0 0 0 1 0 0 0 0]
 [0 0 0 0 0 0 0 0 0 0 0 0]
 [0 0 0 0 0 0 0 0 0 0 0 0]
 [0 0 0 0 0 0 0 1 0 0 0 0]
 [0 0 0 0 0 0 0 0 0 0 1 0]
 [0 0 0 0 0 0 0 0 1 0 0 0]
 [0 0 0 0 0 0 0 0 1 0 1 0]]
2023-12-18 23:25:49,075 INFO - __main__ - =====================================
2023-12-18 23:26:07,475 INFO - __main__ - [iter 5500] reward_batch: -44.556608482647, max_reward: -7.170059304573135, max_reward_batch: -21.051799082638006
2023-12-18 23:26:07,475 INFO - __main__ - graph true:
 [[0 1 0 0 0 0 0 0 0 0 0 1]
 [0 0 0 0 0 0 0 0 0 0 0 0]
 [1 0 0 0 0 0 0 0 0 0 0 0]
 [1 0 0 0 0 0 0 0 0 0 0 0]
 [0 0 0 0 0 1 0 0 0 0 0 1]
 [0 0 0 0 0 0 0 1 0 0 0 0]
 [0 0 0 0 0 0 0 0 0 0 0 0]
 [0 0 0 0 0 0 0 0 0 0 0 0]
 [0 0 0 0 0 0 0 1 0 0 0 0]
 [0 0 0 0 0 0 0 0 0 0 1 0]
 [0 0 0 0 0 0 0 0 1 0 0 0]
 [0 0 0 0 0 0 0 0 1 0 1 0]]
2023-12-18 23:26:07,476 INFO - __main__ - =====================================
2023-12-18 23:26:28,925 INFO - __main__ - before pruning: fdr 0.9215686274509803, tpr 0.3333333333333333, fpr 0.8703703703703703, shd 45, nnz 51
2023-12-18 23:26:28,925 INFO - __main__ - after  pruning: fdr 0.625, tpr 0.25, fpr 0.09259259259259259, shd 11, nnz 8
2023-12-18 23:26:28,963 INFO - __main__ - [iter 6000] reward_batch: -40.73288576598933, max_reward: -7.170059304573135, max_reward_batch: -19.188057028188513
2023-12-18 23:26:28,963 INFO - __main__ - graph true:
 [[0 1 0 0 0 0 0 0 0 0 0 1]
 [0 0 0 0 0 0 0 0 0 0 0 0]
 [1 0 0 0 0 0 0 0 0 0 0 0]
 [1 0 0 0 0 0 0 0 0 0 0 0]
 [0 0 0 0 0 1 0 0 0 0 0 1]
 [0 0 0 0 0 0 0 1 0 0 0 0]
 [0 0 0 0 0 0 0 0 0 0 0 0]
 [0 0 0 0 0 0 0 0 0 0 0 0]
 [0 0 0 0 0 0 0 1 0 0 0 0]
 [0 0 0 0 0 0 0 0 0 0 1 0]
 [0 0 0 0 0 0 0 0 1 0 0 0]
 [0 0 0 0 0 0 0 0 1 0 1 0]]
2023-12-18 23:26:28,964 INFO - __main__ - =====================================
2023-12-18 23:26:46,879 INFO - __main__ - [iter 6500] reward_batch: -30.798282095501254, max_reward: -7.170059304573135, max_reward_batch: -15.742284445623135
2023-12-18 23:26:46,880 INFO - __main__ - graph true:
 [[0 1 0 0 0 0 0 0 0 0 0 1]
 [0 0 0 0 0 0 0 0 0 0 0 0]
 [1 0 0 0 0 0 0 0 0 0 0 0]
 [1 0 0 0 0 0 0 0 0 0 0 0]
 [0 0 0 0 0 1 0 0 0 0 0 1]
 [0 0 0 0 0 0 0 1 0 0 0 0]
 [0 0 0 0 0 0 0 0 0 0 0 0]
 [0 0 0 0 0 0 0 0 0 0 0 0]
 [0 0 0 0 0 0 0 1 0 0 0 0]
 [0 0 0 0 0 0 0 0 0 0 1 0]
 [0 0 0 0 0 0 0 0 1 0 0 0]
 [0 0 0 0 0 0 0 0 1 0 1 0]]
2023-12-18 23:26:46,881 INFO - __main__ - =====================================
2023-12-18 23:27:07,044 INFO - __main__ - before pruning: fdr 0.9215686274509803, tpr 0.3333333333333333, fpr 0.8703703703703703, shd 45, nnz 51
2023-12-18 23:27:07,045 INFO - __main__ - after  pruning: fdr 0.625, tpr 0.25, fpr 0.09259259259259259, shd 11, nnz 8
2023-12-18 23:27:07,077 INFO - __main__ - [iter 7000] reward_batch: -29.936084648604282, max_reward: -7.170059304573135, max_reward_batch: -18.919158419124216
2023-12-18 23:27:07,077 INFO - __main__ - graph true:
 [[0 1 0 0 0 0 0 0 0 0 0 1]
 [0 0 0 0 0 0 0 0 0 0 0 0]
 [1 0 0 0 0 0 0 0 0 0 0 0]
 [1 0 0 0 0 0 0 0 0 0 0 0]
 [0 0 0 0 0 1 0 0 0 0 0 1]
 [0 0 0 0 0 0 0 1 0 0 0 0]
 [0 0 0 0 0 0 0 0 0 0 0 0]
 [0 0 0 0 0 0 0 0 0 0 0 0]
 [0 0 0 0 0 0 0 1 0 0 0 0]
 [0 0 0 0 0 0 0 0 0 0 1 0]
 [0 0 0 0 0 0 0 0 1 0 0 0]
 [0 0 0 0 0 0 0 0 1 0 1 0]]
2023-12-18 23:27:07,079 INFO - __main__ - =====================================
2023-12-18 23:27:25,495 INFO - __main__ - [iter 7500] reward_batch: -29.973341576865334, max_reward: -7.170059304573135, max_reward_batch: -16.047244125960162
2023-12-18 23:27:25,495 INFO - __main__ - graph true:
 [[0 1 0 0 0 0 0 0 0 0 0 1]
 [0 0 0 0 0 0 0 0 0 0 0 0]
 [1 0 0 0 0 0 0 0 0 0 0 0]
 [1 0 0 0 0 0 0 0 0 0 0 0]
 [0 0 0 0 0 1 0 0 0 0 0 1]
 [0 0 0 0 0 0 0 1 0 0 0 0]
 [0 0 0 0 0 0 0 0 0 0 0 0]
 [0 0 0 0 0 0 0 0 0 0 0 0]
 [0 0 0 0 0 0 0 1 0 0 0 0]
 [0 0 0 0 0 0 0 0 0 0 1 0]
 [0 0 0 0 0 0 0 0 1 0 0 0]
 [0 0 0 0 0 0 0 0 1 0 1 0]]
2023-12-18 23:27:25,497 INFO - __main__ - =====================================
2023-12-18 23:27:45,979 INFO - __main__ - before pruning: fdr 0.9215686274509803, tpr 0.3333333333333333, fpr 0.8703703703703703, shd 45, nnz 51
2023-12-18 23:27:45,980 INFO - __main__ - after  pruning: fdr 0.625, tpr 0.25, fpr 0.09259259259259259, shd 11, nnz 8
2023-12-18 23:27:46,015 INFO - __main__ - [iter 8000] reward_batch: -23.7458706784959, max_reward: -7.170059304573135, max_reward_batch: -15.123794091218802
2023-12-18 23:27:46,015 INFO - __main__ - graph true:
 [[0 1 0 0 0 0 0 0 0 0 0 1]
 [0 0 0 0 0 0 0 0 0 0 0 0]
 [1 0 0 0 0 0 0 0 0 0 0 0]
 [1 0 0 0 0 0 0 0 0 0 0 0]
 [0 0 0 0 0 1 0 0 0 0 0 1]
 [0 0 0 0 0 0 0 1 0 0 0 0]
 [0 0 0 0 0 0 0 0 0 0 0 0]
 [0 0 0 0 0 0 0 0 0 0 0 0]
 [0 0 0 0 0 0 0 1 0 0 0 0]
 [0 0 0 0 0 0 0 0 0 0 1 0]
 [0 0 0 0 0 0 0 0 1 0 0 0]
 [0 0 0 0 0 0 0 0 1 0 1 0]]
2023-12-18 23:27:46,016 INFO - __main__ - =====================================
2023-12-18 23:28:04,067 INFO - __main__ - [iter 8500] reward_batch: -17.31843966891615, max_reward: -7.170059304573135, max_reward_batch: -8.744265321494268
2023-12-18 23:28:04,068 INFO - __main__ - graph true:
 [[0 1 0 0 0 0 0 0 0 0 0 1]
 [0 0 0 0 0 0 0 0 0 0 0 0]
 [1 0 0 0 0 0 0 0 0 0 0 0]
 [1 0 0 0 0 0 0 0 0 0 0 0]
 [0 0 0 0 0 1 0 0 0 0 0 1]
 [0 0 0 0 0 0 0 1 0 0 0 0]
 [0 0 0 0 0 0 0 0 0 0 0 0]
 [0 0 0 0 0 0 0 0 0 0 0 0]
 [0 0 0 0 0 0 0 1 0 0 0 0]
 [0 0 0 0 0 0 0 0 0 0 1 0]
 [0 0 0 0 0 0 0 0 1 0 0 0]
 [0 0 0 0 0 0 0 0 1 0 1 0]]
2023-12-18 23:28:04,069 INFO - __main__ - =====================================
2023-12-18 23:28:25,945 INFO - __main__ - before pruning: fdr 0.9215686274509803, tpr 0.3333333333333333, fpr 0.8703703703703703, shd 45, nnz 51
2023-12-18 23:28:25,946 INFO - __main__ - after  pruning: fdr 0.625, tpr 0.25, fpr 0.09259259259259259, shd 11, nnz 8
2023-12-18 23:28:25,979 INFO - __main__ - [iter 9000] reward_batch: -19.25117619703793, max_reward: -7.170059304573135, max_reward_batch: -8.24676540364643
2023-12-18 23:28:25,980 INFO - __main__ - graph true:
 [[0 1 0 0 0 0 0 0 0 0 0 1]
 [0 0 0 0 0 0 0 0 0 0 0 0]
 [1 0 0 0 0 0 0 0 0 0 0 0]
 [1 0 0 0 0 0 0 0 0 0 0 0]
 [0 0 0 0 0 1 0 0 0 0 0 1]
 [0 0 0 0 0 0 0 1 0 0 0 0]
 [0 0 0 0 0 0 0 0 0 0 0 0]
 [0 0 0 0 0 0 0 0 0 0 0 0]
 [0 0 0 0 0 0 0 1 0 0 0 0]
 [0 0 0 0 0 0 0 0 0 0 1 0]
 [0 0 0 0 0 0 0 0 1 0 0 0]
 [0 0 0 0 0 0 0 0 1 0 1 0]]
2023-12-18 23:28:25,981 INFO - __main__ - =====================================
2023-12-18 23:28:43,927 INFO - __main__ - [iter 9500] reward_batch: -11.36563681080312, max_reward: -6.911882530964973, max_reward_batch: -9.091989690802281
2023-12-18 23:28:43,928 INFO - __main__ - graph true:
 [[0 1 0 0 0 0 0 0 0 0 0 1]
 [0 0 0 0 0 0 0 0 0 0 0 0]
 [1 0 0 0 0 0 0 0 0 0 0 0]
 [1 0 0 0 0 0 0 0 0 0 0 0]
 [0 0 0 0 0 1 0 0 0 0 0 1]
 [0 0 0 0 0 0 0 1 0 0 0 0]
 [0 0 0 0 0 0 0 0 0 0 0 0]
 [0 0 0 0 0 0 0 0 0 0 0 0]
 [0 0 0 0 0 0 0 1 0 0 0 0]
 [0 0 0 0 0 0 0 0 0 0 1 0]
 [0 0 0 0 0 0 0 0 1 0 0 0]
 [0 0 0 0 0 0 0 0 1 0 1 0]]
2023-12-18 23:28:43,929 INFO - __main__ - =====================================
2023-12-18 23:29:04,615 INFO - __main__ - before pruning: fdr 0.88, tpr 0.5, fpr 0.8148148148148148, shd 44, nnz 50
2023-12-18 23:29:04,615 INFO - __main__ - after  pruning: fdr 0.5454545454545454, tpr 0.4166666666666667, fpr 0.1111111111111111, shd 10, nnz 11
2023-12-18 23:29:04,650 INFO - __main__ - [iter 10000] reward_batch: -40.72588432008662, max_reward: -6.911882530964973, max_reward_batch: -21.409551366451723
2023-12-18 23:29:04,650 INFO - __main__ - graph true:
 [[0 1 0 0 0 0 0 0 0 0 0 1]
 [0 0 0 0 0 0 0 0 0 0 0 0]
 [1 0 0 0 0 0 0 0 0 0 0 0]
 [1 0 0 0 0 0 0 0 0 0 0 0]
 [0 0 0 0 0 1 0 0 0 0 0 1]
 [0 0 0 0 0 0 0 1 0 0 0 0]
 [0 0 0 0 0 0 0 0 0 0 0 0]
 [0 0 0 0 0 0 0 0 0 0 0 0]
 [0 0 0 0 0 0 0 1 0 0 0 0]
 [0 0 0 0 0 0 0 0 0 0 1 0]
 [0 0 0 0 0 0 0 0 1 0 0 0]
 [0 0 0 0 0 0 0 0 1 0 1 0]]
2023-12-18 23:29:04,651 INFO - __main__ - =====================================
