2023-12-12 14:18:27,338 INFO - helpers.log_helper - Completed configuring logger.
2023-12-12 14:18:27,339 INFO - __main__ - Python version is 3.11.6
2023-12-12 14:18:27,339 INFO - __main__ - Current commit of code: ___
2023-12-12 14:18:27,405 INFO - __main__ - Original sl: 0.561383150838881, su: 0.8891994588967228, strue: 0.7167858618828377
2023-12-12 14:18:27,406 INFO - __main__ - Transfomed sl: 0.561383150838881, su: 0.8891994588967228, lambda2: 0.0001, true: 2.3702712040875116
2023-12-12 14:18:46,874 INFO - __main__ - [iter 1] reward_batch: -5.330908069900005, max_reward: -1.9391138707289788, max_reward_batch: -1.9391138707289788
2023-12-12 14:18:46,875 INFO - __main__ - graph true: [[0 1 0 0 0 0 0 0 0 0 0 1]
 [0 0 0 0 0 0 0 0 0 0 0 0]
 [1 0 0 0 0 0 0 0 0 0 0 0]
 [1 0 0 0 0 0 0 0 0 0 0 0]
 [0 0 0 0 0 1 0 0 0 0 0 1]
 [0 0 0 0 0 0 0 1 0 0 0 0]
 [0 0 0 0 0 0 0 0 0 0 0 0]
 [0 0 0 0 0 0 0 0 0 0 0 0]
 [0 0 0 0 0 0 0 1 0 0 0 0]
 [0 0 0 0 0 0 0 0 0 0 1 0]
 [0 0 0 0 0 0 0 0 1 0 0 0]
 [0 0 0 0 0 0 0 0 1 0 1 0]]
2023-12-12 14:18:46,876 INFO - __main__ - =====================================
2023-12-12 14:19:14,341 INFO - __main__ - [iter 500] reward_batch: -3.8972230923639573, max_reward: -0.7328614899234863, max_reward_batch: -2.3809779725638016
2023-12-12 14:19:14,341 INFO - __main__ - graph true: [[0 1 0 0 0 0 0 0 0 0 0 1]
 [0 0 0 0 0 0 0 0 0 0 0 0]
 [1 0 0 0 0 0 0 0 0 0 0 0]
 [1 0 0 0 0 0 0 0 0 0 0 0]
 [0 0 0 0 0 1 0 0 0 0 0 1]
 [0 0 0 0 0 0 0 1 0 0 0 0]
 [0 0 0 0 0 0 0 0 0 0 0 0]
 [0 0 0 0 0 0 0 0 0 0 0 0]
 [0 0 0 0 0 0 0 1 0 0 0 0]
 [0 0 0 0 0 0 0 0 0 0 1 0]
 [0 0 0 0 0 0 0 0 1 0 0 0]
 [0 0 0 0 0 0 0 0 1 0 1 0]]
2023-12-12 14:19:14,342 INFO - __main__ - =====================================
2023-12-12 14:19:40,879 INFO - __main__ - before pruning: fdr 0.8888888888888888, tpr 0.8333333333333334, fpr 1.4814814814814814, shd 64, nnz 90
2023-12-12 14:19:40,879 INFO - __main__ - after  pruning: fdr 0.5454545454545454, tpr 0.4166666666666667, fpr 0.1111111111111111, shd 10, nnz 11
2023-12-12 14:19:40,947 INFO - __main__ - [iter 1000] reward_batch: -7.572794889733823, max_reward: -5.617218759600966, max_reward_batch: -5.617218759600966
2023-12-12 14:19:40,947 INFO - __main__ - graph true: [[0 1 0 0 0 0 0 0 0 0 0 1]
 [0 0 0 0 0 0 0 0 0 0 0 0]
 [1 0 0 0 0 0 0 0 0 0 0 0]
 [1 0 0 0 0 0 0 0 0 0 0 0]
 [0 0 0 0 0 1 0 0 0 0 0 1]
 [0 0 0 0 0 0 0 1 0 0 0 0]
 [0 0 0 0 0 0 0 0 0 0 0 0]
 [0 0 0 0 0 0 0 0 0 0 0 0]
 [0 0 0 0 0 0 0 1 0 0 0 0]
 [0 0 0 0 0 0 0 0 0 0 1 0]
 [0 0 0 0 0 0 0 0 1 0 0 0]
 [0 0 0 0 0 0 0 0 1 0 1 0]]
2023-12-12 14:19:40,948 INFO - __main__ - =====================================
2023-12-12 14:20:11,086 INFO - __main__ - [iter 1500] reward_batch: -8.743242813237767, max_reward: -4.2206288711687, max_reward_batch: -7.464500046477164
2023-12-12 14:20:11,086 INFO - __main__ - graph true: [[0 1 0 0 0 0 0 0 0 0 0 1]
 [0 0 0 0 0 0 0 0 0 0 0 0]
 [1 0 0 0 0 0 0 0 0 0 0 0]
 [1 0 0 0 0 0 0 0 0 0 0 0]
 [0 0 0 0 0 1 0 0 0 0 0 1]
 [0 0 0 0 0 0 0 1 0 0 0 0]
 [0 0 0 0 0 0 0 0 0 0 0 0]
 [0 0 0 0 0 0 0 0 0 0 0 0]
 [0 0 0 0 0 0 0 1 0 0 0 0]
 [0 0 0 0 0 0 0 0 0 0 1 0]
 [0 0 0 0 0 0 0 0 1 0 0 0]
 [0 0 0 0 0 0 0 0 1 0 1 0]]
2023-12-12 14:20:11,087 INFO - __main__ - =====================================
2023-12-12 14:20:36,969 INFO - __main__ - before pruning: fdr 0.5, tpr 0.08333333333333333, fpr 0.018518518518518517, shd 11, nnz 2
2023-12-12 14:20:36,969 INFO - __main__ - after  pruning: fdr 0.5, tpr 0.08333333333333333, fpr 0.018518518518518517, shd 11, nnz 2
2023-12-12 14:20:37,073 INFO - __main__ - [iter 2000] reward_batch: -456.1177160178295, max_reward: -4.4206288711687005, max_reward_batch: -359.27293498000114
2023-12-12 14:20:37,073 INFO - __main__ - graph true: [[0 1 0 0 0 0 0 0 0 0 0 1]
 [0 0 0 0 0 0 0 0 0 0 0 0]
 [1 0 0 0 0 0 0 0 0 0 0 0]
 [1 0 0 0 0 0 0 0 0 0 0 0]
 [0 0 0 0 0 1 0 0 0 0 0 1]
 [0 0 0 0 0 0 0 1 0 0 0 0]
 [0 0 0 0 0 0 0 0 0 0 0 0]
 [0 0 0 0 0 0 0 0 0 0 0 0]
 [0 0 0 0 0 0 0 1 0 0 0 0]
 [0 0 0 0 0 0 0 0 0 0 1 0]
 [0 0 0 0 0 0 0 0 1 0 0 0]
 [0 0 0 0 0 0 0 0 1 0 1 0]]
2023-12-12 14:20:37,074 INFO - __main__ - =====================================
2023-12-12 14:21:04,023 INFO - __main__ - [iter 2500] reward_batch: -11.903048026627234, max_reward: -4.4206288711687005, max_reward_batch: -6.3714866679298625
2023-12-12 14:21:04,024 INFO - __main__ - graph true: [[0 1 0 0 0 0 0 0 0 0 0 1]
 [0 0 0 0 0 0 0 0 0 0 0 0]
 [1 0 0 0 0 0 0 0 0 0 0 0]
 [1 0 0 0 0 0 0 0 0 0 0 0]
 [0 0 0 0 0 1 0 0 0 0 0 1]
 [0 0 0 0 0 0 0 1 0 0 0 0]
 [0 0 0 0 0 0 0 0 0 0 0 0]
 [0 0 0 0 0 0 0 0 0 0 0 0]
 [0 0 0 0 0 0 0 1 0 0 0 0]
 [0 0 0 0 0 0 0 0 0 0 1 0]
 [0 0 0 0 0 0 0 0 1 0 0 0]
 [0 0 0 0 0 0 0 0 1 0 1 0]]
2023-12-12 14:21:04,025 INFO - __main__ - =====================================
2023-12-12 14:21:30,422 INFO - __main__ - before pruning: fdr 0.5, tpr 0.08333333333333333, fpr 0.018518518518518517, shd 11, nnz 2
2023-12-12 14:21:30,422 INFO - __main__ - after  pruning: fdr 0.5, tpr 0.08333333333333333, fpr 0.018518518518518517, shd 11, nnz 2
2023-12-12 14:21:30,481 INFO - __main__ - [iter 3000] reward_batch: -61.955677605848315, max_reward: -4.519804231147743, max_reward_batch: -22.450963552331082
2023-12-12 14:21:30,482 INFO - __main__ - graph true: [[0 1 0 0 0 0 0 0 0 0 0 1]
 [0 0 0 0 0 0 0 0 0 0 0 0]
 [1 0 0 0 0 0 0 0 0 0 0 0]
 [1 0 0 0 0 0 0 0 0 0 0 0]
 [0 0 0 0 0 1 0 0 0 0 0 1]
 [0 0 0 0 0 0 0 1 0 0 0 0]
 [0 0 0 0 0 0 0 0 0 0 0 0]
 [0 0 0 0 0 0 0 0 0 0 0 0]
 [0 0 0 0 0 0 0 1 0 0 0 0]
 [0 0 0 0 0 0 0 0 0 0 1 0]
 [0 0 0 0 0 0 0 0 1 0 0 0]
 [0 0 0 0 0 0 0 0 1 0 1 0]]
2023-12-12 14:21:30,483 INFO - __main__ - =====================================
2023-12-12 14:21:57,391 INFO - __main__ - [iter 3500] reward_batch: -125.7957344147358, max_reward: -4.519804231147743, max_reward_batch: -22.855426512611395
2023-12-12 14:21:57,392 INFO - __main__ - graph true: [[0 1 0 0 0 0 0 0 0 0 0 1]
 [0 0 0 0 0 0 0 0 0 0 0 0]
 [1 0 0 0 0 0 0 0 0 0 0 0]
 [1 0 0 0 0 0 0 0 0 0 0 0]
 [0 0 0 0 0 1 0 0 0 0 0 1]
 [0 0 0 0 0 0 0 1 0 0 0 0]
 [0 0 0 0 0 0 0 0 0 0 0 0]
 [0 0 0 0 0 0 0 0 0 0 0 0]
 [0 0 0 0 0 0 0 1 0 0 0 0]
 [0 0 0 0 0 0 0 0 0 0 1 0]
 [0 0 0 0 0 0 0 0 1 0 0 0]
 [0 0 0 0 0 0 0 0 1 0 1 0]]
2023-12-12 14:21:57,393 INFO - __main__ - =====================================
2023-12-12 14:22:24,578 INFO - __main__ - before pruning: fdr 0.5, tpr 0.08333333333333333, fpr 0.018518518518518517, shd 11, nnz 2
2023-12-12 14:22:24,579 INFO - __main__ - after  pruning: fdr 0.5, tpr 0.08333333333333333, fpr 0.018518518518518517, shd 11, nnz 2
2023-12-12 14:22:24,617 INFO - __main__ - [iter 4000] reward_batch: -261.4792588660684, max_reward: -4.719804231147743, max_reward_batch: -14.840832326072414
2023-12-12 14:22:24,618 INFO - __main__ - graph true: [[0 1 0 0 0 0 0 0 0 0 0 1]
 [0 0 0 0 0 0 0 0 0 0 0 0]
 [1 0 0 0 0 0 0 0 0 0 0 0]
 [1 0 0 0 0 0 0 0 0 0 0 0]
 [0 0 0 0 0 1 0 0 0 0 0 1]
 [0 0 0 0 0 0 0 1 0 0 0 0]
 [0 0 0 0 0 0 0 0 0 0 0 0]
 [0 0 0 0 0 0 0 0 0 0 0 0]
 [0 0 0 0 0 0 0 1 0 0 0 0]
 [0 0 0 0 0 0 0 0 0 0 1 0]
 [0 0 0 0 0 0 0 0 1 0 0 0]
 [0 0 0 0 0 0 0 0 1 0 1 0]]
2023-12-12 14:22:24,619 INFO - __main__ - =====================================
2023-12-12 14:22:49,559 INFO - __main__ - [iter 4500] reward_batch: -195.28448497348816, max_reward: -4.719804231147743, max_reward_batch: -97.17548462262789
2023-12-12 14:22:49,560 INFO - __main__ - graph true: [[0 1 0 0 0 0 0 0 0 0 0 1]
 [0 0 0 0 0 0 0 0 0 0 0 0]
 [1 0 0 0 0 0 0 0 0 0 0 0]
 [1 0 0 0 0 0 0 0 0 0 0 0]
 [0 0 0 0 0 1 0 0 0 0 0 1]
 [0 0 0 0 0 0 0 1 0 0 0 0]
 [0 0 0 0 0 0 0 0 0 0 0 0]
 [0 0 0 0 0 0 0 0 0 0 0 0]
 [0 0 0 0 0 0 0 1 0 0 0 0]
 [0 0 0 0 0 0 0 0 0 0 1 0]
 [0 0 0 0 0 0 0 0 1 0 0 0]
 [0 0 0 0 0 0 0 0 1 0 1 0]]
2023-12-12 14:22:49,561 INFO - __main__ - =====================================
2023-12-12 14:23:17,403 INFO - __main__ - before pruning: fdr 1.0, tpr 0.0, fpr 0.018518518518518517, shd 12, nnz 1
2023-12-12 14:23:17,403 INFO - __main__ - after  pruning: fdr 1.0, tpr 0.0, fpr 0.018518518518518517, shd 12, nnz 1
2023-12-12 14:23:17,538 INFO - __main__ - [iter 5000] reward_batch: -26.967103092935115, max_reward: -4.787506145364658, max_reward_batch: -5.45932381589633
2023-12-12 14:23:17,539 INFO - __main__ - graph true: [[0 1 0 0 0 0 0 0 0 0 0 1]
 [0 0 0 0 0 0 0 0 0 0 0 0]
 [1 0 0 0 0 0 0 0 0 0 0 0]
 [1 0 0 0 0 0 0 0 0 0 0 0]
 [0 0 0 0 0 1 0 0 0 0 0 1]
 [0 0 0 0 0 0 0 1 0 0 0 0]
 [0 0 0 0 0 0 0 0 0 0 0 0]
 [0 0 0 0 0 0 0 0 0 0 0 0]
 [0 0 0 0 0 0 0 1 0 0 0 0]
 [0 0 0 0 0 0 0 0 0 0 1 0]
 [0 0 0 0 0 0 0 0 1 0 0 0]
 [0 0 0 0 0 0 0 0 1 0 1 0]]
2023-12-12 14:23:17,540 INFO - __main__ - =====================================
2023-12-12 14:23:43,432 INFO - __main__ - [iter 5500] reward_batch: -626.4923736311046, max_reward: -4.787506145364658, max_reward_batch: -371.6978131997758
2023-12-12 14:23:43,433 INFO - __main__ - graph true: [[0 1 0 0 0 0 0 0 0 0 0 1]
 [0 0 0 0 0 0 0 0 0 0 0 0]
 [1 0 0 0 0 0 0 0 0 0 0 0]
 [1 0 0 0 0 0 0 0 0 0 0 0]
 [0 0 0 0 0 1 0 0 0 0 0 1]
 [0 0 0 0 0 0 0 1 0 0 0 0]
 [0 0 0 0 0 0 0 0 0 0 0 0]
 [0 0 0 0 0 0 0 0 0 0 0 0]
 [0 0 0 0 0 0 0 1 0 0 0 0]
 [0 0 0 0 0 0 0 0 0 0 1 0]
 [0 0 0 0 0 0 0 0 1 0 0 0]
 [0 0 0 0 0 0 0 0 1 0 1 0]]
2023-12-12 14:23:43,433 INFO - __main__ - =====================================
2023-12-12 14:24:09,706 INFO - __main__ - before pruning: fdr 1.0, tpr 0.0, fpr 0.018518518518518517, shd 12, nnz 1
2023-12-12 14:24:09,706 INFO - __main__ - after  pruning: fdr 1.0, tpr 0.0, fpr 0.018518518518518517, shd 12, nnz 1
2023-12-12 14:24:09,750 INFO - __main__ - [iter 6000] reward_batch: -7.571062729372471, max_reward: -4.887506145364657, max_reward_batch: -4.887506145364657
2023-12-12 14:24:09,751 INFO - __main__ - graph true: [[0 1 0 0 0 0 0 0 0 0 0 1]
 [0 0 0 0 0 0 0 0 0 0 0 0]
 [1 0 0 0 0 0 0 0 0 0 0 0]
 [1 0 0 0 0 0 0 0 0 0 0 0]
 [0 0 0 0 0 1 0 0 0 0 0 1]
 [0 0 0 0 0 0 0 1 0 0 0 0]
 [0 0 0 0 0 0 0 0 0 0 0 0]
 [0 0 0 0 0 0 0 0 0 0 0 0]
 [0 0 0 0 0 0 0 1 0 0 0 0]
 [0 0 0 0 0 0 0 0 0 0 1 0]
 [0 0 0 0 0 0 0 0 1 0 0 0]
 [0 0 0 0 0 0 0 0 1 0 1 0]]
2023-12-12 14:24:09,752 INFO - __main__ - =====================================
2023-12-12 14:24:34,731 INFO - __main__ - [iter 6500] reward_batch: -45.48966074006222, max_reward: -4.887506145364657, max_reward_batch: -28.016505577892477
2023-12-12 14:24:34,731 INFO - __main__ - graph true: [[0 1 0 0 0 0 0 0 0 0 0 1]
 [0 0 0 0 0 0 0 0 0 0 0 0]
 [1 0 0 0 0 0 0 0 0 0 0 0]
 [1 0 0 0 0 0 0 0 0 0 0 0]
 [0 0 0 0 0 1 0 0 0 0 0 1]
 [0 0 0 0 0 0 0 1 0 0 0 0]
 [0 0 0 0 0 0 0 0 0 0 0 0]
 [0 0 0 0 0 0 0 0 0 0 0 0]
 [0 0 0 0 0 0 0 1 0 0 0 0]
 [0 0 0 0 0 0 0 0 0 0 1 0]
 [0 0 0 0 0 0 0 0 1 0 0 0]
 [0 0 0 0 0 0 0 0 1 0 1 0]]
2023-12-12 14:24:34,732 INFO - __main__ - =====================================
2023-12-12 14:25:04,572 INFO - __main__ - before pruning: fdr 1.0, tpr 0.0, fpr 0.018518518518518517, shd 12, nnz 1
2023-12-12 14:25:04,573 INFO - __main__ - after  pruning: fdr 1.0, tpr 0.0, fpr 0.018518518518518517, shd 12, nnz 1
2023-12-12 14:25:04,610 INFO - __main__ - [iter 7000] reward_batch: -8.979086338339068, max_reward: -4.987506145364658, max_reward_batch: -5.0
2023-12-12 14:25:04,611 INFO - __main__ - graph true: [[0 1 0 0 0 0 0 0 0 0 0 1]
 [0 0 0 0 0 0 0 0 0 0 0 0]
 [1 0 0 0 0 0 0 0 0 0 0 0]
 [1 0 0 0 0 0 0 0 0 0 0 0]
 [0 0 0 0 0 1 0 0 0 0 0 1]
 [0 0 0 0 0 0 0 1 0 0 0 0]
 [0 0 0 0 0 0 0 0 0 0 0 0]
 [0 0 0 0 0 0 0 0 0 0 0 0]
 [0 0 0 0 0 0 0 1 0 0 0 0]
 [0 0 0 0 0 0 0 0 0 0 1 0]
 [0 0 0 0 0 0 0 0 1 0 0 0]
 [0 0 0 0 0 0 0 0 1 0 1 0]]
2023-12-12 14:25:04,612 INFO - __main__ - =====================================
2023-12-12 14:25:28,397 INFO - __main__ - [iter 7500] reward_batch: -255.52150040368286, max_reward: -4.987506145364658, max_reward_batch: -40.10877952514102
2023-12-12 14:25:28,397 INFO - __main__ - graph true: [[0 1 0 0 0 0 0 0 0 0 0 1]
 [0 0 0 0 0 0 0 0 0 0 0 0]
 [1 0 0 0 0 0 0 0 0 0 0 0]
 [1 0 0 0 0 0 0 0 0 0 0 0]
 [0 0 0 0 0 1 0 0 0 0 0 1]
 [0 0 0 0 0 0 0 1 0 0 0 0]
 [0 0 0 0 0 0 0 0 0 0 0 0]
 [0 0 0 0 0 0 0 0 0 0 0 0]
 [0 0 0 0 0 0 0 1 0 0 0 0]
 [0 0 0 0 0 0 0 0 0 0 1 0]
 [0 0 0 0 0 0 0 0 1 0 0 0]
 [0 0 0 0 0 0 0 0 1 0 1 0]]
2023-12-12 14:25:28,398 INFO - __main__ - =====================================
2023-12-12 14:25:55,443 INFO - __main__ - before pruning: fdr 1.0, tpr 0.0, fpr 0.018518518518518517, shd 12, nnz 1
2023-12-12 14:25:55,443 INFO - __main__ - after  pruning: fdr 1.0, tpr 0.0, fpr 0.018518518518518517, shd 12, nnz 1
2023-12-12 14:25:55,485 INFO - __main__ - [iter 8000] reward_batch: -5.461398540864975, max_reward: -5.0, max_reward_batch: -5.0
2023-12-12 14:25:55,485 INFO - __main__ - graph true: [[0 1 0 0 0 0 0 0 0 0 0 1]
 [0 0 0 0 0 0 0 0 0 0 0 0]
 [1 0 0 0 0 0 0 0 0 0 0 0]
 [1 0 0 0 0 0 0 0 0 0 0 0]
 [0 0 0 0 0 1 0 0 0 0 0 1]
 [0 0 0 0 0 0 0 1 0 0 0 0]
 [0 0 0 0 0 0 0 0 0 0 0 0]
 [0 0 0 0 0 0 0 0 0 0 0 0]
 [0 0 0 0 0 0 0 1 0 0 0 0]
 [0 0 0 0 0 0 0 0 0 0 1 0]
 [0 0 0 0 0 0 0 0 1 0 0 0]
 [0 0 0 0 0 0 0 0 1 0 1 0]]
2023-12-12 14:25:55,486 INFO - __main__ - =====================================
2023-12-12 14:26:19,206 INFO - __main__ - [iter 8500] reward_batch: -13.170460055338868, max_reward: -5.0, max_reward_batch: -6.468536289399957
2023-12-12 14:26:19,206 INFO - __main__ - graph true: [[0 1 0 0 0 0 0 0 0 0 0 1]
 [0 0 0 0 0 0 0 0 0 0 0 0]
 [1 0 0 0 0 0 0 0 0 0 0 0]
 [1 0 0 0 0 0 0 0 0 0 0 0]
 [0 0 0 0 0 1 0 0 0 0 0 1]
 [0 0 0 0 0 0 0 1 0 0 0 0]
 [0 0 0 0 0 0 0 0 0 0 0 0]
 [0 0 0 0 0 0 0 0 0 0 0 0]
 [0 0 0 0 0 0 0 1 0 0 0 0]
 [0 0 0 0 0 0 0 0 0 0 1 0]
 [0 0 0 0 0 0 0 0 1 0 0 0]
 [0 0 0 0 0 0 0 0 1 0 1 0]]
2023-12-12 14:26:19,207 INFO - __main__ - =====================================
2023-12-12 14:26:45,937 INFO - __main__ - before pruning: fdr 0.0, tpr 0.0, fpr 0.0, shd 12, nnz 0
2023-12-12 14:26:45,937 INFO - __main__ - after  pruning: fdr 0.0, tpr 0.0, fpr 0.0, shd 12, nnz 0
2023-12-12 14:26:45,971 INFO - __main__ - [iter 9000] reward_batch: -98.56978440667787, max_reward: -5.0, max_reward_batch: -50.2808571014118
2023-12-12 14:26:45,972 INFO - __main__ - graph true: [[0 1 0 0 0 0 0 0 0 0 0 1]
 [0 0 0 0 0 0 0 0 0 0 0 0]
 [1 0 0 0 0 0 0 0 0 0 0 0]
 [1 0 0 0 0 0 0 0 0 0 0 0]
 [0 0 0 0 0 1 0 0 0 0 0 1]
 [0 0 0 0 0 0 0 1 0 0 0 0]
 [0 0 0 0 0 0 0 0 0 0 0 0]
 [0 0 0 0 0 0 0 0 0 0 0 0]
 [0 0 0 0 0 0 0 1 0 0 0 0]
 [0 0 0 0 0 0 0 0 0 0 1 0]
 [0 0 0 0 0 0 0 0 1 0 0 0]
 [0 0 0 0 0 0 0 0 1 0 1 0]]
2023-12-12 14:26:45,972 INFO - __main__ - =====================================
2023-12-12 14:27:10,405 INFO - __main__ - [iter 9500] reward_batch: -276.50070768486523, max_reward: -5.0, max_reward_batch: -26.06178925732481
2023-12-12 14:27:10,406 INFO - __main__ - graph true: [[0 1 0 0 0 0 0 0 0 0 0 1]
 [0 0 0 0 0 0 0 0 0 0 0 0]
 [1 0 0 0 0 0 0 0 0 0 0 0]
 [1 0 0 0 0 0 0 0 0 0 0 0]
 [0 0 0 0 0 1 0 0 0 0 0 1]
 [0 0 0 0 0 0 0 1 0 0 0 0]
 [0 0 0 0 0 0 0 0 0 0 0 0]
 [0 0 0 0 0 0 0 0 0 0 0 0]
 [0 0 0 0 0 0 0 1 0 0 0 0]
 [0 0 0 0 0 0 0 0 0 0 1 0]
 [0 0 0 0 0 0 0 0 1 0 0 0]
 [0 0 0 0 0 0 0 0 1 0 1 0]]
2023-12-12 14:27:10,407 INFO - __main__ - =====================================
2023-12-12 14:27:38,599 INFO - __main__ - before pruning: fdr 0.0, tpr 0.0, fpr 0.0, shd 12, nnz 0
2023-12-12 14:27:38,600 INFO - __main__ - after  pruning: fdr 0.0, tpr 0.0, fpr 0.0, shd 12, nnz 0
2023-12-12 14:27:38,642 INFO - __main__ - [iter 10000] reward_batch: -348.14316284801623, max_reward: -5.0, max_reward_batch: -49.801191047036504
2023-12-12 14:27:38,642 INFO - __main__ - graph true: [[0 1 0 0 0 0 0 0 0 0 0 1]
 [0 0 0 0 0 0 0 0 0 0 0 0]
 [1 0 0 0 0 0 0 0 0 0 0 0]
 [1 0 0 0 0 0 0 0 0 0 0 0]
 [0 0 0 0 0 1 0 0 0 0 0 1]
 [0 0 0 0 0 0 0 1 0 0 0 0]
 [0 0 0 0 0 0 0 0 0 0 0 0]
 [0 0 0 0 0 0 0 0 0 0 0 0]
 [0 0 0 0 0 0 0 1 0 0 0 0]
 [0 0 0 0 0 0 0 0 0 0 1 0]
 [0 0 0 0 0 0 0 0 1 0 0 0]
 [0 0 0 0 0 0 0 0 1 0 1 0]]
2023-12-12 14:27:38,643 INFO - __main__ - =====================================
