2023-12-16 19:18:11,476 INFO - helpers.log_helper - Completed configuring logger.
2023-12-16 19:18:11,476 INFO - __main__ - Python version is 3.11.6
2023-12-16 19:18:11,476 INFO - __main__ - Current commit of code: ___
2023-12-16 19:18:11,517 INFO - __main__ - Original sl: 0.561383150838881, su: 0.8891994588967228, strue: 0.7167858618828377
2023-12-16 19:18:11,517 INFO - __main__ - Transfomed sl: 0.561383150838881, su: 0.8891994588967228, lambda2: 0.0001, true: 2.3702712040875116
2023-12-16 19:18:12,056 INFO - __main__ - [iter 1] reward_batch: -2.3239310731532448, max_reward: -1.8075448686726794, max_reward_batch: -1.8075448686726794
2023-12-16 19:18:12,056 INFO - __main__ - graph true: [[0 1 0 0 0 0 0 0 0 0 0 1]
 [0 0 0 0 0 0 0 0 0 0 0 0]
 [1 0 0 0 0 0 0 0 0 0 0 0]
 [1 0 0 0 0 0 0 0 0 0 0 0]
 [0 0 0 0 0 1 0 0 0 0 0 1]
 [0 0 0 0 0 0 0 1 0 0 0 0]
 [0 0 0 0 0 0 0 0 0 0 0 0]
 [0 0 0 0 0 0 0 0 0 0 0 0]
 [0 0 0 0 0 0 0 1 0 0 0 0]
 [0 0 0 0 0 0 0 0 0 0 1 0]
 [0 0 0 0 0 0 0 0 1 0 0 0]
 [0 0 0 0 0 0 0 0 1 0 1 0]]
2023-12-16 19:18:12,057 INFO - __main__ - =====================================
2023-12-16 19:18:34,112 INFO - __main__ - [iter 500] reward_batch: -1.9721986397046287, max_reward: -0.738876897116224, max_reward_batch: -1.5210567137484894
2023-12-16 19:18:34,112 INFO - __main__ - graph true: [[0 1 0 0 0 0 0 0 0 0 0 1]
 [0 0 0 0 0 0 0 0 0 0 0 0]
 [1 0 0 0 0 0 0 0 0 0 0 0]
 [1 0 0 0 0 0 0 0 0 0 0 0]
 [0 0 0 0 0 1 0 0 0 0 0 1]
 [0 0 0 0 0 0 0 1 0 0 0 0]
 [0 0 0 0 0 0 0 0 0 0 0 0]
 [0 0 0 0 0 0 0 0 0 0 0 0]
 [0 0 0 0 0 0 0 1 0 0 0 0]
 [0 0 0 0 0 0 0 0 0 0 1 0]
 [0 0 0 0 0 0 0 0 1 0 0 0]
 [0 0 0 0 0 0 0 0 1 0 1 0]]
2023-12-16 19:18:34,113 INFO - __main__ - =====================================
2023-12-16 19:18:51,763 INFO - __main__ - before pruning: fdr 0.8513513513513513, tpr 0.9166666666666666, fpr 1.1666666666666667, shd 51, nnz 74
2023-12-16 19:18:51,763 INFO - __main__ - after  pruning: fdr 0.5, tpr 0.4166666666666667, fpr 0.09259259259259259, shd 10, nnz 10
2023-12-16 19:18:51,805 INFO - __main__ - [iter 1000] reward_batch: -10.42812898805621, max_reward: -9.354432221489965, max_reward_batch: -9.354432221489965
2023-12-16 19:18:51,806 INFO - __main__ - graph true: [[0 1 0 0 0 0 0 0 0 0 0 1]
 [0 0 0 0 0 0 0 0 0 0 0 0]
 [1 0 0 0 0 0 0 0 0 0 0 0]
 [1 0 0 0 0 0 0 0 0 0 0 0]
 [0 0 0 0 0 1 0 0 0 0 0 1]
 [0 0 0 0 0 0 0 1 0 0 0 0]
 [0 0 0 0 0 0 0 0 0 0 0 0]
 [0 0 0 0 0 0 0 0 0 0 0 0]
 [0 0 0 0 0 0 0 1 0 0 0 0]
 [0 0 0 0 0 0 0 0 0 0 1 0]
 [0 0 0 0 0 0 0 0 1 0 0 0]
 [0 0 0 0 0 0 0 0 1 0 1 0]]
2023-12-16 19:18:51,807 INFO - __main__ - =====================================
2023-12-16 19:19:08,694 INFO - __main__ - [iter 1500] reward_batch: -11.166511022268637, max_reward: -7.7460594113502825, max_reward_batch: -9.96683865424171
2023-12-16 19:19:08,695 INFO - __main__ - graph true: [[0 1 0 0 0 0 0 0 0 0 0 1]
 [0 0 0 0 0 0 0 0 0 0 0 0]
 [1 0 0 0 0 0 0 0 0 0 0 0]
 [1 0 0 0 0 0 0 0 0 0 0 0]
 [0 0 0 0 0 1 0 0 0 0 0 1]
 [0 0 0 0 0 0 0 1 0 0 0 0]
 [0 0 0 0 0 0 0 0 0 0 0 0]
 [0 0 0 0 0 0 0 0 0 0 0 0]
 [0 0 0 0 0 0 0 1 0 0 0 0]
 [0 0 0 0 0 0 0 0 0 0 1 0]
 [0 0 0 0 0 0 0 0 1 0 0 0]
 [0 0 0 0 0 0 0 0 1 0 1 0]]
2023-12-16 19:19:08,696 INFO - __main__ - =====================================
2023-12-16 19:19:26,202 INFO - __main__ - before pruning: fdr 0.8723404255319149, tpr 0.5, fpr 0.7592592592592593, shd 38, nnz 47
2023-12-16 19:19:26,202 INFO - __main__ - after  pruning: fdr 0.5714285714285714, tpr 0.25, fpr 0.07407407407407407, shd 11, nnz 7
2023-12-16 19:19:26,263 INFO - __main__ - [iter 2000] reward_batch: -22.879659230537175, max_reward: -14.399895287815127, max_reward_batch: -17.733636200501603
2023-12-16 19:19:26,264 INFO - __main__ - graph true: [[0 1 0 0 0 0 0 0 0 0 0 1]
 [0 0 0 0 0 0 0 0 0 0 0 0]
 [1 0 0 0 0 0 0 0 0 0 0 0]
 [1 0 0 0 0 0 0 0 0 0 0 0]
 [0 0 0 0 0 1 0 0 0 0 0 1]
 [0 0 0 0 0 0 0 1 0 0 0 0]
 [0 0 0 0 0 0 0 0 0 0 0 0]
 [0 0 0 0 0 0 0 0 0 0 0 0]
 [0 0 0 0 0 0 0 1 0 0 0 0]
 [0 0 0 0 0 0 0 0 0 0 1 0]
 [0 0 0 0 0 0 0 0 1 0 0 0]
 [0 0 0 0 0 0 0 0 1 0 1 0]]
2023-12-16 19:19:26,265 INFO - __main__ - =====================================
2023-12-16 19:19:48,339 INFO - __main__ - [iter 2500] reward_batch: -58.668315778407205, max_reward: -14.399895287815127, max_reward_batch: -33.67577111203399
2023-12-16 19:19:48,340 INFO - __main__ - graph true: [[0 1 0 0 0 0 0 0 0 0 0 1]
 [0 0 0 0 0 0 0 0 0 0 0 0]
 [1 0 0 0 0 0 0 0 0 0 0 0]
 [1 0 0 0 0 0 0 0 0 0 0 0]
 [0 0 0 0 0 1 0 0 0 0 0 1]
 [0 0 0 0 0 0 0 1 0 0 0 0]
 [0 0 0 0 0 0 0 0 0 0 0 0]
 [0 0 0 0 0 0 0 0 0 0 0 0]
 [0 0 0 0 0 0 0 1 0 0 0 0]
 [0 0 0 0 0 0 0 0 0 0 1 0]
 [0 0 0 0 0 0 0 0 1 0 0 0]
 [0 0 0 0 0 0 0 0 1 0 1 0]]
2023-12-16 19:19:48,341 INFO - __main__ - =====================================
2023-12-16 19:20:06,304 INFO - __main__ - before pruning: fdr 0.8723404255319149, tpr 0.5, fpr 0.7592592592592593, shd 38, nnz 47
2023-12-16 19:20:06,304 INFO - __main__ - after  pruning: fdr 0.5714285714285714, tpr 0.25, fpr 0.07407407407407407, shd 11, nnz 7
2023-12-16 19:20:06,350 INFO - __main__ - [iter 3000] reward_batch: -41.17825706151419, max_reward: -20.26387372115054, max_reward_batch: -25.272996667304792
2023-12-16 19:20:06,351 INFO - __main__ - graph true: [[0 1 0 0 0 0 0 0 0 0 0 1]
 [0 0 0 0 0 0 0 0 0 0 0 0]
 [1 0 0 0 0 0 0 0 0 0 0 0]
 [1 0 0 0 0 0 0 0 0 0 0 0]
 [0 0 0 0 0 1 0 0 0 0 0 1]
 [0 0 0 0 0 0 0 1 0 0 0 0]
 [0 0 0 0 0 0 0 0 0 0 0 0]
 [0 0 0 0 0 0 0 0 0 0 0 0]
 [0 0 0 0 0 0 0 1 0 0 0 0]
 [0 0 0 0 0 0 0 0 0 0 1 0]
 [0 0 0 0 0 0 0 0 1 0 0 0]
 [0 0 0 0 0 0 0 0 1 0 1 0]]
2023-12-16 19:20:06,352 INFO - __main__ - =====================================
2023-12-16 19:20:23,324 INFO - __main__ - [iter 3500] reward_batch: -42.65860071882161, max_reward: -20.26387372115054, max_reward_batch: -30.248120242599136
2023-12-16 19:20:23,325 INFO - __main__ - graph true: [[0 1 0 0 0 0 0 0 0 0 0 1]
 [0 0 0 0 0 0 0 0 0 0 0 0]
 [1 0 0 0 0 0 0 0 0 0 0 0]
 [1 0 0 0 0 0 0 0 0 0 0 0]
 [0 0 0 0 0 1 0 0 0 0 0 1]
 [0 0 0 0 0 0 0 1 0 0 0 0]
 [0 0 0 0 0 0 0 0 0 0 0 0]
 [0 0 0 0 0 0 0 0 0 0 0 0]
 [0 0 0 0 0 0 0 1 0 0 0 0]
 [0 0 0 0 0 0 0 0 0 0 1 0]
 [0 0 0 0 0 0 0 0 1 0 0 0]
 [0 0 0 0 0 0 0 0 1 0 1 0]]
2023-12-16 19:20:23,325 INFO - __main__ - =====================================
2023-12-16 19:20:41,548 INFO - __main__ - before pruning: fdr 0.8723404255319149, tpr 0.5, fpr 0.7592592592592593, shd 38, nnz 47
2023-12-16 19:20:41,549 INFO - __main__ - after  pruning: fdr 0.5714285714285714, tpr 0.25, fpr 0.07407407407407407, shd 11, nnz 7
2023-12-16 19:20:41,588 INFO - __main__ - [iter 4000] reward_batch: -67.75570590321367, max_reward: -26.163873721150537, max_reward_batch: -53.989767247109675
2023-12-16 19:20:41,588 INFO - __main__ - graph true: [[0 1 0 0 0 0 0 0 0 0 0 1]
 [0 0 0 0 0 0 0 0 0 0 0 0]
 [1 0 0 0 0 0 0 0 0 0 0 0]
 [1 0 0 0 0 0 0 0 0 0 0 0]
 [0 0 0 0 0 1 0 0 0 0 0 1]
 [0 0 0 0 0 0 0 1 0 0 0 0]
 [0 0 0 0 0 0 0 0 0 0 0 0]
 [0 0 0 0 0 0 0 0 0 0 0 0]
 [0 0 0 0 0 0 0 1 0 0 0 0]
 [0 0 0 0 0 0 0 0 0 0 1 0]
 [0 0 0 0 0 0 0 0 1 0 0 0]
 [0 0 0 0 0 0 0 0 1 0 1 0]]
2023-12-16 19:20:41,589 INFO - __main__ - =====================================
2023-12-16 19:21:01,910 INFO - __main__ - [iter 4500] reward_batch: -55.22184484730654, max_reward: -26.163873721150537, max_reward_batch: -40.343407670099204
2023-12-16 19:21:01,910 INFO - __main__ - graph true: [[0 1 0 0 0 0 0 0 0 0 0 1]
 [0 0 0 0 0 0 0 0 0 0 0 0]
 [1 0 0 0 0 0 0 0 0 0 0 0]
 [1 0 0 0 0 0 0 0 0 0 0 0]
 [0 0 0 0 0 1 0 0 0 0 0 1]
 [0 0 0 0 0 0 0 1 0 0 0 0]
 [0 0 0 0 0 0 0 0 0 0 0 0]
 [0 0 0 0 0 0 0 0 0 0 0 0]
 [0 0 0 0 0 0 0 1 0 0 0 0]
 [0 0 0 0 0 0 0 0 0 0 1 0]
 [0 0 0 0 0 0 0 0 1 0 0 0]
 [0 0 0 0 0 0 0 0 1 0 1 0]]
2023-12-16 19:21:01,911 INFO - __main__ - =====================================
2023-12-16 19:21:20,128 INFO - __main__ - before pruning: fdr 0.8723404255319149, tpr 0.5, fpr 0.7592592592592593, shd 38, nnz 47
2023-12-16 19:21:20,129 INFO - __main__ - after  pruning: fdr 0.5714285714285714, tpr 0.25, fpr 0.07407407407407407, shd 11, nnz 7
2023-12-16 19:21:20,164 INFO - __main__ - [iter 5000] reward_batch: -77.89207871923593, max_reward: -32.063873721150536, max_reward_batch: -50.02018277855468
2023-12-16 19:21:20,165 INFO - __main__ - graph true: [[0 1 0 0 0 0 0 0 0 0 0 1]
 [0 0 0 0 0 0 0 0 0 0 0 0]
 [1 0 0 0 0 0 0 0 0 0 0 0]
 [1 0 0 0 0 0 0 0 0 0 0 0]
 [0 0 0 0 0 1 0 0 0 0 0 1]
 [0 0 0 0 0 0 0 1 0 0 0 0]
 [0 0 0 0 0 0 0 0 0 0 0 0]
 [0 0 0 0 0 0 0 0 0 0 0 0]
 [0 0 0 0 0 0 0 1 0 0 0 0]
 [0 0 0 0 0 0 0 0 0 0 1 0]
 [0 0 0 0 0 0 0 0 1 0 0 0]
 [0 0 0 0 0 0 0 0 1 0 1 0]]
2023-12-16 19:21:20,165 INFO - __main__ - =====================================
2023-12-16 19:21:44,469 INFO - __main__ - [iter 5500] reward_batch: -68.0604010430158, max_reward: -32.063873721150536, max_reward_batch: -43.85864456380766
2023-12-16 19:21:44,470 INFO - __main__ - graph true: [[0 1 0 0 0 0 0 0 0 0 0 1]
 [0 0 0 0 0 0 0 0 0 0 0 0]
 [1 0 0 0 0 0 0 0 0 0 0 0]
 [1 0 0 0 0 0 0 0 0 0 0 0]
 [0 0 0 0 0 1 0 0 0 0 0 1]
 [0 0 0 0 0 0 0 1 0 0 0 0]
 [0 0 0 0 0 0 0 0 0 0 0 0]
 [0 0 0 0 0 0 0 0 0 0 0 0]
 [0 0 0 0 0 0 0 1 0 0 0 0]
 [0 0 0 0 0 0 0 0 0 0 1 0]
 [0 0 0 0 0 0 0 0 1 0 0 0]
 [0 0 0 0 0 0 0 0 1 0 1 0]]
2023-12-16 19:21:44,471 INFO - __main__ - =====================================
2023-12-16 19:22:06,712 INFO - __main__ - before pruning: fdr 0.8837209302325582, tpr 0.4166666666666667, fpr 0.7037037037037037, shd 38, nnz 43
2023-12-16 19:22:06,713 INFO - __main__ - after  pruning: fdr 0.5, tpr 0.25, fpr 0.05555555555555555, shd 10, nnz 6
2023-12-16 19:22:06,746 INFO - __main__ - [iter 6000] reward_batch: -57.2969760493643, max_reward: -36.963873721150534, max_reward_batch: -50.9810614052325
2023-12-16 19:22:06,747 INFO - __main__ - graph true: [[0 1 0 0 0 0 0 0 0 0 0 1]
 [0 0 0 0 0 0 0 0 0 0 0 0]
 [1 0 0 0 0 0 0 0 0 0 0 0]
 [1 0 0 0 0 0 0 0 0 0 0 0]
 [0 0 0 0 0 1 0 0 0 0 0 1]
 [0 0 0 0 0 0 0 1 0 0 0 0]
 [0 0 0 0 0 0 0 0 0 0 0 0]
 [0 0 0 0 0 0 0 0 0 0 0 0]
 [0 0 0 0 0 0 0 1 0 0 0 0]
 [0 0 0 0 0 0 0 0 0 0 1 0]
 [0 0 0 0 0 0 0 0 1 0 0 0]
 [0 0 0 0 0 0 0 0 1 0 1 0]]
2023-12-16 19:22:06,747 INFO - __main__ - =====================================
2023-12-16 19:22:23,571 INFO - __main__ - [iter 6500] reward_batch: -73.8444762015955, max_reward: -36.61378112489569, max_reward_batch: -58.89221300015574
2023-12-16 19:22:23,571 INFO - __main__ - graph true: [[0 1 0 0 0 0 0 0 0 0 0 1]
 [0 0 0 0 0 0 0 0 0 0 0 0]
 [1 0 0 0 0 0 0 0 0 0 0 0]
 [1 0 0 0 0 0 0 0 0 0 0 0]
 [0 0 0 0 0 1 0 0 0 0 0 1]
 [0 0 0 0 0 0 0 1 0 0 0 0]
 [0 0 0 0 0 0 0 0 0 0 0 0]
 [0 0 0 0 0 0 0 0 0 0 0 0]
 [0 0 0 0 0 0 0 1 0 0 0 0]
 [0 0 0 0 0 0 0 0 0 0 1 0]
 [0 0 0 0 0 0 0 0 1 0 0 0]
 [0 0 0 0 0 0 0 0 1 0 1 0]]
2023-12-16 19:22:23,572 INFO - __main__ - =====================================
2023-12-16 19:22:43,207 INFO - __main__ - before pruning: fdr 0.8837209302325582, tpr 0.4166666666666667, fpr 0.7037037037037037, shd 38, nnz 43
2023-12-16 19:22:43,207 INFO - __main__ - after  pruning: fdr 0.5, tpr 0.25, fpr 0.05555555555555555, shd 10, nnz 6
2023-12-16 19:22:43,302 INFO - __main__ - [iter 7000] reward_batch: -72.65576046777065, max_reward: -41.07708596611796, max_reward_batch: -58.14575737659605
2023-12-16 19:22:43,302 INFO - __main__ - graph true: [[0 1 0 0 0 0 0 0 0 0 0 1]
 [0 0 0 0 0 0 0 0 0 0 0 0]
 [1 0 0 0 0 0 0 0 0 0 0 0]
 [1 0 0 0 0 0 0 0 0 0 0 0]
 [0 0 0 0 0 1 0 0 0 0 0 1]
 [0 0 0 0 0 0 0 1 0 0 0 0]
 [0 0 0 0 0 0 0 0 0 0 0 0]
 [0 0 0 0 0 0 0 0 0 0 0 0]
 [0 0 0 0 0 0 0 1 0 0 0 0]
 [0 0 0 0 0 0 0 0 0 0 1 0]
 [0 0 0 0 0 0 0 0 1 0 0 0]
 [0 0 0 0 0 0 0 0 1 0 1 0]]
2023-12-16 19:22:43,303 INFO - __main__ - =====================================
2023-12-16 19:23:00,386 INFO - __main__ - [iter 7500] reward_batch: -73.35194470708608, max_reward: -41.07708596611796, max_reward_batch: -63.72648652606817
2023-12-16 19:23:00,386 INFO - __main__ - graph true: [[0 1 0 0 0 0 0 0 0 0 0 1]
 [0 0 0 0 0 0 0 0 0 0 0 0]
 [1 0 0 0 0 0 0 0 0 0 0 0]
 [1 0 0 0 0 0 0 0 0 0 0 0]
 [0 0 0 0 0 1 0 0 0 0 0 1]
 [0 0 0 0 0 0 0 1 0 0 0 0]
 [0 0 0 0 0 0 0 0 0 0 0 0]
 [0 0 0 0 0 0 0 0 0 0 0 0]
 [0 0 0 0 0 0 0 1 0 0 0 0]
 [0 0 0 0 0 0 0 0 0 0 1 0]
 [0 0 0 0 0 0 0 0 1 0 0 0]
 [0 0 0 0 0 0 0 0 1 0 1 0]]
2023-12-16 19:23:00,387 INFO - __main__ - =====================================
2023-12-16 19:23:19,593 INFO - __main__ - before pruning: fdr 0.8837209302325582, tpr 0.4166666666666667, fpr 0.7037037037037037, shd 38, nnz 43
2023-12-16 19:23:19,593 INFO - __main__ - after  pruning: fdr 0.5, tpr 0.25, fpr 0.05555555555555555, shd 10, nnz 6
2023-12-16 19:23:19,637 INFO - __main__ - [iter 8000] reward_batch: -113.6945959625657, max_reward: -45.677085966117964, max_reward_batch: -93.36524760548969
2023-12-16 19:23:19,637 INFO - __main__ - graph true: [[0 1 0 0 0 0 0 0 0 0 0 1]
 [0 0 0 0 0 0 0 0 0 0 0 0]
 [1 0 0 0 0 0 0 0 0 0 0 0]
 [1 0 0 0 0 0 0 0 0 0 0 0]
 [0 0 0 0 0 1 0 0 0 0 0 1]
 [0 0 0 0 0 0 0 1 0 0 0 0]
 [0 0 0 0 0 0 0 0 0 0 0 0]
 [0 0 0 0 0 0 0 0 0 0 0 0]
 [0 0 0 0 0 0 0 1 0 0 0 0]
 [0 0 0 0 0 0 0 0 0 0 1 0]
 [0 0 0 0 0 0 0 0 1 0 0 0]
 [0 0 0 0 0 0 0 0 1 0 1 0]]
2023-12-16 19:23:19,638 INFO - __main__ - =====================================
2023-12-16 19:23:37,161 INFO - __main__ - [iter 8500] reward_batch: -67.5269709798595, max_reward: -45.677085966117964, max_reward_batch: -54.02273131619558
2023-12-16 19:23:37,162 INFO - __main__ - graph true: [[0 1 0 0 0 0 0 0 0 0 0 1]
 [0 0 0 0 0 0 0 0 0 0 0 0]
 [1 0 0 0 0 0 0 0 0 0 0 0]
 [1 0 0 0 0 0 0 0 0 0 0 0]
 [0 0 0 0 0 1 0 0 0 0 0 1]
 [0 0 0 0 0 0 0 1 0 0 0 0]
 [0 0 0 0 0 0 0 0 0 0 0 0]
 [0 0 0 0 0 0 0 0 0 0 0 0]
 [0 0 0 0 0 0 0 1 0 0 0 0]
 [0 0 0 0 0 0 0 0 0 0 1 0]
 [0 0 0 0 0 0 0 0 1 0 0 0]
 [0 0 0 0 0 0 0 0 1 0 1 0]]
2023-12-16 19:23:37,163 INFO - __main__ - =====================================
2023-12-16 19:23:57,993 INFO - __main__ - before pruning: fdr 0.8837209302325582, tpr 0.4166666666666667, fpr 0.7037037037037037, shd 38, nnz 43
2023-12-16 19:23:57,993 INFO - __main__ - after  pruning: fdr 0.5, tpr 0.25, fpr 0.05555555555555555, shd 10, nnz 6
2023-12-16 19:23:58,028 INFO - __main__ - [iter 9000] reward_batch: -79.44862433686686, max_reward: -50.277085966117966, max_reward_batch: -64.16748432260765
2023-12-16 19:23:58,028 INFO - __main__ - graph true: [[0 1 0 0 0 0 0 0 0 0 0 1]
 [0 0 0 0 0 0 0 0 0 0 0 0]
 [1 0 0 0 0 0 0 0 0 0 0 0]
 [1 0 0 0 0 0 0 0 0 0 0 0]
 [0 0 0 0 0 1 0 0 0 0 0 1]
 [0 0 0 0 0 0 0 1 0 0 0 0]
 [0 0 0 0 0 0 0 0 0 0 0 0]
 [0 0 0 0 0 0 0 0 0 0 0 0]
 [0 0 0 0 0 0 0 1 0 0 0 0]
 [0 0 0 0 0 0 0 0 0 0 1 0]
 [0 0 0 0 0 0 0 0 1 0 0 0]
 [0 0 0 0 0 0 0 0 1 0 1 0]]
2023-12-16 19:23:58,029 INFO - __main__ - =====================================
2023-12-16 19:24:18,948 INFO - __main__ - [iter 9500] reward_batch: -96.11302694416858, max_reward: -49.13971427497148, max_reward_batch: -72.46638715226302
2023-12-16 19:24:18,949 INFO - __main__ - graph true: [[0 1 0 0 0 0 0 0 0 0 0 1]
 [0 0 0 0 0 0 0 0 0 0 0 0]
 [1 0 0 0 0 0 0 0 0 0 0 0]
 [1 0 0 0 0 0 0 0 0 0 0 0]
 [0 0 0 0 0 1 0 0 0 0 0 1]
 [0 0 0 0 0 0 0 1 0 0 0 0]
 [0 0 0 0 0 0 0 0 0 0 0 0]
 [0 0 0 0 0 0 0 0 0 0 0 0]
 [0 0 0 0 0 0 0 1 0 0 0 0]
 [0 0 0 0 0 0 0 0 0 0 1 0]
 [0 0 0 0 0 0 0 0 1 0 0 0]
 [0 0 0 0 0 0 0 0 1 0 1 0]]
2023-12-16 19:24:18,950 INFO - __main__ - =====================================
2023-12-16 19:24:42,160 INFO - __main__ - before pruning: fdr 0.8837209302325582, tpr 0.4166666666666667, fpr 0.7037037037037037, shd 38, nnz 43
2023-12-16 19:24:42,161 INFO - __main__ - after  pruning: fdr 0.5, tpr 0.25, fpr 0.05555555555555555, shd 10, nnz 6
2023-12-16 19:24:42,197 INFO - __main__ - [iter 10000] reward_batch: -90.58726201725153, max_reward: -52.50440688925151, max_reward_batch: -74.08911662021212
2023-12-16 19:24:42,198 INFO - __main__ - graph true: [[0 1 0 0 0 0 0 0 0 0 0 1]
 [0 0 0 0 0 0 0 0 0 0 0 0]
 [1 0 0 0 0 0 0 0 0 0 0 0]
 [1 0 0 0 0 0 0 0 0 0 0 0]
 [0 0 0 0 0 1 0 0 0 0 0 1]
 [0 0 0 0 0 0 0 1 0 0 0 0]
 [0 0 0 0 0 0 0 0 0 0 0 0]
 [0 0 0 0 0 0 0 0 0 0 0 0]
 [0 0 0 0 0 0 0 1 0 0 0 0]
 [0 0 0 0 0 0 0 0 0 0 1 0]
 [0 0 0 0 0 0 0 0 1 0 0 0]
 [0 0 0 0 0 0 0 0 1 0 1 0]]
2023-12-16 19:24:42,199 INFO - __main__ - =====================================
