2023-12-11 18:47:23,649 INFO - helpers.log_helper - Completed configuring logger.
2023-12-11 18:47:23,650 INFO - __main__ - Python version is 3.11.6
2023-12-11 18:47:23,650 INFO - __main__ - Current commit of code: ___
2023-12-11 18:47:23,683 INFO - __main__ - Original sl: 0.561383150838881, su: 0.8891994588967228, strue: 0.8891994588967228
2023-12-11 18:47:23,684 INFO - __main__ - Transfomed sl: 0.561383150838881, su: 0.8891994588967228, lambda2: 0.0001, true: 5.0
2023-12-11 18:47:38,921 INFO - __main__ - [iter 1] reward_batch: -4.457933367998947, max_reward: -1.4091226472179021, max_reward_batch: -1.4091226472179021
2023-12-11 18:47:38,922 INFO - __main__ - graph true: [[0 0 0 0 0 0 0 0 0 0 0 0]
 [0 0 0 0 0 0 0 0 0 0 0 0]
 [0 0 0 0 0 0 0 0 0 0 0 0]
 [0 0 0 0 0 0 0 0 0 0 0 0]
 [0 0 0 0 0 0 0 0 0 0 0 0]
 [0 0 0 0 0 0 0 0 0 0 0 0]
 [0 0 0 0 0 0 0 0 0 0 0 0]
 [0 0 0 0 0 0 0 0 0 0 0 0]
 [0 0 0 0 0 0 0 0 0 0 0 0]
 [0 0 0 0 0 0 0 0 0 0 0 0]
 [0 0 0 0 0 0 0 0 0 0 0 0]
 [0 0 0 0 0 0 0 0 0 0 0 0]]
2023-12-11 18:47:38,923 INFO - __main__ - =====================================
2023-12-11 18:47:59,708 INFO - __main__ - [iter 500] reward_batch: -3.1758125151765335, max_reward: -0.7067630666833137, max_reward_batch: -1.5495186219485197
2023-12-11 18:47:59,709 INFO - __main__ - graph true: [[0 0 0 0 0 0 0 0 0 0 0 0]
 [0 0 0 0 0 0 0 0 0 0 0 0]
 [0 0 0 0 0 0 0 0 0 0 0 0]
 [0 0 0 0 0 0 0 0 0 0 0 0]
 [0 0 0 0 0 0 0 0 0 0 0 0]
 [0 0 0 0 0 0 0 0 0 0 0 0]
 [0 0 0 0 0 0 0 0 0 0 0 0]
 [0 0 0 0 0 0 0 0 0 0 0 0]
 [0 0 0 0 0 0 0 0 0 0 0 0]
 [0 0 0 0 0 0 0 0 0 0 0 0]
 [0 0 0 0 0 0 0 0 0 0 0 0]
 [0 0 0 0 0 0 0 0 0 0 0 0]]
2023-12-11 18:47:59,710 INFO - __main__ - =====================================
2023-12-11 18:48:24,306 INFO - __main__ - [iter 1000] reward_batch: -3.20708781925752, max_reward: -0.7067630666833137, max_reward_batch: -2.182095070813197
2023-12-11 18:48:24,307 INFO - __main__ - graph true: [[0 0 0 0 0 0 0 0 0 0 0 0]
 [0 0 0 0 0 0 0 0 0 0 0 0]
 [0 0 0 0 0 0 0 0 0 0 0 0]
 [0 0 0 0 0 0 0 0 0 0 0 0]
 [0 0 0 0 0 0 0 0 0 0 0 0]
 [0 0 0 0 0 0 0 0 0 0 0 0]
 [0 0 0 0 0 0 0 0 0 0 0 0]
 [0 0 0 0 0 0 0 0 0 0 0 0]
 [0 0 0 0 0 0 0 0 0 0 0 0]
 [0 0 0 0 0 0 0 0 0 0 0 0]
 [0 0 0 0 0 0 0 0 0 0 0 0]
 [0 0 0 0 0 0 0 0 0 0 0 0]]
2023-12-11 18:48:24,308 INFO - __main__ - =====================================
2023-12-11 18:48:46,615 INFO - __main__ - [iter 1500] reward_batch: -4.184637551012651, max_reward: -0.7067630666833137, max_reward_batch: -1.8659877829597453
2023-12-11 18:48:46,615 INFO - __main__ - graph true: [[0 0 0 0 0 0 0 0 0 0 0 0]
 [0 0 0 0 0 0 0 0 0 0 0 0]
 [0 0 0 0 0 0 0 0 0 0 0 0]
 [0 0 0 0 0 0 0 0 0 0 0 0]
 [0 0 0 0 0 0 0 0 0 0 0 0]
 [0 0 0 0 0 0 0 0 0 0 0 0]
 [0 0 0 0 0 0 0 0 0 0 0 0]
 [0 0 0 0 0 0 0 0 0 0 0 0]
 [0 0 0 0 0 0 0 0 0 0 0 0]
 [0 0 0 0 0 0 0 0 0 0 0 0]
 [0 0 0 0 0 0 0 0 0 0 0 0]
 [0 0 0 0 0 0 0 0 0 0 0 0]]
2023-12-11 18:48:46,616 INFO - __main__ - =====================================
2023-12-11 18:49:07,479 INFO - __main__ - [iter 2000] reward_batch: -3.6244392793330436, max_reward: -0.7067630666833137, max_reward_batch: -2.6259644929117334
2023-12-11 18:49:07,479 INFO - __main__ - graph true: [[0 0 0 0 0 0 0 0 0 0 0 0]
 [0 0 0 0 0 0 0 0 0 0 0 0]
 [0 0 0 0 0 0 0 0 0 0 0 0]
 [0 0 0 0 0 0 0 0 0 0 0 0]
 [0 0 0 0 0 0 0 0 0 0 0 0]
 [0 0 0 0 0 0 0 0 0 0 0 0]
 [0 0 0 0 0 0 0 0 0 0 0 0]
 [0 0 0 0 0 0 0 0 0 0 0 0]
 [0 0 0 0 0 0 0 0 0 0 0 0]
 [0 0 0 0 0 0 0 0 0 0 0 0]
 [0 0 0 0 0 0 0 0 0 0 0 0]
 [0 0 0 0 0 0 0 0 0 0 0 0]]
2023-12-11 18:49:07,480 INFO - __main__ - =====================================
2023-12-11 18:49:26,481 INFO - __main__ - [iter 2500] reward_batch: -3.5614800566917126, max_reward: -0.7067630666833137, max_reward_batch: -2.71670367475226
2023-12-11 18:49:26,481 INFO - __main__ - graph true: [[0 0 0 0 0 0 0 0 0 0 0 0]
 [0 0 0 0 0 0 0 0 0 0 0 0]
 [0 0 0 0 0 0 0 0 0 0 0 0]
 [0 0 0 0 0 0 0 0 0 0 0 0]
 [0 0 0 0 0 0 0 0 0 0 0 0]
 [0 0 0 0 0 0 0 0 0 0 0 0]
 [0 0 0 0 0 0 0 0 0 0 0 0]
 [0 0 0 0 0 0 0 0 0 0 0 0]
 [0 0 0 0 0 0 0 0 0 0 0 0]
 [0 0 0 0 0 0 0 0 0 0 0 0]
 [0 0 0 0 0 0 0 0 0 0 0 0]
 [0 0 0 0 0 0 0 0 0 0 0 0]]
2023-12-11 18:49:26,482 INFO - __main__ - =====================================
2023-12-11 18:49:45,569 INFO - __main__ - [iter 3000] reward_batch: -2.430905255217246, max_reward: -0.7067630666833137, max_reward_batch: -1.2538773580614828
2023-12-11 18:49:45,570 INFO - __main__ - graph true: [[0 0 0 0 0 0 0 0 0 0 0 0]
 [0 0 0 0 0 0 0 0 0 0 0 0]
 [0 0 0 0 0 0 0 0 0 0 0 0]
 [0 0 0 0 0 0 0 0 0 0 0 0]
 [0 0 0 0 0 0 0 0 0 0 0 0]
 [0 0 0 0 0 0 0 0 0 0 0 0]
 [0 0 0 0 0 0 0 0 0 0 0 0]
 [0 0 0 0 0 0 0 0 0 0 0 0]
 [0 0 0 0 0 0 0 0 0 0 0 0]
 [0 0 0 0 0 0 0 0 0 0 0 0]
 [0 0 0 0 0 0 0 0 0 0 0 0]
 [0 0 0 0 0 0 0 0 0 0 0 0]]
2023-12-11 18:49:45,571 INFO - __main__ - =====================================
2023-12-11 18:50:04,240 INFO - __main__ - [iter 3500] reward_batch: -2.428639567458395, max_reward: -0.7067630666833137, max_reward_batch: -1.3779150933877389
2023-12-11 18:50:04,241 INFO - __main__ - graph true: [[0 0 0 0 0 0 0 0 0 0 0 0]
 [0 0 0 0 0 0 0 0 0 0 0 0]
 [0 0 0 0 0 0 0 0 0 0 0 0]
 [0 0 0 0 0 0 0 0 0 0 0 0]
 [0 0 0 0 0 0 0 0 0 0 0 0]
 [0 0 0 0 0 0 0 0 0 0 0 0]
 [0 0 0 0 0 0 0 0 0 0 0 0]
 [0 0 0 0 0 0 0 0 0 0 0 0]
 [0 0 0 0 0 0 0 0 0 0 0 0]
 [0 0 0 0 0 0 0 0 0 0 0 0]
 [0 0 0 0 0 0 0 0 0 0 0 0]
 [0 0 0 0 0 0 0 0 0 0 0 0]]
2023-12-11 18:50:04,242 INFO - __main__ - =====================================
2023-12-11 18:50:24,103 INFO - __main__ - [iter 4000] reward_batch: -5.2251239070488955, max_reward: -0.7067630666833137, max_reward_batch: -1.753565625150155
2023-12-11 18:50:24,104 INFO - __main__ - graph true: [[0 0 0 0 0 0 0 0 0 0 0 0]
 [0 0 0 0 0 0 0 0 0 0 0 0]
 [0 0 0 0 0 0 0 0 0 0 0 0]
 [0 0 0 0 0 0 0 0 0 0 0 0]
 [0 0 0 0 0 0 0 0 0 0 0 0]
 [0 0 0 0 0 0 0 0 0 0 0 0]
 [0 0 0 0 0 0 0 0 0 0 0 0]
 [0 0 0 0 0 0 0 0 0 0 0 0]
 [0 0 0 0 0 0 0 0 0 0 0 0]
 [0 0 0 0 0 0 0 0 0 0 0 0]
 [0 0 0 0 0 0 0 0 0 0 0 0]
 [0 0 0 0 0 0 0 0 0 0 0 0]]
2023-12-11 18:50:24,105 INFO - __main__ - =====================================
2023-12-11 18:50:42,709 INFO - __main__ - [iter 4500] reward_batch: -4.652697375712973, max_reward: -0.7067630666833137, max_reward_batch: -3.2105075761721276
2023-12-11 18:50:42,709 INFO - __main__ - graph true: [[0 0 0 0 0 0 0 0 0 0 0 0]
 [0 0 0 0 0 0 0 0 0 0 0 0]
 [0 0 0 0 0 0 0 0 0 0 0 0]
 [0 0 0 0 0 0 0 0 0 0 0 0]
 [0 0 0 0 0 0 0 0 0 0 0 0]
 [0 0 0 0 0 0 0 0 0 0 0 0]
 [0 0 0 0 0 0 0 0 0 0 0 0]
 [0 0 0 0 0 0 0 0 0 0 0 0]
 [0 0 0 0 0 0 0 0 0 0 0 0]
 [0 0 0 0 0 0 0 0 0 0 0 0]
 [0 0 0 0 0 0 0 0 0 0 0 0]
 [0 0 0 0 0 0 0 0 0 0 0 0]]
2023-12-11 18:50:42,710 INFO - __main__ - =====================================
2023-12-11 18:51:01,642 INFO - __main__ - [iter 5000] reward_batch: -3.109310672276229, max_reward: -0.7067630666833137, max_reward_batch: -1.0810475929175165
2023-12-11 18:51:01,642 INFO - __main__ - graph true: [[0 0 0 0 0 0 0 0 0 0 0 0]
 [0 0 0 0 0 0 0 0 0 0 0 0]
 [0 0 0 0 0 0 0 0 0 0 0 0]
 [0 0 0 0 0 0 0 0 0 0 0 0]
 [0 0 0 0 0 0 0 0 0 0 0 0]
 [0 0 0 0 0 0 0 0 0 0 0 0]
 [0 0 0 0 0 0 0 0 0 0 0 0]
 [0 0 0 0 0 0 0 0 0 0 0 0]
 [0 0 0 0 0 0 0 0 0 0 0 0]
 [0 0 0 0 0 0 0 0 0 0 0 0]
 [0 0 0 0 0 0 0 0 0 0 0 0]
 [0 0 0 0 0 0 0 0 0 0 0 0]]
2023-12-11 18:51:01,643 INFO - __main__ - =====================================
2023-12-11 18:51:20,728 INFO - __main__ - [iter 5500] reward_batch: -4.944268356556094, max_reward: -0.7067630666833137, max_reward_batch: -4.543263547986195
2023-12-11 18:51:20,728 INFO - __main__ - graph true: [[0 0 0 0 0 0 0 0 0 0 0 0]
 [0 0 0 0 0 0 0 0 0 0 0 0]
 [0 0 0 0 0 0 0 0 0 0 0 0]
 [0 0 0 0 0 0 0 0 0 0 0 0]
 [0 0 0 0 0 0 0 0 0 0 0 0]
 [0 0 0 0 0 0 0 0 0 0 0 0]
 [0 0 0 0 0 0 0 0 0 0 0 0]
 [0 0 0 0 0 0 0 0 0 0 0 0]
 [0 0 0 0 0 0 0 0 0 0 0 0]
 [0 0 0 0 0 0 0 0 0 0 0 0]
 [0 0 0 0 0 0 0 0 0 0 0 0]
 [0 0 0 0 0 0 0 0 0 0 0 0]]
2023-12-11 18:51:20,729 INFO - __main__ - =====================================
2023-12-11 18:51:39,837 INFO - __main__ - [iter 6000] reward_batch: -3.276996266331851, max_reward: -0.7067630666833137, max_reward_batch: -1.8489379667464474
2023-12-11 18:51:39,837 INFO - __main__ - graph true: [[0 0 0 0 0 0 0 0 0 0 0 0]
 [0 0 0 0 0 0 0 0 0 0 0 0]
 [0 0 0 0 0 0 0 0 0 0 0 0]
 [0 0 0 0 0 0 0 0 0 0 0 0]
 [0 0 0 0 0 0 0 0 0 0 0 0]
 [0 0 0 0 0 0 0 0 0 0 0 0]
 [0 0 0 0 0 0 0 0 0 0 0 0]
 [0 0 0 0 0 0 0 0 0 0 0 0]
 [0 0 0 0 0 0 0 0 0 0 0 0]
 [0 0 0 0 0 0 0 0 0 0 0 0]
 [0 0 0 0 0 0 0 0 0 0 0 0]
 [0 0 0 0 0 0 0 0 0 0 0 0]]
2023-12-11 18:51:39,838 INFO - __main__ - =====================================
2023-12-11 18:51:58,492 INFO - __main__ - [iter 6500] reward_batch: -3.9749799944300834, max_reward: -0.7067630666833137, max_reward_batch: -2.9343252005729954
2023-12-11 18:51:58,493 INFO - __main__ - graph true: [[0 0 0 0 0 0 0 0 0 0 0 0]
 [0 0 0 0 0 0 0 0 0 0 0 0]
 [0 0 0 0 0 0 0 0 0 0 0 0]
 [0 0 0 0 0 0 0 0 0 0 0 0]
 [0 0 0 0 0 0 0 0 0 0 0 0]
 [0 0 0 0 0 0 0 0 0 0 0 0]
 [0 0 0 0 0 0 0 0 0 0 0 0]
 [0 0 0 0 0 0 0 0 0 0 0 0]
 [0 0 0 0 0 0 0 0 0 0 0 0]
 [0 0 0 0 0 0 0 0 0 0 0 0]
 [0 0 0 0 0 0 0 0 0 0 0 0]
 [0 0 0 0 0 0 0 0 0 0 0 0]]
2023-12-11 18:51:58,494 INFO - __main__ - =====================================
2023-12-11 18:52:17,844 INFO - __main__ - [iter 7000] reward_batch: -5.818897403333141, max_reward: -0.7067630666833137, max_reward_batch: -2.5686119323457115
2023-12-11 18:52:17,845 INFO - __main__ - graph true: [[0 0 0 0 0 0 0 0 0 0 0 0]
 [0 0 0 0 0 0 0 0 0 0 0 0]
 [0 0 0 0 0 0 0 0 0 0 0 0]
 [0 0 0 0 0 0 0 0 0 0 0 0]
 [0 0 0 0 0 0 0 0 0 0 0 0]
 [0 0 0 0 0 0 0 0 0 0 0 0]
 [0 0 0 0 0 0 0 0 0 0 0 0]
 [0 0 0 0 0 0 0 0 0 0 0 0]
 [0 0 0 0 0 0 0 0 0 0 0 0]
 [0 0 0 0 0 0 0 0 0 0 0 0]
 [0 0 0 0 0 0 0 0 0 0 0 0]
 [0 0 0 0 0 0 0 0 0 0 0 0]]
2023-12-11 18:52:17,846 INFO - __main__ - =====================================
2023-12-11 18:52:36,706 INFO - __main__ - [iter 7500] reward_batch: -2.947475147690791, max_reward: -0.7067630666833137, max_reward_batch: -1.542826275189535
2023-12-11 18:52:36,707 INFO - __main__ - graph true: [[0 0 0 0 0 0 0 0 0 0 0 0]
 [0 0 0 0 0 0 0 0 0 0 0 0]
 [0 0 0 0 0 0 0 0 0 0 0 0]
 [0 0 0 0 0 0 0 0 0 0 0 0]
 [0 0 0 0 0 0 0 0 0 0 0 0]
 [0 0 0 0 0 0 0 0 0 0 0 0]
 [0 0 0 0 0 0 0 0 0 0 0 0]
 [0 0 0 0 0 0 0 0 0 0 0 0]
 [0 0 0 0 0 0 0 0 0 0 0 0]
 [0 0 0 0 0 0 0 0 0 0 0 0]
 [0 0 0 0 0 0 0 0 0 0 0 0]
 [0 0 0 0 0 0 0 0 0 0 0 0]]
2023-12-11 18:52:36,708 INFO - __main__ - =====================================
2023-12-11 18:52:55,731 INFO - __main__ - [iter 8000] reward_batch: -2.2413314901686787, max_reward: -0.7067630666833137, max_reward_batch: -1.2951990962700033
2023-12-11 18:52:55,732 INFO - __main__ - graph true: [[0 0 0 0 0 0 0 0 0 0 0 0]
 [0 0 0 0 0 0 0 0 0 0 0 0]
 [0 0 0 0 0 0 0 0 0 0 0 0]
 [0 0 0 0 0 0 0 0 0 0 0 0]
 [0 0 0 0 0 0 0 0 0 0 0 0]
 [0 0 0 0 0 0 0 0 0 0 0 0]
 [0 0 0 0 0 0 0 0 0 0 0 0]
 [0 0 0 0 0 0 0 0 0 0 0 0]
 [0 0 0 0 0 0 0 0 0 0 0 0]
 [0 0 0 0 0 0 0 0 0 0 0 0]
 [0 0 0 0 0 0 0 0 0 0 0 0]
 [0 0 0 0 0 0 0 0 0 0 0 0]]
2023-12-11 18:52:55,733 INFO - __main__ - =====================================
2023-12-11 18:53:15,335 INFO - __main__ - [iter 8500] reward_batch: -3.973530258593933, max_reward: -0.7067630666833137, max_reward_batch: -3.0025346799206107
2023-12-11 18:53:15,336 INFO - __main__ - graph true: [[0 0 0 0 0 0 0 0 0 0 0 0]
 [0 0 0 0 0 0 0 0 0 0 0 0]
 [0 0 0 0 0 0 0 0 0 0 0 0]
 [0 0 0 0 0 0 0 0 0 0 0 0]
 [0 0 0 0 0 0 0 0 0 0 0 0]
 [0 0 0 0 0 0 0 0 0 0 0 0]
 [0 0 0 0 0 0 0 0 0 0 0 0]
 [0 0 0 0 0 0 0 0 0 0 0 0]
 [0 0 0 0 0 0 0 0 0 0 0 0]
 [0 0 0 0 0 0 0 0 0 0 0 0]
 [0 0 0 0 0 0 0 0 0 0 0 0]
 [0 0 0 0 0 0 0 0 0 0 0 0]]
2023-12-11 18:53:15,338 INFO - __main__ - =====================================
2023-12-11 18:53:36,025 INFO - __main__ - [iter 9000] reward_batch: -2.786321875297348, max_reward: -0.7067630666833137, max_reward_batch: -1.3027533011654508
2023-12-11 18:53:36,026 INFO - __main__ - graph true: [[0 0 0 0 0 0 0 0 0 0 0 0]
 [0 0 0 0 0 0 0 0 0 0 0 0]
 [0 0 0 0 0 0 0 0 0 0 0 0]
 [0 0 0 0 0 0 0 0 0 0 0 0]
 [0 0 0 0 0 0 0 0 0 0 0 0]
 [0 0 0 0 0 0 0 0 0 0 0 0]
 [0 0 0 0 0 0 0 0 0 0 0 0]
 [0 0 0 0 0 0 0 0 0 0 0 0]
 [0 0 0 0 0 0 0 0 0 0 0 0]
 [0 0 0 0 0 0 0 0 0 0 0 0]
 [0 0 0 0 0 0 0 0 0 0 0 0]
 [0 0 0 0 0 0 0 0 0 0 0 0]]
2023-12-11 18:53:36,027 INFO - __main__ - =====================================
2023-12-11 18:53:55,018 INFO - __main__ - [iter 9500] reward_batch: -6.624220458433278, max_reward: -0.7067630666833137, max_reward_batch: -6.624220458433278
2023-12-11 18:53:55,018 INFO - __main__ - graph true: [[0 0 0 0 0 0 0 0 0 0 0 0]
 [0 0 0 0 0 0 0 0 0 0 0 0]
 [0 0 0 0 0 0 0 0 0 0 0 0]
 [0 0 0 0 0 0 0 0 0 0 0 0]
 [0 0 0 0 0 0 0 0 0 0 0 0]
 [0 0 0 0 0 0 0 0 0 0 0 0]
 [0 0 0 0 0 0 0 0 0 0 0 0]
 [0 0 0 0 0 0 0 0 0 0 0 0]
 [0 0 0 0 0 0 0 0 0 0 0 0]
 [0 0 0 0 0 0 0 0 0 0 0 0]
 [0 0 0 0 0 0 0 0 0 0 0 0]
 [0 0 0 0 0 0 0 0 0 0 0 0]]
2023-12-11 18:53:55,019 INFO - __main__ - =====================================
2023-12-11 18:54:16,586 INFO - __main__ - [iter 10000] reward_batch: -3.444877793028134, max_reward: -0.7067630666833137, max_reward_batch: -1.4319552612910198
2023-12-11 18:54:16,587 INFO - __main__ - graph true: [[0 0 0 0 0 0 0 0 0 0 0 0]
 [0 0 0 0 0 0 0 0 0 0 0 0]
 [0 0 0 0 0 0 0 0 0 0 0 0]
 [0 0 0 0 0 0 0 0 0 0 0 0]
 [0 0 0 0 0 0 0 0 0 0 0 0]
 [0 0 0 0 0 0 0 0 0 0 0 0]
 [0 0 0 0 0 0 0 0 0 0 0 0]
 [0 0 0 0 0 0 0 0 0 0 0 0]
 [0 0 0 0 0 0 0 0 0 0 0 0]
 [0 0 0 0 0 0 0 0 0 0 0 0]
 [0 0 0 0 0 0 0 0 0 0 0 0]
 [0 0 0 0 0 0 0 0 0 0 0 0]]
2023-12-11 18:54:16,588 INFO - __main__ - =====================================
