2023-12-16 12:56:48,304 INFO - helpers.log_helper - Completed configuring logger.
2023-12-16 12:56:48,304 INFO - __main__ - Python version is 3.11.6
2023-12-16 12:56:48,305 INFO - __main__ - Current commit of code: ___
2023-12-16 12:56:48,352 INFO - __main__ - Original sl: 0.561383150838881, su: 0.8891994588967228, strue: 0.7167858618828377
2023-12-16 12:56:48,353 INFO - __main__ - Transfomed sl: 0.561383150838881, su: 0.8891994588967228, lambda2: 0.0001, true: 2.3702712040875116
2023-12-16 12:57:04,740 INFO - __main__ - [iter 1] reward_batch: -3.086838152364916, max_reward: -1.5777210875231142, max_reward_batch: -1.5777210875231142
2023-12-16 12:57:04,741 INFO - __main__ - graph true: [[0 1 0 0 0 0 0 0 0 0 0 1]
 [0 0 0 0 0 0 0 0 0 0 0 0]
 [1 0 0 0 0 0 0 0 0 0 0 0]
 [1 0 0 0 0 0 0 0 0 0 0 0]
 [0 0 0 0 0 1 0 0 0 0 0 1]
 [0 0 0 0 0 0 0 1 0 0 0 0]
 [0 0 0 0 0 0 0 0 0 0 0 0]
 [0 0 0 0 0 0 0 0 0 0 0 0]
 [0 0 0 0 0 0 0 1 0 0 0 0]
 [0 0 0 0 0 0 0 0 0 0 1 0]
 [0 0 0 0 0 0 0 0 1 0 0 0]
 [0 0 0 0 0 0 0 0 1 0 1 0]]
2023-12-16 12:57:04,742 INFO - __main__ - =====================================
2023-12-16 12:57:23,240 INFO - __main__ - [iter 500] reward_batch: -4.352510280067692, max_reward: -0.7279385054172144, max_reward_batch: -3.51332062503577
2023-12-16 12:57:23,240 INFO - __main__ - graph true: [[0 1 0 0 0 0 0 0 0 0 0 1]
 [0 0 0 0 0 0 0 0 0 0 0 0]
 [1 0 0 0 0 0 0 0 0 0 0 0]
 [1 0 0 0 0 0 0 0 0 0 0 0]
 [0 0 0 0 0 1 0 0 0 0 0 1]
 [0 0 0 0 0 0 0 1 0 0 0 0]
 [0 0 0 0 0 0 0 0 0 0 0 0]
 [0 0 0 0 0 0 0 0 0 0 0 0]
 [0 0 0 0 0 0 0 1 0 0 0 0]
 [0 0 0 0 0 0 0 0 0 0 1 0]
 [0 0 0 0 0 0 0 0 1 0 0 0]
 [0 0 0 0 0 0 0 0 1 0 1 0]]
2023-12-16 12:57:23,241 INFO - __main__ - =====================================
2023-12-16 12:57:41,146 INFO - __main__ - before pruning: fdr 0.8780487804878049, tpr 0.8333333333333334, fpr 1.3333333333333333, shd 56, nnz 82
2023-12-16 12:57:41,147 INFO - __main__ - after  pruning: fdr 0.5454545454545454, tpr 0.4166666666666667, fpr 0.1111111111111111, shd 10, nnz 11
2023-12-16 12:57:41,182 INFO - __main__ - [iter 1000] reward_batch: -5.0407643673323035, max_reward: -5.0, max_reward_batch: -5.0
2023-12-16 12:57:41,182 INFO - __main__ - graph true: [[0 1 0 0 0 0 0 0 0 0 0 1]
 [0 0 0 0 0 0 0 0 0 0 0 0]
 [1 0 0 0 0 0 0 0 0 0 0 0]
 [1 0 0 0 0 0 0 0 0 0 0 0]
 [0 0 0 0 0 1 0 0 0 0 0 1]
 [0 0 0 0 0 0 0 1 0 0 0 0]
 [0 0 0 0 0 0 0 0 0 0 0 0]
 [0 0 0 0 0 0 0 0 0 0 0 0]
 [0 0 0 0 0 0 0 1 0 0 0 0]
 [0 0 0 0 0 0 0 0 0 0 1 0]
 [0 0 0 0 0 0 0 0 1 0 0 0]
 [0 0 0 0 0 0 0 0 1 0 1 0]]
2023-12-16 12:57:41,184 INFO - __main__ - =====================================
2023-12-16 12:58:02,984 INFO - __main__ - [iter 1500] reward_batch: -5.093549694103017, max_reward: -4.257166537264769, max_reward_batch: -5.0
2023-12-16 12:58:02,985 INFO - __main__ - graph true: [[0 1 0 0 0 0 0 0 0 0 0 1]
 [0 0 0 0 0 0 0 0 0 0 0 0]
 [1 0 0 0 0 0 0 0 0 0 0 0]
 [1 0 0 0 0 0 0 0 0 0 0 0]
 [0 0 0 0 0 1 0 0 0 0 0 1]
 [0 0 0 0 0 0 0 1 0 0 0 0]
 [0 0 0 0 0 0 0 0 0 0 0 0]
 [0 0 0 0 0 0 0 0 0 0 0 0]
 [0 0 0 0 0 0 0 1 0 0 0 0]
 [0 0 0 0 0 0 0 0 0 0 1 0]
 [0 0 0 0 0 0 0 0 1 0 0 0]
 [0 0 0 0 0 0 0 0 1 0 1 0]]
2023-12-16 12:58:02,986 INFO - __main__ - =====================================
2023-12-16 12:58:20,867 INFO - __main__ - before pruning: fdr 0.4, tpr 0.25, fpr 0.037037037037037035, shd 10, nnz 5
2023-12-16 12:58:20,867 INFO - __main__ - after  pruning: fdr 0.3333333333333333, tpr 0.16666666666666666, fpr 0.018518518518518517, shd 10, nnz 3
2023-12-16 12:58:20,909 INFO - __main__ - [iter 2000] reward_batch: -30.085762055385754, max_reward: -4.711339724858204, max_reward_batch: -4.924166966291678
2023-12-16 12:58:20,910 INFO - __main__ - graph true: [[0 1 0 0 0 0 0 0 0 0 0 1]
 [0 0 0 0 0 0 0 0 0 0 0 0]
 [1 0 0 0 0 0 0 0 0 0 0 0]
 [1 0 0 0 0 0 0 0 0 0 0 0]
 [0 0 0 0 0 1 0 0 0 0 0 1]
 [0 0 0 0 0 0 0 1 0 0 0 0]
 [0 0 0 0 0 0 0 0 0 0 0 0]
 [0 0 0 0 0 0 0 0 0 0 0 0]
 [0 0 0 0 0 0 0 1 0 0 0 0]
 [0 0 0 0 0 0 0 0 0 0 1 0]
 [0 0 0 0 0 0 0 0 1 0 0 0]
 [0 0 0 0 0 0 0 0 1 0 1 0]]
2023-12-16 12:58:20,911 INFO - __main__ - =====================================
2023-12-16 12:58:37,816 INFO - __main__ - [iter 2500] reward_batch: -215.21591918625353, max_reward: -4.675509073174116, max_reward_batch: -26.32668335456942
2023-12-16 12:58:37,816 INFO - __main__ - graph true: [[0 1 0 0 0 0 0 0 0 0 0 1]
 [0 0 0 0 0 0 0 0 0 0 0 0]
 [1 0 0 0 0 0 0 0 0 0 0 0]
 [1 0 0 0 0 0 0 0 0 0 0 0]
 [0 0 0 0 0 1 0 0 0 0 0 1]
 [0 0 0 0 0 0 0 1 0 0 0 0]
 [0 0 0 0 0 0 0 0 0 0 0 0]
 [0 0 0 0 0 0 0 0 0 0 0 0]
 [0 0 0 0 0 0 0 1 0 0 0 0]
 [0 0 0 0 0 0 0 0 0 0 1 0]
 [0 0 0 0 0 0 0 0 1 0 0 0]
 [0 0 0 0 0 0 0 0 1 0 1 0]]
2023-12-16 12:58:37,817 INFO - __main__ - =====================================
2023-12-16 12:58:56,767 INFO - __main__ - before pruning: fdr 0.5, tpr 0.08333333333333333, fpr 0.018518518518518517, shd 11, nnz 2
2023-12-16 12:58:56,767 INFO - __main__ - after  pruning: fdr 0.5, tpr 0.08333333333333333, fpr 0.018518518518518517, shd 11, nnz 2
2023-12-16 12:58:56,818 INFO - __main__ - [iter 3000] reward_batch: -252.35736574373732, max_reward: -4.649560509298249, max_reward_batch: -51.591351625007604
2023-12-16 12:58:56,819 INFO - __main__ - graph true: [[0 1 0 0 0 0 0 0 0 0 0 1]
 [0 0 0 0 0 0 0 0 0 0 0 0]
 [1 0 0 0 0 0 0 0 0 0 0 0]
 [1 0 0 0 0 0 0 0 0 0 0 0]
 [0 0 0 0 0 1 0 0 0 0 0 1]
 [0 0 0 0 0 0 0 1 0 0 0 0]
 [0 0 0 0 0 0 0 0 0 0 0 0]
 [0 0 0 0 0 0 0 0 0 0 0 0]
 [0 0 0 0 0 0 0 1 0 0 0 0]
 [0 0 0 0 0 0 0 0 0 0 1 0]
 [0 0 0 0 0 0 0 0 1 0 0 0]
 [0 0 0 0 0 0 0 0 1 0 1 0]]
2023-12-16 12:58:56,821 INFO - __main__ - =====================================
2023-12-16 12:59:13,931 INFO - __main__ - [iter 3500] reward_batch: -172.92660753940783, max_reward: -4.5875061453646575, max_reward_batch: -31.165075505752167
2023-12-16 12:59:13,931 INFO - __main__ - graph true: [[0 1 0 0 0 0 0 0 0 0 0 1]
 [0 0 0 0 0 0 0 0 0 0 0 0]
 [1 0 0 0 0 0 0 0 0 0 0 0]
 [1 0 0 0 0 0 0 0 0 0 0 0]
 [0 0 0 0 0 1 0 0 0 0 0 1]
 [0 0 0 0 0 0 0 1 0 0 0 0]
 [0 0 0 0 0 0 0 0 0 0 0 0]
 [0 0 0 0 0 0 0 0 0 0 0 0]
 [0 0 0 0 0 0 0 1 0 0 0 0]
 [0 0 0 0 0 0 0 0 0 0 1 0]
 [0 0 0 0 0 0 0 0 1 0 0 0]
 [0 0 0 0 0 0 0 0 1 0 1 0]]
2023-12-16 12:59:13,932 INFO - __main__ - =====================================
2023-12-16 12:59:33,556 INFO - __main__ - before pruning: fdr 1.0, tpr 0.0, fpr 0.018518518518518517, shd 12, nnz 1
2023-12-16 12:59:33,556 INFO - __main__ - after  pruning: fdr 1.0, tpr 0.0, fpr 0.018518518518518517, shd 12, nnz 1
2023-12-16 12:59:33,597 INFO - __main__ - [iter 4000] reward_batch: -46.70409718907373, max_reward: -4.687506145364658, max_reward_batch: -20.04419195844293
2023-12-16 12:59:33,598 INFO - __main__ - graph true: [[0 1 0 0 0 0 0 0 0 0 0 1]
 [0 0 0 0 0 0 0 0 0 0 0 0]
 [1 0 0 0 0 0 0 0 0 0 0 0]
 [1 0 0 0 0 0 0 0 0 0 0 0]
 [0 0 0 0 0 1 0 0 0 0 0 1]
 [0 0 0 0 0 0 0 1 0 0 0 0]
 [0 0 0 0 0 0 0 0 0 0 0 0]
 [0 0 0 0 0 0 0 0 0 0 0 0]
 [0 0 0 0 0 0 0 1 0 0 0 0]
 [0 0 0 0 0 0 0 0 0 0 1 0]
 [0 0 0 0 0 0 0 0 1 0 0 0]
 [0 0 0 0 0 0 0 0 1 0 1 0]]
2023-12-16 12:59:33,599 INFO - __main__ - =====================================
2023-12-16 12:59:51,448 INFO - __main__ - [iter 4500] reward_batch: -8.676166296840556, max_reward: -4.687506145364658, max_reward_batch: -5.470815430726654
2023-12-16 12:59:51,449 INFO - __main__ - graph true: [[0 1 0 0 0 0 0 0 0 0 0 1]
 [0 0 0 0 0 0 0 0 0 0 0 0]
 [1 0 0 0 0 0 0 0 0 0 0 0]
 [1 0 0 0 0 0 0 0 0 0 0 0]
 [0 0 0 0 0 1 0 0 0 0 0 1]
 [0 0 0 0 0 0 0 1 0 0 0 0]
 [0 0 0 0 0 0 0 0 0 0 0 0]
 [0 0 0 0 0 0 0 0 0 0 0 0]
 [0 0 0 0 0 0 0 1 0 0 0 0]
 [0 0 0 0 0 0 0 0 0 0 1 0]
 [0 0 0 0 0 0 0 0 1 0 0 0]
 [0 0 0 0 0 0 0 0 1 0 1 0]]
2023-12-16 12:59:51,450 INFO - __main__ - =====================================
2023-12-16 13:00:12,504 INFO - __main__ - before pruning: fdr 1.0, tpr 0.0, fpr 0.018518518518518517, shd 12, nnz 1
2023-12-16 13:00:12,505 INFO - __main__ - after  pruning: fdr 1.0, tpr 0.0, fpr 0.018518518518518517, shd 12, nnz 1
2023-12-16 13:00:12,550 INFO - __main__ - [iter 5000] reward_batch: -203.77627146596353, max_reward: -4.787506145364658, max_reward_batch: -87.7930781607845
2023-12-16 13:00:12,551 INFO - __main__ - graph true: [[0 1 0 0 0 0 0 0 0 0 0 1]
 [0 0 0 0 0 0 0 0 0 0 0 0]
 [1 0 0 0 0 0 0 0 0 0 0 0]
 [1 0 0 0 0 0 0 0 0 0 0 0]
 [0 0 0 0 0 1 0 0 0 0 0 1]
 [0 0 0 0 0 0 0 1 0 0 0 0]
 [0 0 0 0 0 0 0 0 0 0 0 0]
 [0 0 0 0 0 0 0 0 0 0 0 0]
 [0 0 0 0 0 0 0 1 0 0 0 0]
 [0 0 0 0 0 0 0 0 0 0 1 0]
 [0 0 0 0 0 0 0 0 1 0 0 0]
 [0 0 0 0 0 0 0 0 1 0 1 0]]
2023-12-16 13:00:12,552 INFO - __main__ - =====================================
2023-12-16 13:00:29,314 INFO - __main__ - [iter 5500] reward_batch: -79.7188597413552, max_reward: -4.787506145364658, max_reward_batch: -10.501504188843823
2023-12-16 13:00:29,315 INFO - __main__ - graph true: [[0 1 0 0 0 0 0 0 0 0 0 1]
 [0 0 0 0 0 0 0 0 0 0 0 0]
 [1 0 0 0 0 0 0 0 0 0 0 0]
 [1 0 0 0 0 0 0 0 0 0 0 0]
 [0 0 0 0 0 1 0 0 0 0 0 1]
 [0 0 0 0 0 0 0 1 0 0 0 0]
 [0 0 0 0 0 0 0 0 0 0 0 0]
 [0 0 0 0 0 0 0 0 0 0 0 0]
 [0 0 0 0 0 0 0 1 0 0 0 0]
 [0 0 0 0 0 0 0 0 0 0 1 0]
 [0 0 0 0 0 0 0 0 1 0 0 0]
 [0 0 0 0 0 0 0 0 1 0 1 0]]
2023-12-16 13:00:29,316 INFO - __main__ - =====================================
2023-12-16 13:00:48,832 INFO - __main__ - before pruning: fdr 1.0, tpr 0.0, fpr 0.018518518518518517, shd 12, nnz 1
2023-12-16 13:00:48,832 INFO - __main__ - after  pruning: fdr 1.0, tpr 0.0, fpr 0.018518518518518517, shd 12, nnz 1
2023-12-16 13:00:48,873 INFO - __main__ - [iter 6000] reward_batch: -83.15838150464552, max_reward: -4.887506145364657, max_reward_batch: -22.138038316398845
2023-12-16 13:00:48,873 INFO - __main__ - graph true: [[0 1 0 0 0 0 0 0 0 0 0 1]
 [0 0 0 0 0 0 0 0 0 0 0 0]
 [1 0 0 0 0 0 0 0 0 0 0 0]
 [1 0 0 0 0 0 0 0 0 0 0 0]
 [0 0 0 0 0 1 0 0 0 0 0 1]
 [0 0 0 0 0 0 0 1 0 0 0 0]
 [0 0 0 0 0 0 0 0 0 0 0 0]
 [0 0 0 0 0 0 0 0 0 0 0 0]
 [0 0 0 0 0 0 0 1 0 0 0 0]
 [0 0 0 0 0 0 0 0 0 0 1 0]
 [0 0 0 0 0 0 0 0 1 0 0 0]
 [0 0 0 0 0 0 0 0 1 0 1 0]]
2023-12-16 13:00:48,875 INFO - __main__ - =====================================
2023-12-16 13:01:05,826 INFO - __main__ - [iter 6500] reward_batch: -82.91119786121499, max_reward: -4.887506145364657, max_reward_batch: -5.594021437533255
2023-12-16 13:01:05,826 INFO - __main__ - graph true: [[0 1 0 0 0 0 0 0 0 0 0 1]
 [0 0 0 0 0 0 0 0 0 0 0 0]
 [1 0 0 0 0 0 0 0 0 0 0 0]
 [1 0 0 0 0 0 0 0 0 0 0 0]
 [0 0 0 0 0 1 0 0 0 0 0 1]
 [0 0 0 0 0 0 0 1 0 0 0 0]
 [0 0 0 0 0 0 0 0 0 0 0 0]
 [0 0 0 0 0 0 0 0 0 0 0 0]
 [0 0 0 0 0 0 0 1 0 0 0 0]
 [0 0 0 0 0 0 0 0 0 0 1 0]
 [0 0 0 0 0 0 0 0 1 0 0 0]
 [0 0 0 0 0 0 0 0 1 0 1 0]]
2023-12-16 13:01:05,827 INFO - __main__ - =====================================
2023-12-16 13:01:24,936 INFO - __main__ - before pruning: fdr 1.0, tpr 0.0, fpr 0.018518518518518517, shd 12, nnz 1
2023-12-16 13:01:24,936 INFO - __main__ - after  pruning: fdr 1.0, tpr 0.0, fpr 0.018518518518518517, shd 12, nnz 1
2023-12-16 13:01:24,977 INFO - __main__ - [iter 7000] reward_batch: -599.2353360584982, max_reward: -4.987506145364658, max_reward_batch: -206.92162988020425
2023-12-16 13:01:24,977 INFO - __main__ - graph true: [[0 1 0 0 0 0 0 0 0 0 0 1]
 [0 0 0 0 0 0 0 0 0 0 0 0]
 [1 0 0 0 0 0 0 0 0 0 0 0]
 [1 0 0 0 0 0 0 0 0 0 0 0]
 [0 0 0 0 0 1 0 0 0 0 0 1]
 [0 0 0 0 0 0 0 1 0 0 0 0]
 [0 0 0 0 0 0 0 0 0 0 0 0]
 [0 0 0 0 0 0 0 0 0 0 0 0]
 [0 0 0 0 0 0 0 1 0 0 0 0]
 [0 0 0 0 0 0 0 0 0 0 1 0]
 [0 0 0 0 0 0 0 0 1 0 0 0]
 [0 0 0 0 0 0 0 0 1 0 1 0]]
2023-12-16 13:01:24,979 INFO - __main__ - =====================================
2023-12-16 13:01:44,758 INFO - __main__ - [iter 7500] reward_batch: -37.59521645912197, max_reward: -4.987506145364658, max_reward_batch: -12.700706824621033
2023-12-16 13:01:44,758 INFO - __main__ - graph true: [[0 1 0 0 0 0 0 0 0 0 0 1]
 [0 0 0 0 0 0 0 0 0 0 0 0]
 [1 0 0 0 0 0 0 0 0 0 0 0]
 [1 0 0 0 0 0 0 0 0 0 0 0]
 [0 0 0 0 0 1 0 0 0 0 0 1]
 [0 0 0 0 0 0 0 1 0 0 0 0]
 [0 0 0 0 0 0 0 0 0 0 0 0]
 [0 0 0 0 0 0 0 0 0 0 0 0]
 [0 0 0 0 0 0 0 1 0 0 0 0]
 [0 0 0 0 0 0 0 0 0 0 1 0]
 [0 0 0 0 0 0 0 0 1 0 0 0]
 [0 0 0 0 0 0 0 0 1 0 1 0]]
2023-12-16 13:01:44,759 INFO - __main__ - =====================================
2023-12-16 13:02:04,040 INFO - __main__ - before pruning: fdr 1.0, tpr 0.0, fpr 0.018518518518518517, shd 12, nnz 1
2023-12-16 13:02:04,040 INFO - __main__ - after  pruning: fdr 1.0, tpr 0.0, fpr 0.018518518518518517, shd 12, nnz 1
2023-12-16 13:02:04,084 INFO - __main__ - [iter 8000] reward_batch: -198.75725825109527, max_reward: -5.0875061453646575, max_reward_batch: -64.52245926112785
2023-12-16 13:02:04,084 INFO - __main__ - graph true: [[0 1 0 0 0 0 0 0 0 0 0 1]
 [0 0 0 0 0 0 0 0 0 0 0 0]
 [1 0 0 0 0 0 0 0 0 0 0 0]
 [1 0 0 0 0 0 0 0 0 0 0 0]
 [0 0 0 0 0 1 0 0 0 0 0 1]
 [0 0 0 0 0 0 0 1 0 0 0 0]
 [0 0 0 0 0 0 0 0 0 0 0 0]
 [0 0 0 0 0 0 0 0 0 0 0 0]
 [0 0 0 0 0 0 0 1 0 0 0 0]
 [0 0 0 0 0 0 0 0 0 0 1 0]
 [0 0 0 0 0 0 0 0 1 0 0 0]
 [0 0 0 0 0 0 0 0 1 0 1 0]]
2023-12-16 13:02:04,085 INFO - __main__ - =====================================
2023-12-16 13:02:21,767 INFO - __main__ - [iter 8500] reward_batch: -390.8621566256655, max_reward: -5.0, max_reward_batch: -61.81398462716141
2023-12-16 13:02:21,767 INFO - __main__ - graph true: [[0 1 0 0 0 0 0 0 0 0 0 1]
 [0 0 0 0 0 0 0 0 0 0 0 0]
 [1 0 0 0 0 0 0 0 0 0 0 0]
 [1 0 0 0 0 0 0 0 0 0 0 0]
 [0 0 0 0 0 1 0 0 0 0 0 1]
 [0 0 0 0 0 0 0 1 0 0 0 0]
 [0 0 0 0 0 0 0 0 0 0 0 0]
 [0 0 0 0 0 0 0 0 0 0 0 0]
 [0 0 0 0 0 0 0 1 0 0 0 0]
 [0 0 0 0 0 0 0 0 0 0 1 0]
 [0 0 0 0 0 0 0 0 1 0 0 0]
 [0 0 0 0 0 0 0 0 1 0 1 0]]
2023-12-16 13:02:21,769 INFO - __main__ - =====================================
2023-12-16 13:02:41,180 INFO - __main__ - before pruning: fdr 0.0, tpr 0.0, fpr 0.0, shd 12, nnz 0
2023-12-16 13:02:41,180 INFO - __main__ - after  pruning: fdr 0.0, tpr 0.0, fpr 0.0, shd 12, nnz 0
2023-12-16 13:02:41,216 INFO - __main__ - [iter 9000] reward_batch: -343.3721278198792, max_reward: -5.0, max_reward_batch: -72.85909715599266
2023-12-16 13:02:41,217 INFO - __main__ - graph true: [[0 1 0 0 0 0 0 0 0 0 0 1]
 [0 0 0 0 0 0 0 0 0 0 0 0]
 [1 0 0 0 0 0 0 0 0 0 0 0]
 [1 0 0 0 0 0 0 0 0 0 0 0]
 [0 0 0 0 0 1 0 0 0 0 0 1]
 [0 0 0 0 0 0 0 1 0 0 0 0]
 [0 0 0 0 0 0 0 0 0 0 0 0]
 [0 0 0 0 0 0 0 0 0 0 0 0]
 [0 0 0 0 0 0 0 1 0 0 0 0]
 [0 0 0 0 0 0 0 0 0 0 1 0]
 [0 0 0 0 0 0 0 0 1 0 0 0]
 [0 0 0 0 0 0 0 0 1 0 1 0]]
2023-12-16 13:02:41,218 INFO - __main__ - =====================================
2023-12-16 13:02:58,628 INFO - __main__ - [iter 9500] reward_batch: -634.5832735823703, max_reward: -5.0, max_reward_batch: -76.34796140750474
2023-12-16 13:02:58,629 INFO - __main__ - graph true: [[0 1 0 0 0 0 0 0 0 0 0 1]
 [0 0 0 0 0 0 0 0 0 0 0 0]
 [1 0 0 0 0 0 0 0 0 0 0 0]
 [1 0 0 0 0 0 0 0 0 0 0 0]
 [0 0 0 0 0 1 0 0 0 0 0 1]
 [0 0 0 0 0 0 0 1 0 0 0 0]
 [0 0 0 0 0 0 0 0 0 0 0 0]
 [0 0 0 0 0 0 0 0 0 0 0 0]
 [0 0 0 0 0 0 0 1 0 0 0 0]
 [0 0 0 0 0 0 0 0 0 0 1 0]
 [0 0 0 0 0 0 0 0 1 0 0 0]
 [0 0 0 0 0 0 0 0 1 0 1 0]]
2023-12-16 13:02:58,630 INFO - __main__ - =====================================
2023-12-16 13:03:19,210 INFO - __main__ - before pruning: fdr 0.0, tpr 0.0, fpr 0.0, shd 12, nnz 0
2023-12-16 13:03:19,211 INFO - __main__ - after  pruning: fdr 0.0, tpr 0.0, fpr 0.0, shd 12, nnz 0
2023-12-16 13:03:19,253 INFO - __main__ - [iter 10000] reward_batch: -142.16336255134297, max_reward: -5.0, max_reward_batch: -10.618138650380892
2023-12-16 13:03:19,254 INFO - __main__ - graph true: [[0 1 0 0 0 0 0 0 0 0 0 1]
 [0 0 0 0 0 0 0 0 0 0 0 0]
 [1 0 0 0 0 0 0 0 0 0 0 0]
 [1 0 0 0 0 0 0 0 0 0 0 0]
 [0 0 0 0 0 1 0 0 0 0 0 1]
 [0 0 0 0 0 0 0 1 0 0 0 0]
 [0 0 0 0 0 0 0 0 0 0 0 0]
 [0 0 0 0 0 0 0 0 0 0 0 0]
 [0 0 0 0 0 0 0 1 0 0 0 0]
 [0 0 0 0 0 0 0 0 0 0 1 0]
 [0 0 0 0 0 0 0 0 1 0 0 0]
 [0 0 0 0 0 0 0 0 1 0 1 0]]
2023-12-16 13:03:19,255 INFO - __main__ - =====================================
