2023-12-18 12:26:55,050 INFO - helpers.log_helper - Completed configuring logger.
2023-12-18 12:26:55,051 INFO - __main__ - Python version is 3.11.6
2023-12-18 12:26:55,051 INFO - __main__ - Current commit of code: ___
2023-12-18 12:26:55,789 INFO - __main__ - Original sl: 0.561383150838881, su: 0.8891994588967228, strue: 0.7167858618828377
2023-12-18 12:26:55,790 INFO - __main__ - Transfomed sl: 0.561383150838881, su: 0.8891994588967228, lambda2: 0.0001, true: 2.3702712040875116
2023-12-18 12:26:59,604 INFO - __main__ - [iter 1] reward_batch: -2.516141364900413, max_reward: -1.4330445298607128, max_reward_batch: -1.4330445298607128
2023-12-18 12:26:59,605 INFO - __main__ - graph true: [[0 1 0 0 0 0 0 0 0 0 0 1]
 [0 0 0 0 0 0 0 0 0 0 0 0]
 [1 0 0 0 0 0 0 0 0 0 0 0]
 [1 0 0 0 0 0 0 0 0 0 0 0]
 [0 0 0 0 0 1 0 0 0 0 0 1]
 [0 0 0 0 0 0 0 1 0 0 0 0]
 [0 0 0 0 0 0 0 0 0 0 0 0]
 [0 0 0 0 0 0 0 0 0 0 0 0]
 [0 0 0 0 0 0 0 1 0 0 0 0]
 [0 0 0 0 0 0 0 0 0 0 1 0]
 [0 0 0 0 0 0 0 0 1 0 0 0]
 [0 0 0 0 0 0 0 0 1 0 1 0]]
2023-12-18 12:26:59,606 INFO - __main__ - =====================================
2023-12-18 12:27:22,662 INFO - __main__ - [iter 500] reward_batch: -2.270558380190284, max_reward: -0.7789769135807171, max_reward_batch: -1.6521949934983224
2023-12-18 12:27:22,663 INFO - __main__ - graph true: [[0 1 0 0 0 0 0 0 0 0 0 1]
 [0 0 0 0 0 0 0 0 0 0 0 0]
 [1 0 0 0 0 0 0 0 0 0 0 0]
 [1 0 0 0 0 0 0 0 0 0 0 0]
 [0 0 0 0 0 1 0 0 0 0 0 1]
 [0 0 0 0 0 0 0 1 0 0 0 0]
 [0 0 0 0 0 0 0 0 0 0 0 0]
 [0 0 0 0 0 0 0 0 0 0 0 0]
 [0 0 0 0 0 0 0 1 0 0 0 0]
 [0 0 0 0 0 0 0 0 0 0 1 0]
 [0 0 0 0 0 0 0 0 1 0 0 0]
 [0 0 0 0 0 0 0 0 1 0 1 0]]
2023-12-18 12:27:22,665 INFO - __main__ - =====================================
2023-12-18 12:27:45,095 INFO - __main__ - before pruning: fdr 0.8676470588235294, tpr 0.75, fpr 1.0925925925925926, shd 49, nnz 68
2023-12-18 12:27:45,095 INFO - __main__ - after  pruning: fdr 0.5, tpr 0.5, fpr 0.1111111111111111, shd 10, nnz 12
2023-12-18 12:27:45,133 INFO - __main__ - [iter 1000] reward_batch: -10.34083547251286, max_reward: -8.756765040692319, max_reward_batch: -9.390364222290902
2023-12-18 12:27:45,133 INFO - __main__ - graph true: [[0 1 0 0 0 0 0 0 0 0 0 1]
 [0 0 0 0 0 0 0 0 0 0 0 0]
 [1 0 0 0 0 0 0 0 0 0 0 0]
 [1 0 0 0 0 0 0 0 0 0 0 0]
 [0 0 0 0 0 1 0 0 0 0 0 1]
 [0 0 0 0 0 0 0 1 0 0 0 0]
 [0 0 0 0 0 0 0 0 0 0 0 0]
 [0 0 0 0 0 0 0 0 0 0 0 0]
 [0 0 0 0 0 0 0 1 0 0 0 0]
 [0 0 0 0 0 0 0 0 0 0 1 0]
 [0 0 0 0 0 0 0 0 1 0 0 0]
 [0 0 0 0 0 0 0 0 1 0 1 0]]
2023-12-18 12:27:45,134 INFO - __main__ - =====================================
2023-12-18 12:28:04,049 INFO - __main__ - [iter 1500] reward_batch: -10.885546753627555, max_reward: -8.228253427274979, max_reward_batch: -10.45082301466214
2023-12-18 12:28:04,049 INFO - __main__ - graph true: [[0 1 0 0 0 0 0 0 0 0 0 1]
 [0 0 0 0 0 0 0 0 0 0 0 0]
 [1 0 0 0 0 0 0 0 0 0 0 0]
 [1 0 0 0 0 0 0 0 0 0 0 0]
 [0 0 0 0 0 1 0 0 0 0 0 1]
 [0 0 0 0 0 0 0 1 0 0 0 0]
 [0 0 0 0 0 0 0 0 0 0 0 0]
 [0 0 0 0 0 0 0 0 0 0 0 0]
 [0 0 0 0 0 0 0 1 0 0 0 0]
 [0 0 0 0 0 0 0 0 0 0 1 0]
 [0 0 0 0 0 0 0 0 1 0 0 0]
 [0 0 0 0 0 0 0 0 1 0 1 0]]
2023-12-18 12:28:04,050 INFO - __main__ - =====================================
2023-12-18 12:28:22,933 INFO - __main__ - before pruning: fdr 0.8448275862068966, tpr 0.75, fpr 0.9074074074074074, shd 44, nnz 58
2023-12-18 12:28:22,934 INFO - __main__ - after  pruning: fdr 0.5454545454545454, tpr 0.4166666666666667, fpr 0.1111111111111111, shd 11, nnz 11
2023-12-18 12:28:22,969 INFO - __main__ - [iter 2000] reward_batch: -24.646266640857007, max_reward: -15.565109201200759, max_reward_batch: -18.010335262452564
2023-12-18 12:28:22,969 INFO - __main__ - graph true: [[0 1 0 0 0 0 0 0 0 0 0 1]
 [0 0 0 0 0 0 0 0 0 0 0 0]
 [1 0 0 0 0 0 0 0 0 0 0 0]
 [1 0 0 0 0 0 0 0 0 0 0 0]
 [0 0 0 0 0 1 0 0 0 0 0 1]
 [0 0 0 0 0 0 0 1 0 0 0 0]
 [0 0 0 0 0 0 0 0 0 0 0 0]
 [0 0 0 0 0 0 0 0 0 0 0 0]
 [0 0 0 0 0 0 0 1 0 0 0 0]
 [0 0 0 0 0 0 0 0 0 0 1 0]
 [0 0 0 0 0 0 0 0 1 0 0 0]
 [0 0 0 0 0 0 0 0 1 0 1 0]]
2023-12-18 12:28:22,970 INFO - __main__ - =====================================
2023-12-18 12:28:41,669 INFO - __main__ - [iter 2500] reward_batch: -24.974754610819538, max_reward: -15.171499394577314, max_reward_batch: -18.533243050204657
2023-12-18 12:28:41,669 INFO - __main__ - graph true: [[0 1 0 0 0 0 0 0 0 0 0 1]
 [0 0 0 0 0 0 0 0 0 0 0 0]
 [1 0 0 0 0 0 0 0 0 0 0 0]
 [1 0 0 0 0 0 0 0 0 0 0 0]
 [0 0 0 0 0 1 0 0 0 0 0 1]
 [0 0 0 0 0 0 0 1 0 0 0 0]
 [0 0 0 0 0 0 0 0 0 0 0 0]
 [0 0 0 0 0 0 0 0 0 0 0 0]
 [0 0 0 0 0 0 0 1 0 0 0 0]
 [0 0 0 0 0 0 0 0 0 0 1 0]
 [0 0 0 0 0 0 0 0 1 0 0 0]
 [0 0 0 0 0 0 0 0 1 0 1 0]]
2023-12-18 12:28:41,670 INFO - __main__ - =====================================
2023-12-18 12:29:00,704 INFO - __main__ - before pruning: fdr 0.8823529411764706, tpr 0.5, fpr 0.8333333333333334, shd 39, nnz 51
2023-12-18 12:29:00,704 INFO - __main__ - after  pruning: fdr 0.4444444444444444, tpr 0.4166666666666667, fpr 0.07407407407407407, shd 8, nnz 9
2023-12-18 12:29:00,742 INFO - __main__ - [iter 3000] reward_batch: -28.324676184179907, max_reward: -21.33440025049238, max_reward_batch: -23.543885605184684
2023-12-18 12:29:00,742 INFO - __main__ - graph true: [[0 1 0 0 0 0 0 0 0 0 0 1]
 [0 0 0 0 0 0 0 0 0 0 0 0]
 [1 0 0 0 0 0 0 0 0 0 0 0]
 [1 0 0 0 0 0 0 0 0 0 0 0]
 [0 0 0 0 0 1 0 0 0 0 0 1]
 [0 0 0 0 0 0 0 1 0 0 0 0]
 [0 0 0 0 0 0 0 0 0 0 0 0]
 [0 0 0 0 0 0 0 0 0 0 0 0]
 [0 0 0 0 0 0 0 1 0 0 0 0]
 [0 0 0 0 0 0 0 0 0 0 1 0]
 [0 0 0 0 0 0 0 0 1 0 0 0]
 [0 0 0 0 0 0 0 0 1 0 1 0]]
2023-12-18 12:29:00,743 INFO - __main__ - =====================================
2023-12-18 12:29:19,049 INFO - __main__ - [iter 3500] reward_batch: -33.19735090160223, max_reward: -20.716862772470854, max_reward_batch: -26.92533863717736
2023-12-18 12:29:19,049 INFO - __main__ - graph true: [[0 1 0 0 0 0 0 0 0 0 0 1]
 [0 0 0 0 0 0 0 0 0 0 0 0]
 [1 0 0 0 0 0 0 0 0 0 0 0]
 [1 0 0 0 0 0 0 0 0 0 0 0]
 [0 0 0 0 0 1 0 0 0 0 0 1]
 [0 0 0 0 0 0 0 1 0 0 0 0]
 [0 0 0 0 0 0 0 0 0 0 0 0]
 [0 0 0 0 0 0 0 0 0 0 0 0]
 [0 0 0 0 0 0 0 1 0 0 0 0]
 [0 0 0 0 0 0 0 0 0 0 1 0]
 [0 0 0 0 0 0 0 0 1 0 0 0]
 [0 0 0 0 0 0 0 0 1 0 1 0]]
2023-12-18 12:29:19,050 INFO - __main__ - =====================================
2023-12-18 12:29:38,742 INFO - __main__ - before pruning: fdr 0.8723404255319149, tpr 0.5, fpr 0.7592592592592593, shd 39, nnz 47
2023-12-18 12:29:38,743 INFO - __main__ - after  pruning: fdr 0.3333333333333333, tpr 0.3333333333333333, fpr 0.037037037037037035, shd 10, nnz 6
2023-12-18 12:29:38,777 INFO - __main__ - [iter 4000] reward_batch: -79.0310223736575, max_reward: -25.8938314719105, max_reward_batch: -59.00722669976454
2023-12-18 12:29:38,778 INFO - __main__ - graph true: [[0 1 0 0 0 0 0 0 0 0 0 1]
 [0 0 0 0 0 0 0 0 0 0 0 0]
 [1 0 0 0 0 0 0 0 0 0 0 0]
 [1 0 0 0 0 0 0 0 0 0 0 0]
 [0 0 0 0 0 1 0 0 0 0 0 1]
 [0 0 0 0 0 0 0 1 0 0 0 0]
 [0 0 0 0 0 0 0 0 0 0 0 0]
 [0 0 0 0 0 0 0 0 0 0 0 0]
 [0 0 0 0 0 0 0 1 0 0 0 0]
 [0 0 0 0 0 0 0 0 0 0 1 0]
 [0 0 0 0 0 0 0 0 1 0 0 0]
 [0 0 0 0 0 0 0 0 1 0 1 0]]
2023-12-18 12:29:38,779 INFO - __main__ - =====================================
2023-12-18 12:29:57,066 INFO - __main__ - [iter 4500] reward_batch: -36.549439291452714, max_reward: -25.61938231223577, max_reward_batch: -32.018772487169215
2023-12-18 12:29:57,066 INFO - __main__ - graph true: [[0 1 0 0 0 0 0 0 0 0 0 1]
 [0 0 0 0 0 0 0 0 0 0 0 0]
 [1 0 0 0 0 0 0 0 0 0 0 0]
 [1 0 0 0 0 0 0 0 0 0 0 0]
 [0 0 0 0 0 1 0 0 0 0 0 1]
 [0 0 0 0 0 0 0 1 0 0 0 0]
 [0 0 0 0 0 0 0 0 0 0 0 0]
 [0 0 0 0 0 0 0 0 0 0 0 0]
 [0 0 0 0 0 0 0 1 0 0 0 0]
 [0 0 0 0 0 0 0 0 0 0 1 0]
 [0 0 0 0 0 0 0 0 1 0 0 0]
 [0 0 0 0 0 0 0 0 1 0 1 0]]
2023-12-18 12:29:57,067 INFO - __main__ - =====================================
2023-12-18 12:30:16,597 INFO - __main__ - before pruning: fdr 0.8260869565217391, tpr 0.6666666666666666, fpr 0.7037037037037037, shd 38, nnz 46
2023-12-18 12:30:16,597 INFO - __main__ - after  pruning: fdr 0.5, tpr 0.3333333333333333, fpr 0.07407407407407407, shd 11, nnz 8
2023-12-18 12:30:16,633 INFO - __main__ - [iter 5000] reward_batch: -57.33305784655054, max_reward: -30.63535459057284, max_reward_batch: -42.685456040953554
2023-12-18 12:30:16,634 INFO - __main__ - graph true: [[0 1 0 0 0 0 0 0 0 0 0 1]
 [0 0 0 0 0 0 0 0 0 0 0 0]
 [1 0 0 0 0 0 0 0 0 0 0 0]
 [1 0 0 0 0 0 0 0 0 0 0 0]
 [0 0 0 0 0 1 0 0 0 0 0 1]
 [0 0 0 0 0 0 0 1 0 0 0 0]
 [0 0 0 0 0 0 0 0 0 0 0 0]
 [0 0 0 0 0 0 0 0 0 0 0 0]
 [0 0 0 0 0 0 0 1 0 0 0 0]
 [0 0 0 0 0 0 0 0 0 0 1 0]
 [0 0 0 0 0 0 0 0 1 0 0 0]
 [0 0 0 0 0 0 0 0 1 0 1 0]]
2023-12-18 12:30:16,635 INFO - __main__ - =====================================
2023-12-18 12:30:35,299 INFO - __main__ - [iter 5500] reward_batch: -79.6753863745094, max_reward: -30.63535459057284, max_reward_batch: -61.94073240338994
2023-12-18 12:30:35,300 INFO - __main__ - graph true: [[0 1 0 0 0 0 0 0 0 0 0 1]
 [0 0 0 0 0 0 0 0 0 0 0 0]
 [1 0 0 0 0 0 0 0 0 0 0 0]
 [1 0 0 0 0 0 0 0 0 0 0 0]
 [0 0 0 0 0 1 0 0 0 0 0 1]
 [0 0 0 0 0 0 0 1 0 0 0 0]
 [0 0 0 0 0 0 0 0 0 0 0 0]
 [0 0 0 0 0 0 0 0 0 0 0 0]
 [0 0 0 0 0 0 0 1 0 0 0 0]
 [0 0 0 0 0 0 0 0 0 0 1 0]
 [0 0 0 0 0 0 0 0 1 0 0 0]
 [0 0 0 0 0 0 0 0 1 0 1 0]]
2023-12-18 12:30:35,301 INFO - __main__ - =====================================
2023-12-18 12:30:55,361 INFO - __main__ - before pruning: fdr 0.8260869565217391, tpr 0.6666666666666666, fpr 0.7037037037037037, shd 38, nnz 46
2023-12-18 12:30:55,361 INFO - __main__ - after  pruning: fdr 0.5, tpr 0.3333333333333333, fpr 0.07407407407407407, shd 11, nnz 8
2023-12-18 12:30:55,399 INFO - __main__ - [iter 6000] reward_batch: -65.95849845944403, max_reward: -35.23535459057284, max_reward_batch: -52.057702909490104
2023-12-18 12:30:55,399 INFO - __main__ - graph true: [[0 1 0 0 0 0 0 0 0 0 0 1]
 [0 0 0 0 0 0 0 0 0 0 0 0]
 [1 0 0 0 0 0 0 0 0 0 0 0]
 [1 0 0 0 0 0 0 0 0 0 0 0]
 [0 0 0 0 0 1 0 0 0 0 0 1]
 [0 0 0 0 0 0 0 1 0 0 0 0]
 [0 0 0 0 0 0 0 0 0 0 0 0]
 [0 0 0 0 0 0 0 0 0 0 0 0]
 [0 0 0 0 0 0 0 1 0 0 0 0]
 [0 0 0 0 0 0 0 0 0 0 1 0]
 [0 0 0 0 0 0 0 0 1 0 0 0]
 [0 0 0 0 0 0 0 0 1 0 1 0]]
2023-12-18 12:30:55,400 INFO - __main__ - =====================================
2023-12-18 12:31:13,693 INFO - __main__ - [iter 6500] reward_batch: -49.09086540633361, max_reward: -35.23535459057284, max_reward_batch: -41.01722051583653
2023-12-18 12:31:13,693 INFO - __main__ - graph true: [[0 1 0 0 0 0 0 0 0 0 0 1]
 [0 0 0 0 0 0 0 0 0 0 0 0]
 [1 0 0 0 0 0 0 0 0 0 0 0]
 [1 0 0 0 0 0 0 0 0 0 0 0]
 [0 0 0 0 0 1 0 0 0 0 0 1]
 [0 0 0 0 0 0 0 1 0 0 0 0]
 [0 0 0 0 0 0 0 0 0 0 0 0]
 [0 0 0 0 0 0 0 0 0 0 0 0]
 [0 0 0 0 0 0 0 1 0 0 0 0]
 [0 0 0 0 0 0 0 0 0 0 1 0]
 [0 0 0 0 0 0 0 0 1 0 0 0]
 [0 0 0 0 0 0 0 0 1 0 1 0]]
2023-12-18 12:31:13,694 INFO - __main__ - =====================================
2023-12-18 12:31:35,070 INFO - __main__ - before pruning: fdr 0.9545454545454546, tpr 0.16666666666666666, fpr 0.7777777777777778, shd 44, nnz 44
2023-12-18 12:31:35,070 INFO - __main__ - after  pruning: fdr 0.75, tpr 0.16666666666666666, fpr 0.1111111111111111, shd 12, nnz 8
2023-12-18 12:31:35,104 INFO - __main__ - [iter 7000] reward_batch: -57.1408662571841, max_reward: -38.74551793244446, max_reward_batch: -49.758059870257505
2023-12-18 12:31:35,105 INFO - __main__ - graph true: [[0 1 0 0 0 0 0 0 0 0 0 1]
 [0 0 0 0 0 0 0 0 0 0 0 0]
 [1 0 0 0 0 0 0 0 0 0 0 0]
 [1 0 0 0 0 0 0 0 0 0 0 0]
 [0 0 0 0 0 1 0 0 0 0 0 1]
 [0 0 0 0 0 0 0 1 0 0 0 0]
 [0 0 0 0 0 0 0 0 0 0 0 0]
 [0 0 0 0 0 0 0 0 0 0 0 0]
 [0 0 0 0 0 0 0 1 0 0 0 0]
 [0 0 0 0 0 0 0 0 0 0 1 0]
 [0 0 0 0 0 0 0 0 1 0 0 0]
 [0 0 0 0 0 0 0 0 1 0 1 0]]
2023-12-18 12:31:35,106 INFO - __main__ - =====================================
2023-12-18 12:31:53,390 INFO - __main__ - [iter 7500] reward_batch: -105.9084860288669, max_reward: -38.74551793244446, max_reward_batch: -81.40654654009717
2023-12-18 12:31:53,390 INFO - __main__ - graph true: [[0 1 0 0 0 0 0 0 0 0 0 1]
 [0 0 0 0 0 0 0 0 0 0 0 0]
 [1 0 0 0 0 0 0 0 0 0 0 0]
 [1 0 0 0 0 0 0 0 0 0 0 0]
 [0 0 0 0 0 1 0 0 0 0 0 1]
 [0 0 0 0 0 0 0 1 0 0 0 0]
 [0 0 0 0 0 0 0 0 0 0 0 0]
 [0 0 0 0 0 0 0 0 0 0 0 0]
 [0 0 0 0 0 0 0 1 0 0 0 0]
 [0 0 0 0 0 0 0 0 0 0 1 0]
 [0 0 0 0 0 0 0 0 1 0 0 0]
 [0 0 0 0 0 0 0 0 1 0 1 0]]
2023-12-18 12:31:53,391 INFO - __main__ - =====================================
2023-12-18 12:32:14,109 INFO - __main__ - before pruning: fdr 0.9545454545454546, tpr 0.16666666666666666, fpr 0.7777777777777778, shd 44, nnz 44
2023-12-18 12:32:14,110 INFO - __main__ - after  pruning: fdr 0.75, tpr 0.16666666666666666, fpr 0.1111111111111111, shd 12, nnz 8
2023-12-18 12:32:14,147 INFO - __main__ - [iter 8000] reward_batch: -64.54769653282061, max_reward: -43.145517932444456, max_reward_batch: -51.924870113222106
2023-12-18 12:32:14,148 INFO - __main__ - graph true: [[0 1 0 0 0 0 0 0 0 0 0 1]
 [0 0 0 0 0 0 0 0 0 0 0 0]
 [1 0 0 0 0 0 0 0 0 0 0 0]
 [1 0 0 0 0 0 0 0 0 0 0 0]
 [0 0 0 0 0 1 0 0 0 0 0 1]
 [0 0 0 0 0 0 0 1 0 0 0 0]
 [0 0 0 0 0 0 0 0 0 0 0 0]
 [0 0 0 0 0 0 0 0 0 0 0 0]
 [0 0 0 0 0 0 0 1 0 0 0 0]
 [0 0 0 0 0 0 0 0 0 0 1 0]
 [0 0 0 0 0 0 0 0 1 0 0 0]
 [0 0 0 0 0 0 0 0 1 0 1 0]]
2023-12-18 12:32:14,149 INFO - __main__ - =====================================
2023-12-18 12:32:32,477 INFO - __main__ - [iter 8500] reward_batch: -70.34329274313808, max_reward: -43.145517932444456, max_reward_batch: -60.453399175702714
2023-12-18 12:32:32,478 INFO - __main__ - graph true: [[0 1 0 0 0 0 0 0 0 0 0 1]
 [0 0 0 0 0 0 0 0 0 0 0 0]
 [1 0 0 0 0 0 0 0 0 0 0 0]
 [1 0 0 0 0 0 0 0 0 0 0 0]
 [0 0 0 0 0 1 0 0 0 0 0 1]
 [0 0 0 0 0 0 0 1 0 0 0 0]
 [0 0 0 0 0 0 0 0 0 0 0 0]
 [0 0 0 0 0 0 0 0 0 0 0 0]
 [0 0 0 0 0 0 0 1 0 0 0 0]
 [0 0 0 0 0 0 0 0 0 0 1 0]
 [0 0 0 0 0 0 0 0 1 0 0 0]
 [0 0 0 0 0 0 0 0 1 0 1 0]]
2023-12-18 12:32:32,479 INFO - __main__ - =====================================
2023-12-18 12:32:54,798 INFO - __main__ - before pruning: fdr 0.9545454545454546, tpr 0.16666666666666666, fpr 0.7777777777777778, shd 44, nnz 44
2023-12-18 12:32:54,798 INFO - __main__ - after  pruning: fdr 0.75, tpr 0.16666666666666666, fpr 0.1111111111111111, shd 12, nnz 8
2023-12-18 12:32:54,838 INFO - __main__ - [iter 9000] reward_batch: -76.72500407662429, max_reward: -47.545517932444454, max_reward_batch: -65.53275974853747
2023-12-18 12:32:54,838 INFO - __main__ - graph true: [[0 1 0 0 0 0 0 0 0 0 0 1]
 [0 0 0 0 0 0 0 0 0 0 0 0]
 [1 0 0 0 0 0 0 0 0 0 0 0]
 [1 0 0 0 0 0 0 0 0 0 0 0]
 [0 0 0 0 0 1 0 0 0 0 0 1]
 [0 0 0 0 0 0 0 1 0 0 0 0]
 [0 0 0 0 0 0 0 0 0 0 0 0]
 [0 0 0 0 0 0 0 0 0 0 0 0]
 [0 0 0 0 0 0 0 1 0 0 0 0]
 [0 0 0 0 0 0 0 0 0 0 1 0]
 [0 0 0 0 0 0 0 0 1 0 0 0]
 [0 0 0 0 0 0 0 0 1 0 1 0]]
2023-12-18 12:32:54,839 INFO - __main__ - =====================================
2023-12-18 12:33:21,185 INFO - __main__ - [iter 9500] reward_batch: -112.75016619757578, max_reward: -47.545517932444454, max_reward_batch: -95.49843768524312
2023-12-18 12:33:21,186 INFO - __main__ - graph true: [[0 1 0 0 0 0 0 0 0 0 0 1]
 [0 0 0 0 0 0 0 0 0 0 0 0]
 [1 0 0 0 0 0 0 0 0 0 0 0]
 [1 0 0 0 0 0 0 0 0 0 0 0]
 [0 0 0 0 0 1 0 0 0 0 0 1]
 [0 0 0 0 0 0 0 1 0 0 0 0]
 [0 0 0 0 0 0 0 0 0 0 0 0]
 [0 0 0 0 0 0 0 0 0 0 0 0]
 [0 0 0 0 0 0 0 1 0 0 0 0]
 [0 0 0 0 0 0 0 0 0 0 1 0]
 [0 0 0 0 0 0 0 0 1 0 0 0]
 [0 0 0 0 0 0 0 0 1 0 1 0]]
2023-12-18 12:33:21,186 INFO - __main__ - =====================================
2023-12-18 12:33:42,981 INFO - __main__ - before pruning: fdr 0.9545454545454546, tpr 0.16666666666666666, fpr 0.7777777777777778, shd 44, nnz 44
2023-12-18 12:33:42,982 INFO - __main__ - after  pruning: fdr 0.75, tpr 0.16666666666666666, fpr 0.1111111111111111, shd 12, nnz 8
2023-12-18 12:33:43,018 INFO - __main__ - [iter 10000] reward_batch: -91.84106734166019, max_reward: -51.94551793244445, max_reward_batch: -71.36130467603915
2023-12-18 12:33:43,019 INFO - __main__ - graph true: [[0 1 0 0 0 0 0 0 0 0 0 1]
 [0 0 0 0 0 0 0 0 0 0 0 0]
 [1 0 0 0 0 0 0 0 0 0 0 0]
 [1 0 0 0 0 0 0 0 0 0 0 0]
 [0 0 0 0 0 1 0 0 0 0 0 1]
 [0 0 0 0 0 0 0 1 0 0 0 0]
 [0 0 0 0 0 0 0 0 0 0 0 0]
 [0 0 0 0 0 0 0 0 0 0 0 0]
 [0 0 0 0 0 0 0 1 0 0 0 0]
 [0 0 0 0 0 0 0 0 0 0 1 0]
 [0 0 0 0 0 0 0 0 1 0 0 0]
 [0 0 0 0 0 0 0 0 1 0 1 0]]
2023-12-18 12:33:43,020 INFO - __main__ - =====================================
