2024-01-05 15:54:26,354 INFO - helpers.log_helper - Completed configuring logger.
2024-01-05 15:54:26,355 INFO - __main__ - Python version is 3.11.6
2024-01-05 15:54:26,355 INFO - __main__ - Current commit of code: ___
2024-01-05 15:54:26,421 INFO - __main__ - Original sl: 0.561383150838881, su: 0.8891994588967228, strue: 0.7167858618828377
2024-01-05 15:54:26,422 INFO - __main__ - Transfomed sl: 0.561383150838881, su: 0.8891994588967228, lambda2: 0.0001, true: 2.3702712040875116
2024-01-05 15:54:27,128 INFO - __main__ - [iter 1] reward_batch: -2.107734914437775, max_reward: -1.2787974373730915, max_reward_batch: -1.2787974373730915
2024-01-05 15:54:27,129 INFO - __main__ - graph true:
 [[0 1 0 0 0 0 0 0 0 0 0 1]
 [0 0 0 0 0 0 0 0 0 0 0 0]
 [1 0 0 0 0 0 0 0 0 0 0 0]
 [1 0 0 0 0 0 0 0 0 0 0 0]
 [0 0 0 0 0 1 0 0 0 0 0 1]
 [0 0 0 0 0 0 0 1 0 0 0 0]
 [0 0 0 0 0 0 0 0 0 0 0 0]
 [0 0 0 0 0 0 0 0 0 0 0 0]
 [0 0 0 0 0 0 0 1 0 0 0 0]
 [0 0 0 0 0 0 0 0 0 0 1 0]
 [0 0 0 0 0 0 0 0 1 0 0 0]
 [0 0 0 0 0 0 0 0 1 0 1 0]]
2024-01-05 15:54:27,130 INFO - __main__ - =====================================
2024-01-05 15:55:00,109 INFO - __main__ - [iter 500] reward_batch: -1.9433203342896601, max_reward: -0.5662537686545858, max_reward_batch: -1.352033320875402
2024-01-05 15:55:00,109 INFO - __main__ - graph true:
 [[0 1 0 0 0 0 0 0 0 0 0 1]
 [0 0 0 0 0 0 0 0 0 0 0 0]
 [1 0 0 0 0 0 0 0 0 0 0 0]
 [1 0 0 0 0 0 0 0 0 0 0 0]
 [0 0 0 0 0 1 0 0 0 0 0 1]
 [0 0 0 0 0 0 0 1 0 0 0 0]
 [0 0 0 0 0 0 0 0 0 0 0 0]
 [0 0 0 0 0 0 0 0 0 0 0 0]
 [0 0 0 0 0 0 0 1 0 0 0 0]
 [0 0 0 0 0 0 0 0 0 0 1 0]
 [0 0 0 0 0 0 0 0 1 0 0 0]
 [0 0 0 0 0 0 0 0 1 0 1 0]]
2024-01-05 15:55:00,110 INFO - __main__ - =====================================
2024-01-05 15:55:24,573 INFO - __main__ - before pruning: fdr 0.8666666666666667, tpr 0.8333333333333334, fpr 1.2037037037037037, shd 51, nnz 75
2024-01-05 15:55:24,573 INFO - __main__ - after  pruning: fdr 0.5454545454545454, tpr 0.4166666666666667, fpr 0.1111111111111111, shd 10, nnz 11
2024-01-05 15:55:24,609 INFO - __main__ - [iter 1000] reward_batch: -3.5368975111901597, max_reward: -2.1498922330100543, max_reward_batch: -2.6359412148165045
2024-01-05 15:55:24,610 INFO - __main__ - graph true:
 [[0 1 0 0 0 0 0 0 0 0 0 1]
 [0 0 0 0 0 0 0 0 0 0 0 0]
 [1 0 0 0 0 0 0 0 0 0 0 0]
 [1 0 0 0 0 0 0 0 0 0 0 0]
 [0 0 0 0 0 1 0 0 0 0 0 1]
 [0 0 0 0 0 0 0 1 0 0 0 0]
 [0 0 0 0 0 0 0 0 0 0 0 0]
 [0 0 0 0 0 0 0 0 0 0 0 0]
 [0 0 0 0 0 0 0 1 0 0 0 0]
 [0 0 0 0 0 0 0 0 0 0 1 0]
 [0 0 0 0 0 0 0 0 1 0 0 0]
 [0 0 0 0 0 0 0 0 1 0 1 0]]
2024-01-05 15:55:24,611 INFO - __main__ - =====================================
2024-01-05 15:55:47,289 INFO - __main__ - [iter 1500] reward_batch: -4.1408141156394365, max_reward: -2.10006083633295, max_reward_batch: -2.8363065367646154
2024-01-05 15:55:47,289 INFO - __main__ - graph true:
 [[0 1 0 0 0 0 0 0 0 0 0 1]
 [0 0 0 0 0 0 0 0 0 0 0 0]
 [1 0 0 0 0 0 0 0 0 0 0 0]
 [1 0 0 0 0 0 0 0 0 0 0 0]
 [0 0 0 0 0 1 0 0 0 0 0 1]
 [0 0 0 0 0 0 0 1 0 0 0 0]
 [0 0 0 0 0 0 0 0 0 0 0 0]
 [0 0 0 0 0 0 0 0 0 0 0 0]
 [0 0 0 0 0 0 0 1 0 0 0 0]
 [0 0 0 0 0 0 0 0 0 0 1 0]
 [0 0 0 0 0 0 0 0 1 0 0 0]
 [0 0 0 0 0 0 0 0 1 0 1 0]]
2024-01-05 15:55:47,290 INFO - __main__ - =====================================
2024-01-05 15:56:13,500 INFO - __main__ - before pruning: fdr 0.8805970149253731, tpr 0.6666666666666666, fpr 1.0925925925925926, shd 52, nnz 67
2024-01-05 15:56:13,501 INFO - __main__ - after  pruning: fdr 0.45454545454545453, tpr 0.5, fpr 0.09259259259259259, shd 9, nnz 11
2024-01-05 15:56:13,552 INFO - __main__ - [iter 2000] reward_batch: -7.140560097358547, max_reward: -5.0975663142382235, max_reward_batch: -5.474484473746287
2024-01-05 15:56:13,553 INFO - __main__ - graph true:
 [[0 1 0 0 0 0 0 0 0 0 0 1]
 [0 0 0 0 0 0 0 0 0 0 0 0]
 [1 0 0 0 0 0 0 0 0 0 0 0]
 [1 0 0 0 0 0 0 0 0 0 0 0]
 [0 0 0 0 0 1 0 0 0 0 0 1]
 [0 0 0 0 0 0 0 1 0 0 0 0]
 [0 0 0 0 0 0 0 0 0 0 0 0]
 [0 0 0 0 0 0 0 0 0 0 0 0]
 [0 0 0 0 0 0 0 1 0 0 0 0]
 [0 0 0 0 0 0 0 0 0 0 1 0]
 [0 0 0 0 0 0 0 0 1 0 0 0]
 [0 0 0 0 0 0 0 0 1 0 1 0]]
2024-01-05 15:56:13,554 INFO - __main__ - =====================================
2024-01-05 15:56:38,122 INFO - __main__ - [iter 2500] reward_batch: -11.634679727304441, max_reward: -4.203150651103047, max_reward_batch: -5.370302774279834
2024-01-05 15:56:38,123 INFO - __main__ - graph true:
 [[0 1 0 0 0 0 0 0 0 0 0 1]
 [0 0 0 0 0 0 0 0 0 0 0 0]
 [1 0 0 0 0 0 0 0 0 0 0 0]
 [1 0 0 0 0 0 0 0 0 0 0 0]
 [0 0 0 0 0 1 0 0 0 0 0 1]
 [0 0 0 0 0 0 0 1 0 0 0 0]
 [0 0 0 0 0 0 0 0 0 0 0 0]
 [0 0 0 0 0 0 0 0 0 0 0 0]
 [0 0 0 0 0 0 0 1 0 0 0 0]
 [0 0 0 0 0 0 0 0 0 0 1 0]
 [0 0 0 0 0 0 0 0 1 0 0 0]
 [0 0 0 0 0 0 0 0 1 0 1 0]]
2024-01-05 15:56:38,124 INFO - __main__ - =====================================
2024-01-05 15:57:03,178 INFO - __main__ - before pruning: fdr 0.8653846153846154, tpr 0.5833333333333334, fpr 0.8333333333333334, shd 41, nnz 52
2024-01-05 15:57:03,179 INFO - __main__ - after  pruning: fdr 0.5454545454545454, tpr 0.4166666666666667, fpr 0.1111111111111111, shd 12, nnz 11
2024-01-05 15:57:03,211 INFO - __main__ - [iter 3000] reward_batch: -9.310261395411175, max_reward: -5.171902141953025, max_reward_batch: -7.537875393956326
2024-01-05 15:57:03,212 INFO - __main__ - graph true:
 [[0 1 0 0 0 0 0 0 0 0 0 1]
 [0 0 0 0 0 0 0 0 0 0 0 0]
 [1 0 0 0 0 0 0 0 0 0 0 0]
 [1 0 0 0 0 0 0 0 0 0 0 0]
 [0 0 0 0 0 1 0 0 0 0 0 1]
 [0 0 0 0 0 0 0 1 0 0 0 0]
 [0 0 0 0 0 0 0 0 0 0 0 0]
 [0 0 0 0 0 0 0 0 0 0 0 0]
 [0 0 0 0 0 0 0 1 0 0 0 0]
 [0 0 0 0 0 0 0 0 0 0 1 0]
 [0 0 0 0 0 0 0 0 1 0 0 0]
 [0 0 0 0 0 0 0 0 1 0 1 0]]
2024-01-05 15:57:03,213 INFO - __main__ - =====================================
2024-01-05 15:57:20,756 INFO - __main__ - [iter 3500] reward_batch: -22.67463163485689, max_reward: -5.171902141953025, max_reward_batch: -9.450079228402927
2024-01-05 15:57:20,757 INFO - __main__ - graph true:
 [[0 1 0 0 0 0 0 0 0 0 0 1]
 [0 0 0 0 0 0 0 0 0 0 0 0]
 [1 0 0 0 0 0 0 0 0 0 0 0]
 [1 0 0 0 0 0 0 0 0 0 0 0]
 [0 0 0 0 0 1 0 0 0 0 0 1]
 [0 0 0 0 0 0 0 1 0 0 0 0]
 [0 0 0 0 0 0 0 0 0 0 0 0]
 [0 0 0 0 0 0 0 0 0 0 0 0]
 [0 0 0 0 0 0 0 1 0 0 0 0]
 [0 0 0 0 0 0 0 0 0 0 1 0]
 [0 0 0 0 0 0 0 0 1 0 0 0]
 [0 0 0 0 0 0 0 0 1 0 1 0]]
2024-01-05 15:57:20,758 INFO - __main__ - =====================================
2024-01-05 15:57:40,635 INFO - __main__ - before pruning: fdr 0.8653846153846154, tpr 0.5833333333333334, fpr 0.8333333333333334, shd 41, nnz 52
2024-01-05 15:57:40,635 INFO - __main__ - after  pruning: fdr 0.5454545454545454, tpr 0.4166666666666667, fpr 0.1111111111111111, shd 12, nnz 11
2024-01-05 15:57:40,668 INFO - __main__ - [iter 4000] reward_batch: -35.915328825455774, max_reward: -6.171902141953025, max_reward_batch: -17.078470302750567
2024-01-05 15:57:40,669 INFO - __main__ - graph true:
 [[0 1 0 0 0 0 0 0 0 0 0 1]
 [0 0 0 0 0 0 0 0 0 0 0 0]
 [1 0 0 0 0 0 0 0 0 0 0 0]
 [1 0 0 0 0 0 0 0 0 0 0 0]
 [0 0 0 0 0 1 0 0 0 0 0 1]
 [0 0 0 0 0 0 0 1 0 0 0 0]
 [0 0 0 0 0 0 0 0 0 0 0 0]
 [0 0 0 0 0 0 0 0 0 0 0 0]
 [0 0 0 0 0 0 0 1 0 0 0 0]
 [0 0 0 0 0 0 0 0 0 0 1 0]
 [0 0 0 0 0 0 0 0 1 0 0 0]
 [0 0 0 0 0 0 0 0 1 0 1 0]]
2024-01-05 15:57:40,670 INFO - __main__ - =====================================
2024-01-05 15:57:58,098 INFO - __main__ - [iter 4500] reward_batch: -16.95728937578356, max_reward: -6.171902141953025, max_reward_batch: -9.757204065423416
2024-01-05 15:57:58,099 INFO - __main__ - graph true:
 [[0 1 0 0 0 0 0 0 0 0 0 1]
 [0 0 0 0 0 0 0 0 0 0 0 0]
 [1 0 0 0 0 0 0 0 0 0 0 0]
 [1 0 0 0 0 0 0 0 0 0 0 0]
 [0 0 0 0 0 1 0 0 0 0 0 1]
 [0 0 0 0 0 0 0 1 0 0 0 0]
 [0 0 0 0 0 0 0 0 0 0 0 0]
 [0 0 0 0 0 0 0 0 0 0 0 0]
 [0 0 0 0 0 0 0 1 0 0 0 0]
 [0 0 0 0 0 0 0 0 0 0 1 0]
 [0 0 0 0 0 0 0 0 1 0 0 0]
 [0 0 0 0 0 0 0 0 1 0 1 0]]
2024-01-05 15:57:58,100 INFO - __main__ - =====================================
2024-01-05 15:58:17,400 INFO - __main__ - before pruning: fdr 0.8653846153846154, tpr 0.5833333333333334, fpr 0.8333333333333334, shd 41, nnz 52
2024-01-05 15:58:17,401 INFO - __main__ - after  pruning: fdr 0.5454545454545454, tpr 0.4166666666666667, fpr 0.1111111111111111, shd 12, nnz 11
2024-01-05 15:58:17,731 INFO - __main__ - [iter 5000] reward_batch: -11.694855944310353, max_reward: -7.171902141953025, max_reward_batch: -9.346953108129679
2024-01-05 15:58:17,732 INFO - __main__ - graph true:
 [[0 1 0 0 0 0 0 0 0 0 0 1]
 [0 0 0 0 0 0 0 0 0 0 0 0]
 [1 0 0 0 0 0 0 0 0 0 0 0]
 [1 0 0 0 0 0 0 0 0 0 0 0]
 [0 0 0 0 0 1 0 0 0 0 0 1]
 [0 0 0 0 0 0 0 1 0 0 0 0]
 [0 0 0 0 0 0 0 0 0 0 0 0]
 [0 0 0 0 0 0 0 0 0 0 0 0]
 [0 0 0 0 0 0 0 1 0 0 0 0]
 [0 0 0 0 0 0 0 0 0 0 1 0]
 [0 0 0 0 0 0 0 0 1 0 0 0]
 [0 0 0 0 0 0 0 0 1 0 1 0]]
2024-01-05 15:58:17,733 INFO - __main__ - =====================================
2024-01-05 15:58:35,385 INFO - __main__ - [iter 5500] reward_batch: -16.60816031646018, max_reward: -7.171902141953025, max_reward_batch: -10.799007374762699
2024-01-05 15:58:35,386 INFO - __main__ - graph true:
 [[0 1 0 0 0 0 0 0 0 0 0 1]
 [0 0 0 0 0 0 0 0 0 0 0 0]
 [1 0 0 0 0 0 0 0 0 0 0 0]
 [1 0 0 0 0 0 0 0 0 0 0 0]
 [0 0 0 0 0 1 0 0 0 0 0 1]
 [0 0 0 0 0 0 0 1 0 0 0 0]
 [0 0 0 0 0 0 0 0 0 0 0 0]
 [0 0 0 0 0 0 0 0 0 0 0 0]
 [0 0 0 0 0 0 0 1 0 0 0 0]
 [0 0 0 0 0 0 0 0 0 0 1 0]
 [0 0 0 0 0 0 0 0 1 0 0 0]
 [0 0 0 0 0 0 0 0 1 0 1 0]]
2024-01-05 15:58:35,388 INFO - __main__ - =====================================
2024-01-05 15:58:55,849 INFO - __main__ - before pruning: fdr 0.8653846153846154, tpr 0.5833333333333334, fpr 0.8333333333333334, shd 41, nnz 52
2024-01-05 15:58:55,849 INFO - __main__ - after  pruning: fdr 0.5454545454545454, tpr 0.4166666666666667, fpr 0.1111111111111111, shd 12, nnz 11
2024-01-05 15:58:55,884 INFO - __main__ - [iter 6000] reward_batch: -20.959620803473705, max_reward: -7.171902141953025, max_reward_batch: -12.738192776698897
2024-01-05 15:58:55,885 INFO - __main__ - graph true:
 [[0 1 0 0 0 0 0 0 0 0 0 1]
 [0 0 0 0 0 0 0 0 0 0 0 0]
 [1 0 0 0 0 0 0 0 0 0 0 0]
 [1 0 0 0 0 0 0 0 0 0 0 0]
 [0 0 0 0 0 1 0 0 0 0 0 1]
 [0 0 0 0 0 0 0 1 0 0 0 0]
 [0 0 0 0 0 0 0 0 0 0 0 0]
 [0 0 0 0 0 0 0 0 0 0 0 0]
 [0 0 0 0 0 0 0 1 0 0 0 0]
 [0 0 0 0 0 0 0 0 0 0 1 0]
 [0 0 0 0 0 0 0 0 1 0 0 0]
 [0 0 0 0 0 0 0 0 1 0 1 0]]
2024-01-05 15:58:55,886 INFO - __main__ - =====================================
2024-01-05 15:59:13,634 INFO - __main__ - [iter 6500] reward_batch: -21.838029435361484, max_reward: -7.171902141953025, max_reward_batch: -13.335375522768835
2024-01-05 15:59:13,634 INFO - __main__ - graph true:
 [[0 1 0 0 0 0 0 0 0 0 0 1]
 [0 0 0 0 0 0 0 0 0 0 0 0]
 [1 0 0 0 0 0 0 0 0 0 0 0]
 [1 0 0 0 0 0 0 0 0 0 0 0]
 [0 0 0 0 0 1 0 0 0 0 0 1]
 [0 0 0 0 0 0 0 1 0 0 0 0]
 [0 0 0 0 0 0 0 0 0 0 0 0]
 [0 0 0 0 0 0 0 0 0 0 0 0]
 [0 0 0 0 0 0 0 1 0 0 0 0]
 [0 0 0 0 0 0 0 0 0 0 1 0]
 [0 0 0 0 0 0 0 0 1 0 0 0]
 [0 0 0 0 0 0 0 0 1 0 1 0]]
2024-01-05 15:59:13,635 INFO - __main__ - =====================================
2024-01-05 15:59:35,453 INFO - __main__ - before pruning: fdr 0.8653846153846154, tpr 0.5833333333333334, fpr 0.8333333333333334, shd 41, nnz 52
2024-01-05 15:59:35,454 INFO - __main__ - after  pruning: fdr 0.5454545454545454, tpr 0.4166666666666667, fpr 0.1111111111111111, shd 12, nnz 11
2024-01-05 15:59:35,487 INFO - __main__ - [iter 7000] reward_batch: -17.587494112424963, max_reward: -7.13445784049687, max_reward_batch: -12.076783966144678
2024-01-05 15:59:35,487 INFO - __main__ - graph true:
 [[0 1 0 0 0 0 0 0 0 0 0 1]
 [0 0 0 0 0 0 0 0 0 0 0 0]
 [1 0 0 0 0 0 0 0 0 0 0 0]
 [1 0 0 0 0 0 0 0 0 0 0 0]
 [0 0 0 0 0 1 0 0 0 0 0 1]
 [0 0 0 0 0 0 0 1 0 0 0 0]
 [0 0 0 0 0 0 0 0 0 0 0 0]
 [0 0 0 0 0 0 0 0 0 0 0 0]
 [0 0 0 0 0 0 0 1 0 0 0 0]
 [0 0 0 0 0 0 0 0 0 0 1 0]
 [0 0 0 0 0 0 0 0 1 0 0 0]
 [0 0 0 0 0 0 0 0 1 0 1 0]]
2024-01-05 15:59:35,488 INFO - __main__ - =====================================
2024-01-05 15:59:53,596 INFO - __main__ - [iter 7500] reward_batch: -42.42532320824504, max_reward: -7.054315863895504, max_reward_batch: -18.535584850374615
2024-01-05 15:59:53,597 INFO - __main__ - graph true:
 [[0 1 0 0 0 0 0 0 0 0 0 1]
 [0 0 0 0 0 0 0 0 0 0 0 0]
 [1 0 0 0 0 0 0 0 0 0 0 0]
 [1 0 0 0 0 0 0 0 0 0 0 0]
 [0 0 0 0 0 1 0 0 0 0 0 1]
 [0 0 0 0 0 0 0 1 0 0 0 0]
 [0 0 0 0 0 0 0 0 0 0 0 0]
 [0 0 0 0 0 0 0 0 0 0 0 0]
 [0 0 0 0 0 0 0 1 0 0 0 0]
 [0 0 0 0 0 0 0 0 0 0 1 0]
 [0 0 0 0 0 0 0 0 1 0 0 0]
 [0 0 0 0 0 0 0 0 1 0 1 0]]
2024-01-05 15:59:53,598 INFO - __main__ - =====================================
2024-01-05 16:00:13,914 INFO - __main__ - before pruning: fdr 0.8653846153846154, tpr 0.5833333333333334, fpr 0.8333333333333334, shd 41, nnz 52
2024-01-05 16:00:13,915 INFO - __main__ - after  pruning: fdr 0.5454545454545454, tpr 0.4166666666666667, fpr 0.1111111111111111, shd 12, nnz 11
2024-01-05 16:00:13,951 INFO - __main__ - [iter 8000] reward_batch: -27.55771353820694, max_reward: -7.054315863895504, max_reward_batch: -20.866096184636994
2024-01-05 16:00:13,952 INFO - __main__ - graph true:
 [[0 1 0 0 0 0 0 0 0 0 0 1]
 [0 0 0 0 0 0 0 0 0 0 0 0]
 [1 0 0 0 0 0 0 0 0 0 0 0]
 [1 0 0 0 0 0 0 0 0 0 0 0]
 [0 0 0 0 0 1 0 0 0 0 0 1]
 [0 0 0 0 0 0 0 1 0 0 0 0]
 [0 0 0 0 0 0 0 0 0 0 0 0]
 [0 0 0 0 0 0 0 0 0 0 0 0]
 [0 0 0 0 0 0 0 1 0 0 0 0]
 [0 0 0 0 0 0 0 0 0 0 1 0]
 [0 0 0 0 0 0 0 0 1 0 0 0]
 [0 0 0 0 0 0 0 0 1 0 1 0]]
2024-01-05 16:00:13,953 INFO - __main__ - =====================================
2024-01-05 16:00:32,569 INFO - __main__ - [iter 8500] reward_batch: -15.649640613866339, max_reward: -7.054315863895504, max_reward_batch: -8.847348929946966
2024-01-05 16:00:32,570 INFO - __main__ - graph true:
 [[0 1 0 0 0 0 0 0 0 0 0 1]
 [0 0 0 0 0 0 0 0 0 0 0 0]
 [1 0 0 0 0 0 0 0 0 0 0 0]
 [1 0 0 0 0 0 0 0 0 0 0 0]
 [0 0 0 0 0 1 0 0 0 0 0 1]
 [0 0 0 0 0 0 0 1 0 0 0 0]
 [0 0 0 0 0 0 0 0 0 0 0 0]
 [0 0 0 0 0 0 0 0 0 0 0 0]
 [0 0 0 0 0 0 0 1 0 0 0 0]
 [0 0 0 0 0 0 0 0 0 0 1 0]
 [0 0 0 0 0 0 0 0 1 0 0 0]
 [0 0 0 0 0 0 0 0 1 0 1 0]]
2024-01-05 16:00:32,571 INFO - __main__ - =====================================
2024-01-05 16:00:54,039 INFO - __main__ - before pruning: fdr 0.8653846153846154, tpr 0.5833333333333334, fpr 0.8333333333333334, shd 41, nnz 52
2024-01-05 16:00:54,040 INFO - __main__ - after  pruning: fdr 0.5454545454545454, tpr 0.4166666666666667, fpr 0.1111111111111111, shd 12, nnz 11
2024-01-05 16:00:54,079 INFO - __main__ - [iter 9000] reward_batch: -12.764216851455267, max_reward: -7.054315863895504, max_reward_batch: -9.76317020958875
2024-01-05 16:00:54,080 INFO - __main__ - graph true:
 [[0 1 0 0 0 0 0 0 0 0 0 1]
 [0 0 0 0 0 0 0 0 0 0 0 0]
 [1 0 0 0 0 0 0 0 0 0 0 0]
 [1 0 0 0 0 0 0 0 0 0 0 0]
 [0 0 0 0 0 1 0 0 0 0 0 1]
 [0 0 0 0 0 0 0 1 0 0 0 0]
 [0 0 0 0 0 0 0 0 0 0 0 0]
 [0 0 0 0 0 0 0 0 0 0 0 0]
 [0 0 0 0 0 0 0 1 0 0 0 0]
 [0 0 0 0 0 0 0 0 0 0 1 0]
 [0 0 0 0 0 0 0 0 1 0 0 0]
 [0 0 0 0 0 0 0 0 1 0 1 0]]
2024-01-05 16:00:54,081 INFO - __main__ - =====================================
2024-01-05 16:01:11,879 INFO - __main__ - [iter 9500] reward_batch: -10.338162160052402, max_reward: -7.054315863895504, max_reward_batch: -9.488643150566652
2024-01-05 16:01:11,879 INFO - __main__ - graph true:
 [[0 1 0 0 0 0 0 0 0 0 0 1]
 [0 0 0 0 0 0 0 0 0 0 0 0]
 [1 0 0 0 0 0 0 0 0 0 0 0]
 [1 0 0 0 0 0 0 0 0 0 0 0]
 [0 0 0 0 0 1 0 0 0 0 0 1]
 [0 0 0 0 0 0 0 1 0 0 0 0]
 [0 0 0 0 0 0 0 0 0 0 0 0]
 [0 0 0 0 0 0 0 0 0 0 0 0]
 [0 0 0 0 0 0 0 1 0 0 0 0]
 [0 0 0 0 0 0 0 0 0 0 1 0]
 [0 0 0 0 0 0 0 0 1 0 0 0]
 [0 0 0 0 0 0 0 0 1 0 1 0]]
2024-01-05 16:01:11,880 INFO - __main__ - =====================================
2024-01-05 16:01:32,942 INFO - __main__ - before pruning: fdr 0.8653846153846154, tpr 0.5833333333333334, fpr 0.8333333333333334, shd 41, nnz 52
2024-01-05 16:01:32,942 INFO - __main__ - after  pruning: fdr 0.5454545454545454, tpr 0.4166666666666667, fpr 0.1111111111111111, shd 12, nnz 11
2024-01-05 16:01:32,977 INFO - __main__ - [iter 10000] reward_batch: -14.30379700578521, max_reward: -7.054315863895504, max_reward_batch: -9.829412912240088
2024-01-05 16:01:32,977 INFO - __main__ - graph true:
 [[0 1 0 0 0 0 0 0 0 0 0 1]
 [0 0 0 0 0 0 0 0 0 0 0 0]
 [1 0 0 0 0 0 0 0 0 0 0 0]
 [1 0 0 0 0 0 0 0 0 0 0 0]
 [0 0 0 0 0 1 0 0 0 0 0 1]
 [0 0 0 0 0 0 0 1 0 0 0 0]
 [0 0 0 0 0 0 0 0 0 0 0 0]
 [0 0 0 0 0 0 0 0 0 0 0 0]
 [0 0 0 0 0 0 0 1 0 0 0 0]
 [0 0 0 0 0 0 0 0 0 0 1 0]
 [0 0 0 0 0 0 0 0 1 0 0 0]
 [0 0 0 0 0 0 0 0 1 0 1 0]]
2024-01-05 16:01:32,978 INFO - __main__ - =====================================
